                                      1 ;--------------------------------------------------------
                                      2 ; File Created by SDCC : free open source ISO C Compiler 
                                      3 ; Version 4.2.2 #13350 (Linux)
                                      4 ;--------------------------------------------------------
                                      5 	.module dng_wip
                                      6 	.optsdcc -msm83
                                      7 	
                                      8 ;--------------------------------------------------------
                                      9 ; Public variables in this module
                                     10 ;--------------------------------------------------------
                                     11 	.globl _dng_tileset
                                     12 ;--------------------------------------------------------
                                     13 ; special function registers
                                     14 ;--------------------------------------------------------
                                     15 ;--------------------------------------------------------
                                     16 ; ram data
                                     17 ;--------------------------------------------------------
                                     18 	.area _DATA
                                     19 ;--------------------------------------------------------
                                     20 ; ram data
                                     21 ;--------------------------------------------------------
                                     22 	.area _INITIALIZED
                                     23 ;--------------------------------------------------------
                                     24 ; absolute external ram data
                                     25 ;--------------------------------------------------------
                                     26 	.area _DABS (ABS)
                                     27 ;--------------------------------------------------------
                                     28 ; global & static initialisations
                                     29 ;--------------------------------------------------------
                                     30 	.area _HOME
                                     31 	.area _GSINIT
                                     32 	.area _GSFINAL
                                     33 	.area _GSINIT
                                     34 ;--------------------------------------------------------
                                     35 ; Home
                                     36 ;--------------------------------------------------------
                                     37 	.area _HOME
                                     38 	.area _HOME
                                     39 ;--------------------------------------------------------
                                     40 ; code
                                     41 ;--------------------------------------------------------
                                     42 	.area _CODE
                                     43 	.area _CODE
      000000                         44 _dng_tileset:
      000000 00                      45 	.db #0x00	; 0
      000001 00                      46 	.db #0x00	; 0
      000002 00                      47 	.db #0x00	; 0
      000003 00                      48 	.db #0x00	; 0
      000004 00                      49 	.db #0x00	; 0
      000005 00                      50 	.db #0x00	; 0
      000006 00                      51 	.db #0x00	; 0
      000007 00                      52 	.db #0x00	; 0
      000008 00                      53 	.db #0x00	; 0
      000009 00                      54 	.db #0x00	; 0
      00000A 00                      55 	.db #0x00	; 0
      00000B 00                      56 	.db #0x00	; 0
      00000C 00                      57 	.db #0x00	; 0
      00000D 00                      58 	.db #0x00	; 0
      00000E 00                      59 	.db #0x00	; 0
      00000F 00                      60 	.db #0x00	; 0
      000010 C0                      61 	.db #0xc0	; 192
      000011 C0                      62 	.db #0xc0	; 192
      000012 30                      63 	.db #0x30	; 48	'0'
      000013 30                      64 	.db #0x30	; 48	'0'
      000014 0C                      65 	.db #0x0c	; 12
      000015 0C                      66 	.db #0x0c	; 12
      000016 03                      67 	.db #0x03	; 3
      000017 03                      68 	.db #0x03	; 3
      000018 00                      69 	.db #0x00	; 0
      000019 00                      70 	.db #0x00	; 0
      00001A 00                      71 	.db #0x00	; 0
      00001B 00                      72 	.db #0x00	; 0
      00001C 00                      73 	.db #0x00	; 0
      00001D 00                      74 	.db #0x00	; 0
      00001E 00                      75 	.db #0x00	; 0
      00001F 00                      76 	.db #0x00	; 0
      000020 00                      77 	.db #0x00	; 0
      000021 00                      78 	.db #0x00	; 0
      000022 00                      79 	.db #0x00	; 0
      000023 00                      80 	.db #0x00	; 0
      000024 00                      81 	.db #0x00	; 0
      000025 00                      82 	.db #0x00	; 0
      000026 00                      83 	.db #0x00	; 0
      000027 00                      84 	.db #0x00	; 0
      000028 C0                      85 	.db #0xc0	; 192
      000029 C0                      86 	.db #0xc0	; 192
      00002A 30                      87 	.db #0x30	; 48	'0'
      00002B 30                      88 	.db #0x30	; 48	'0'
      00002C 0C                      89 	.db #0x0c	; 12
      00002D 0C                      90 	.db #0x0c	; 12
      00002E 03                      91 	.db #0x03	; 3
      00002F 03                      92 	.db #0x03	; 3
      000030 00                      93 	.db #0x00	; 0
      000031 00                      94 	.db #0x00	; 0
      000032 00                      95 	.db #0x00	; 0
      000033 00                      96 	.db #0x00	; 0
      000034 00                      97 	.db #0x00	; 0
      000035 00                      98 	.db #0x00	; 0
      000036 00                      99 	.db #0x00	; 0
      000037 00                     100 	.db #0x00	; 0
      000038 03                     101 	.db #0x03	; 3
      000039 03                     102 	.db #0x03	; 3
      00003A 0C                     103 	.db #0x0c	; 12
      00003B 0C                     104 	.db #0x0c	; 12
      00003C 30                     105 	.db #0x30	; 48	'0'
      00003D 30                     106 	.db #0x30	; 48	'0'
      00003E C0                     107 	.db #0xc0	; 192
      00003F C0                     108 	.db #0xc0	; 192
      000040 03                     109 	.db #0x03	; 3
      000041 03                     110 	.db #0x03	; 3
      000042 0C                     111 	.db #0x0c	; 12
      000043 0C                     112 	.db #0x0c	; 12
      000044 30                     113 	.db #0x30	; 48	'0'
      000045 30                     114 	.db #0x30	; 48	'0'
      000046 C0                     115 	.db #0xc0	; 192
      000047 C0                     116 	.db #0xc0	; 192
      000048 00                     117 	.db #0x00	; 0
      000049 00                     118 	.db #0x00	; 0
      00004A 00                     119 	.db #0x00	; 0
      00004B 00                     120 	.db #0x00	; 0
      00004C 00                     121 	.db #0x00	; 0
      00004D 00                     122 	.db #0x00	; 0
      00004E 00                     123 	.db #0x00	; 0
      00004F 00                     124 	.db #0x00	; 0
      000050 C0                     125 	.db #0xc0	; 192
      000051 C0                     126 	.db #0xc0	; 192
      000052 30                     127 	.db #0x30	; 48	'0'
      000053 30                     128 	.db #0x30	; 48	'0'
      000054 0C                     129 	.db #0x0c	; 12
      000055 0C                     130 	.db #0x0c	; 12
      000056 03                     131 	.db #0x03	; 3
      000057 03                     132 	.db #0x03	; 3
      000058 01                     133 	.db #0x01	; 1
      000059 01                     134 	.db #0x01	; 1
      00005A 01                     135 	.db #0x01	; 1
      00005B 01                     136 	.db #0x01	; 1
      00005C 01                     137 	.db #0x01	; 1
      00005D 01                     138 	.db #0x01	; 1
      00005E 01                     139 	.db #0x01	; 1
      00005F 01                     140 	.db #0x01	; 1
      000060 03                     141 	.db #0x03	; 3
      000061 03                     142 	.db #0x03	; 3
      000062 0C                     143 	.db #0x0c	; 12
      000063 0C                     144 	.db #0x0c	; 12
      000064 30                     145 	.db #0x30	; 48	'0'
      000065 30                     146 	.db #0x30	; 48	'0'
      000066 C0                     147 	.db #0xc0	; 192
      000067 C0                     148 	.db #0xc0	; 192
      000068 80                     149 	.db #0x80	; 128
      000069 80                     150 	.db #0x80	; 128
      00006A 80                     151 	.db #0x80	; 128
      00006B 80                     152 	.db #0x80	; 128
      00006C 80                     153 	.db #0x80	; 128
      00006D 80                     154 	.db #0x80	; 128
      00006E 80                     155 	.db #0x80	; 128
      00006F 80                     156 	.db #0x80	; 128
      000070 01                     157 	.db #0x01	; 1
      000071 01                     158 	.db #0x01	; 1
      000072 01                     159 	.db #0x01	; 1
      000073 01                     160 	.db #0x01	; 1
      000074 01                     161 	.db #0x01	; 1
      000075 01                     162 	.db #0x01	; 1
      000076 01                     163 	.db #0x01	; 1
      000077 01                     164 	.db #0x01	; 1
      000078 01                     165 	.db #0x01	; 1
      000079 01                     166 	.db #0x01	; 1
      00007A 01                     167 	.db #0x01	; 1
      00007B 01                     168 	.db #0x01	; 1
      00007C 01                     169 	.db #0x01	; 1
      00007D 01                     170 	.db #0x01	; 1
      00007E 01                     171 	.db #0x01	; 1
      00007F 01                     172 	.db #0x01	; 1
      000080 C0                     173 	.db #0xc0	; 192
      000081 C0                     174 	.db #0xc0	; 192
      000082 B0                     175 	.db #0xb0	; 176
      000083 B0                     176 	.db #0xb0	; 176
      000084 8C                     177 	.db #0x8c	; 140
      000085 8C                     178 	.db #0x8c	; 140
      000086 83                     179 	.db #0x83	; 131
      000087 83                     180 	.db #0x83	; 131
      000088 80                     181 	.db #0x80	; 128
      000089 83                     182 	.db #0x83	; 131
      00008A 80                     183 	.db #0x80	; 128
      00008B 83                     184 	.db #0x83	; 131
      00008C 80                     185 	.db #0x80	; 128
      00008D 83                     186 	.db #0x83	; 131
      00008E 80                     187 	.db #0x80	; 128
      00008F 83                     188 	.db #0x83	; 131
      000090 00                     189 	.db #0x00	; 0
      000091 00                     190 	.db #0x00	; 0
      000092 00                     191 	.db #0x00	; 0
      000093 00                     192 	.db #0x00	; 0
      000094 00                     193 	.db #0x00	; 0
      000095 00                     194 	.db #0x00	; 0
      000096 00                     195 	.db #0x00	; 0
      000097 00                     196 	.db #0x00	; 0
      000098 C0                     197 	.db #0xc0	; 192
      000099 C0                     198 	.db #0xc0	; 192
      00009A 30                     199 	.db #0x30	; 48	'0'
      00009B F0                     200 	.db #0xf0	; 240
      00009C 0C                     201 	.db #0x0c	; 12
      00009D CC                     202 	.db #0xcc	; 204
      00009E 03                     203 	.db #0x03	; 3
      00009F C3                     204 	.db #0xc3	; 195
      0000A0 80                     205 	.db #0x80	; 128
      0000A1 80                     206 	.db #0x80	; 128
      0000A2 80                     207 	.db #0x80	; 128
      0000A3 80                     208 	.db #0x80	; 128
      0000A4 80                     209 	.db #0x80	; 128
      0000A5 80                     210 	.db #0x80	; 128
      0000A6 80                     211 	.db #0x80	; 128
      0000A7 80                     212 	.db #0x80	; 128
      0000A8 80                     213 	.db #0x80	; 128
      0000A9 80                     214 	.db #0x80	; 128
      0000AA 80                     215 	.db #0x80	; 128
      0000AB 80                     216 	.db #0x80	; 128
      0000AC 80                     217 	.db #0x80	; 128
      0000AD 80                     218 	.db #0x80	; 128
      0000AE 80                     219 	.db #0x80	; 128
      0000AF 80                     220 	.db #0x80	; 128
      0000B0 00                     221 	.db #0x00	; 0
      0000B1 00                     222 	.db #0x00	; 0
      0000B2 00                     223 	.db #0x00	; 0
      0000B3 00                     224 	.db #0x00	; 0
      0000B4 00                     225 	.db #0x00	; 0
      0000B5 00                     226 	.db #0x00	; 0
      0000B6 00                     227 	.db #0x00	; 0
      0000B7 00                     228 	.db #0x00	; 0
      0000B8 03                     229 	.db #0x03	; 3
      0000B9 03                     230 	.db #0x03	; 3
      0000BA 0C                     231 	.db #0x0c	; 12
      0000BB 0F                     232 	.db #0x0f	; 15
      0000BC 30                     233 	.db #0x30	; 48	'0'
      0000BD 33                     234 	.db #0x33	; 51	'3'
      0000BE C0                     235 	.db #0xc0	; 192
      0000BF C3                     236 	.db #0xc3	; 195
      0000C0 03                     237 	.db #0x03	; 3
      0000C1 03                     238 	.db #0x03	; 3
      0000C2 0D                     239 	.db #0x0d	; 13
      0000C3 0D                     240 	.db #0x0d	; 13
      0000C4 31                     241 	.db #0x31	; 49	'1'
      0000C5 31                     242 	.db #0x31	; 49	'1'
      0000C6 C1                     243 	.db #0xc1	; 193
      0000C7 C1                     244 	.db #0xc1	; 193
      0000C8 01                     245 	.db #0x01	; 1
      0000C9 C1                     246 	.db #0xc1	; 193
      0000CA 01                     247 	.db #0x01	; 1
      0000CB C1                     248 	.db #0xc1	; 193
      0000CC 01                     249 	.db #0x01	; 1
      0000CD C1                     250 	.db #0xc1	; 193
      0000CE 01                     251 	.db #0x01	; 1
      0000CF C1                     252 	.db #0xc1	; 193
      0000D0 80                     253 	.db #0x80	; 128
      0000D1 83                     254 	.db #0x83	; 131
      0000D2 80                     255 	.db #0x80	; 128
      0000D3 83                     256 	.db #0x83	; 131
      0000D4 80                     257 	.db #0x80	; 128
      0000D5 83                     258 	.db #0x83	; 131
      0000D6 80                     259 	.db #0x80	; 128
      0000D7 83                     260 	.db #0x83	; 131
      0000D8 80                     261 	.db #0x80	; 128
      0000D9 83                     262 	.db #0x83	; 131
      0000DA 80                     263 	.db #0x80	; 128
      0000DB 83                     264 	.db #0x83	; 131
      0000DC 80                     265 	.db #0x80	; 128
      0000DD 83                     266 	.db #0x83	; 131
      0000DE 80                     267 	.db #0x80	; 128
      0000DF 83                     268 	.db #0x83	; 131
      0000E0 01                     269 	.db #0x01	; 1
      0000E1 C1                     270 	.db #0xc1	; 193
      0000E2 01                     271 	.db #0x01	; 1
      0000E3 C1                     272 	.db #0xc1	; 193
      0000E4 01                     273 	.db #0x01	; 1
      0000E5 C1                     274 	.db #0xc1	; 193
      0000E6 01                     275 	.db #0x01	; 1
      0000E7 C1                     276 	.db #0xc1	; 193
      0000E8 01                     277 	.db #0x01	; 1
      0000E9 C1                     278 	.db #0xc1	; 193
      0000EA 01                     279 	.db #0x01	; 1
      0000EB C1                     280 	.db #0xc1	; 193
      0000EC 01                     281 	.db #0x01	; 1
      0000ED C1                     282 	.db #0xc1	; 193
      0000EE 01                     283 	.db #0x01	; 1
      0000EF C1                     284 	.db #0xc1	; 193
      0000F0 0C                     285 	.db #0x0c	; 12
      0000F1 0C                     286 	.db #0x0c	; 12
      0000F2 0B                     287 	.db #0x0b	; 11
      0000F3 0B                     288 	.db #0x0b	; 11
      0000F4 08                     289 	.db #0x08	; 8
      0000F5 09                     290 	.db #0x09	; 9
      0000F6 08                     291 	.db #0x08	; 8
      0000F7 09                     292 	.db #0x09	; 9
      0000F8 08                     293 	.db #0x08	; 8
      0000F9 09                     294 	.db #0x09	; 9
      0000FA 08                     295 	.db #0x08	; 8
      0000FB 09                     296 	.db #0x09	; 9
      0000FC 08                     297 	.db #0x08	; 8
      0000FD 09                     298 	.db #0x09	; 9
      0000FE 08                     299 	.db #0x08	; 8
      0000FF 09                     300 	.db #0x09	; 9
      000100 01                     301 	.db #0x01	; 1
      000101 01                     302 	.db #0x01	; 1
      000102 01                     303 	.db #0x01	; 1
      000103 01                     304 	.db #0x01	; 1
      000104 C1                     305 	.db #0xc1	; 193
      000105 C1                     306 	.db #0xc1	; 193
      000106 31                     307 	.db #0x31	; 49	'1'
      000107 B1                     308 	.db #0xb1	; 177
      000108 11                     309 	.db #0x11	; 17
      000109 91                     310 	.db #0x91	; 145
      00010A 11                     311 	.db #0x11	; 17
      00010B 91                     312 	.db #0x91	; 145
      00010C 11                     313 	.db #0x11	; 17
      00010D 91                     314 	.db #0x91	; 145
      00010E 11                     315 	.db #0x11	; 17
      00010F 91                     316 	.db #0x91	; 145
      000110 80                     317 	.db #0x80	; 128
      000111 80                     318 	.db #0x80	; 128
      000112 80                     319 	.db #0x80	; 128
      000113 80                     320 	.db #0x80	; 128
      000114 83                     321 	.db #0x83	; 131
      000115 83                     322 	.db #0x83	; 131
      000116 8C                     323 	.db #0x8c	; 140
      000117 8D                     324 	.db #0x8d	; 141
      000118 88                     325 	.db #0x88	; 136
      000119 89                     326 	.db #0x89	; 137
      00011A 88                     327 	.db #0x88	; 136
      00011B 89                     328 	.db #0x89	; 137
      00011C 88                     329 	.db #0x88	; 136
      00011D 89                     330 	.db #0x89	; 137
      00011E 88                     331 	.db #0x88	; 136
      00011F 89                     332 	.db #0x89	; 137
      000120 30                     333 	.db #0x30	; 48	'0'
      000121 30                     334 	.db #0x30	; 48	'0'
      000122 D0                     335 	.db #0xd0	; 208
      000123 D0                     336 	.db #0xd0	; 208
      000124 10                     337 	.db #0x10	; 16
      000125 90                     338 	.db #0x90	; 144
      000126 10                     339 	.db #0x10	; 16
      000127 90                     340 	.db #0x90	; 144
      000128 10                     341 	.db #0x10	; 16
      000129 90                     342 	.db #0x90	; 144
      00012A 10                     343 	.db #0x10	; 16
      00012B 90                     344 	.db #0x90	; 144
      00012C 10                     345 	.db #0x10	; 16
      00012D 90                     346 	.db #0x90	; 144
      00012E 10                     347 	.db #0x10	; 16
      00012F 90                     348 	.db #0x90	; 144
      000130 08                     349 	.db #0x08	; 8
      000131 09                     350 	.db #0x09	; 9
      000132 08                     351 	.db #0x08	; 8
      000133 09                     352 	.db #0x09	; 9
      000134 08                     353 	.db #0x08	; 8
      000135 09                     354 	.db #0x09	; 9
      000136 08                     355 	.db #0x08	; 8
      000137 09                     356 	.db #0x09	; 9
      000138 08                     357 	.db #0x08	; 8
      000139 09                     358 	.db #0x09	; 9
      00013A 08                     359 	.db #0x08	; 8
      00013B 09                     360 	.db #0x09	; 9
      00013C 08                     361 	.db #0x08	; 8
      00013D 09                     362 	.db #0x09	; 9
      00013E 08                     363 	.db #0x08	; 8
      00013F 09                     364 	.db #0x09	; 9
      000140 11                     365 	.db #0x11	; 17
      000141 91                     366 	.db #0x91	; 145
      000142 11                     367 	.db #0x11	; 17
      000143 91                     368 	.db #0x91	; 145
      000144 11                     369 	.db #0x11	; 17
      000145 91                     370 	.db #0x91	; 145
      000146 11                     371 	.db #0x11	; 17
      000147 91                     372 	.db #0x91	; 145
      000148 11                     373 	.db #0x11	; 17
      000149 91                     374 	.db #0x91	; 145
      00014A 11                     375 	.db #0x11	; 17
      00014B 91                     376 	.db #0x91	; 145
      00014C 11                     377 	.db #0x11	; 17
      00014D 91                     378 	.db #0x91	; 145
      00014E 11                     379 	.db #0x11	; 17
      00014F 91                     380 	.db #0x91	; 145
      000150 88                     381 	.db #0x88	; 136
      000151 89                     382 	.db #0x89	; 137
      000152 88                     383 	.db #0x88	; 136
      000153 89                     384 	.db #0x89	; 137
      000154 88                     385 	.db #0x88	; 136
      000155 89                     386 	.db #0x89	; 137
      000156 88                     387 	.db #0x88	; 136
      000157 89                     388 	.db #0x89	; 137
      000158 88                     389 	.db #0x88	; 136
      000159 89                     390 	.db #0x89	; 137
      00015A 88                     391 	.db #0x88	; 136
      00015B 89                     392 	.db #0x89	; 137
      00015C 88                     393 	.db #0x88	; 136
      00015D 89                     394 	.db #0x89	; 137
      00015E 88                     395 	.db #0x88	; 136
      00015F 89                     396 	.db #0x89	; 137
      000160 10                     397 	.db #0x10	; 16
      000161 90                     398 	.db #0x90	; 144
      000162 10                     399 	.db #0x10	; 16
      000163 90                     400 	.db #0x90	; 144
      000164 10                     401 	.db #0x10	; 16
      000165 90                     402 	.db #0x90	; 144
      000166 10                     403 	.db #0x10	; 16
      000167 90                     404 	.db #0x90	; 144
      000168 10                     405 	.db #0x10	; 16
      000169 90                     406 	.db #0x90	; 144
      00016A 10                     407 	.db #0x10	; 16
      00016B 90                     408 	.db #0x90	; 144
      00016C 10                     409 	.db #0x10	; 16
      00016D 90                     410 	.db #0x90	; 144
      00016E 10                     411 	.db #0x10	; 16
      00016F 90                     412 	.db #0x90	; 144
      000170 01                     413 	.db #0x01	; 1
      000171 01                     414 	.db #0x01	; 1
      000172 01                     415 	.db #0x01	; 1
      000173 01                     416 	.db #0x01	; 1
      000174 01                     417 	.db #0x01	; 1
      000175 01                     418 	.db #0x01	; 1
      000176 01                     419 	.db #0x01	; 1
      000177 01                     420 	.db #0x01	; 1
      000178 03                     421 	.db #0x03	; 3
      000179 03                     422 	.db #0x03	; 3
      00017A 0C                     423 	.db #0x0c	; 12
      00017B 0C                     424 	.db #0x0c	; 12
      00017C 30                     425 	.db #0x30	; 48	'0'
      00017D 30                     426 	.db #0x30	; 48	'0'
      00017E C0                     427 	.db #0xc0	; 192
      00017F C0                     428 	.db #0xc0	; 192
      000180 11                     429 	.db #0x11	; 17
      000181 91                     430 	.db #0x91	; 145
      000182 11                     431 	.db #0x11	; 17
      000183 91                     432 	.db #0x91	; 145
      000184 11                     433 	.db #0x11	; 17
      000185 91                     434 	.db #0x91	; 145
      000186 11                     435 	.db #0x11	; 17
      000187 91                     436 	.db #0x91	; 145
      000188 13                     437 	.db #0x13	; 19
      000189 93                     438 	.db #0x93	; 147
      00018A 1C                     439 	.db #0x1c	; 28
      00018B 9C                     440 	.db #0x9c	; 156
      00018C 30                     441 	.db #0x30	; 48	'0'
      00018D B0                     442 	.db #0xb0	; 176
      00018E C0                     443 	.db #0xc0	; 192
      00018F C0                     444 	.db #0xc0	; 192
      000190 88                     445 	.db #0x88	; 136
      000191 89                     446 	.db #0x89	; 137
      000192 88                     447 	.db #0x88	; 136
      000193 89                     448 	.db #0x89	; 137
      000194 88                     449 	.db #0x88	; 136
      000195 89                     450 	.db #0x89	; 137
      000196 88                     451 	.db #0x88	; 136
      000197 89                     452 	.db #0x89	; 137
      000198 C8                     453 	.db #0xc8	; 200
      000199 C9                     454 	.db #0xc9	; 201
      00019A 38                     455 	.db #0x38	; 56	'8'
      00019B 39                     456 	.db #0x39	; 57	'9'
      00019C 0C                     457 	.db #0x0c	; 12
      00019D 0D                     458 	.db #0x0d	; 13
      00019E 03                     459 	.db #0x03	; 3
      00019F 03                     460 	.db #0x03	; 3
      0001A0 80                     461 	.db #0x80	; 128
      0001A1 80                     462 	.db #0x80	; 128
      0001A2 80                     463 	.db #0x80	; 128
      0001A3 80                     464 	.db #0x80	; 128
      0001A4 80                     465 	.db #0x80	; 128
      0001A5 80                     466 	.db #0x80	; 128
      0001A6 80                     467 	.db #0x80	; 128
      0001A7 80                     468 	.db #0x80	; 128
      0001A8 C0                     469 	.db #0xc0	; 192
      0001A9 C0                     470 	.db #0xc0	; 192
      0001AA 30                     471 	.db #0x30	; 48	'0'
      0001AB 30                     472 	.db #0x30	; 48	'0'
      0001AC 0C                     473 	.db #0x0c	; 12
      0001AD 0C                     474 	.db #0x0c	; 12
      0001AE 03                     475 	.db #0x03	; 3
      0001AF 03                     476 	.db #0x03	; 3
      0001B0 0B                     477 	.db #0x0b	; 11
      0001B1 0B                     478 	.db #0x0b	; 11
      0001B2 0C                     479 	.db #0x0c	; 12
      0001B3 0C                     480 	.db #0x0c	; 12
      0001B4 30                     481 	.db #0x30	; 48	'0'
      0001B5 30                     482 	.db #0x30	; 48	'0'
      0001B6 C0                     483 	.db #0xc0	; 192
      0001B7 C0                     484 	.db #0xc0	; 192
      0001B8 00                     485 	.db #0x00	; 0
      0001B9 00                     486 	.db #0x00	; 0
      0001BA 00                     487 	.db #0x00	; 0
      0001BB 00                     488 	.db #0x00	; 0
      0001BC 00                     489 	.db #0x00	; 0
      0001BD 00                     490 	.db #0x00	; 0
      0001BE 00                     491 	.db #0x00	; 0
      0001BF 00                     492 	.db #0x00	; 0
      0001C0 D0                     493 	.db #0xd0	; 208
      0001C1 D0                     494 	.db #0xd0	; 208
      0001C2 30                     495 	.db #0x30	; 48	'0'
      0001C3 30                     496 	.db #0x30	; 48	'0'
      0001C4 0C                     497 	.db #0x0c	; 12
      0001C5 0C                     498 	.db #0x0c	; 12
      0001C6 03                     499 	.db #0x03	; 3
      0001C7 03                     500 	.db #0x03	; 3
      0001C8 00                     501 	.db #0x00	; 0
      0001C9 00                     502 	.db #0x00	; 0
      0001CA 00                     503 	.db #0x00	; 0
      0001CB 00                     504 	.db #0x00	; 0
      0001CC 00                     505 	.db #0x00	; 0
      0001CD 00                     506 	.db #0x00	; 0
      0001CE 00                     507 	.db #0x00	; 0
      0001CF 00                     508 	.db #0x00	; 0
      0001D0 80                     509 	.db #0x80	; 128
      0001D1 83                     510 	.db #0x83	; 131
      0001D2 80                     511 	.db #0x80	; 128
      0001D3 83                     512 	.db #0x83	; 131
      0001D4 80                     513 	.db #0x80	; 128
      0001D5 83                     514 	.db #0x83	; 131
      0001D6 80                     515 	.db #0x80	; 128
      0001D7 83                     516 	.db #0x83	; 131
      0001D8 83                     517 	.db #0x83	; 131
      0001D9 83                     518 	.db #0x83	; 131
      0001DA 8C                     519 	.db #0x8c	; 140
      0001DB 8C                     520 	.db #0x8c	; 140
      0001DC B0                     521 	.db #0xb0	; 176
      0001DD B0                     522 	.db #0xb0	; 176
      0001DE C0                     523 	.db #0xc0	; 192
      0001DF C0                     524 	.db #0xc0	; 192
      0001E0 03                     525 	.db #0x03	; 3
      0001E1 C3                     526 	.db #0xc3	; 195
      0001E2 0C                     527 	.db #0x0c	; 12
      0001E3 CC                     528 	.db #0xcc	; 204
      0001E4 30                     529 	.db #0x30	; 48	'0'
      0001E5 F0                     530 	.db #0xf0	; 240
      0001E6 C0                     531 	.db #0xc0	; 192
      0001E7 C0                     532 	.db #0xc0	; 192
      0001E8 00                     533 	.db #0x00	; 0
      0001E9 00                     534 	.db #0x00	; 0
      0001EA 00                     535 	.db #0x00	; 0
      0001EB 00                     536 	.db #0x00	; 0
      0001EC 00                     537 	.db #0x00	; 0
      0001ED 00                     538 	.db #0x00	; 0
      0001EE 00                     539 	.db #0x00	; 0
      0001EF 00                     540 	.db #0x00	; 0
      0001F0 C0                     541 	.db #0xc0	; 192
      0001F1 C3                     542 	.db #0xc3	; 195
      0001F2 30                     543 	.db #0x30	; 48	'0'
      0001F3 33                     544 	.db #0x33	; 51	'3'
      0001F4 0C                     545 	.db #0x0c	; 12
      0001F5 0F                     546 	.db #0x0f	; 15
      0001F6 03                     547 	.db #0x03	; 3
      0001F7 03                     548 	.db #0x03	; 3
      0001F8 00                     549 	.db #0x00	; 0
      0001F9 00                     550 	.db #0x00	; 0
      0001FA 00                     551 	.db #0x00	; 0
      0001FB 00                     552 	.db #0x00	; 0
      0001FC 00                     553 	.db #0x00	; 0
      0001FD 00                     554 	.db #0x00	; 0
      0001FE 00                     555 	.db #0x00	; 0
      0001FF 00                     556 	.db #0x00	; 0
      000200 01                     557 	.db #0x01	; 1
      000201 C1                     558 	.db #0xc1	; 193
      000202 01                     559 	.db #0x01	; 1
      000203 C1                     560 	.db #0xc1	; 193
      000204 01                     561 	.db #0x01	; 1
      000205 C1                     562 	.db #0xc1	; 193
      000206 01                     563 	.db #0x01	; 1
      000207 C1                     564 	.db #0xc1	; 193
      000208 C1                     565 	.db #0xc1	; 193
      000209 C1                     566 	.db #0xc1	; 193
      00020A 31                     567 	.db #0x31	; 49	'1'
      00020B 31                     568 	.db #0x31	; 49	'1'
      00020C 0D                     569 	.db #0x0d	; 13
      00020D 0D                     570 	.db #0x0d	; 13
      00020E 03                     571 	.db #0x03	; 3
      00020F 03                     572 	.db #0x03	; 3
      000210 00                     573 	.db #0x00	; 0
      000211 00                     574 	.db #0x00	; 0
      000212 00                     575 	.db #0x00	; 0
      000213 00                     576 	.db #0x00	; 0
      000214 00                     577 	.db #0x00	; 0
      000215 00                     578 	.db #0x00	; 0
      000216 00                     579 	.db #0x00	; 0
      000217 00                     580 	.db #0x00	; 0
      000218 FF                     581 	.db #0xff	; 255
      000219 FF                     582 	.db #0xff	; 255
      00021A 00                     583 	.db #0x00	; 0
      00021B 00                     584 	.db #0x00	; 0
      00021C 00                     585 	.db #0x00	; 0
      00021D 00                     586 	.db #0x00	; 0
      00021E 00                     587 	.db #0x00	; 0
      00021F 00                     588 	.db #0x00	; 0
      000220 00                     589 	.db #0x00	; 0
      000221 00                     590 	.db #0x00	; 0
      000222 00                     591 	.db #0x00	; 0
      000223 00                     592 	.db #0x00	; 0
      000224 00                     593 	.db #0x00	; 0
      000225 00                     594 	.db #0x00	; 0
      000226 00                     595 	.db #0x00	; 0
      000227 00                     596 	.db #0x00	; 0
      000228 FF                     597 	.db #0xff	; 255
      000229 FF                     598 	.db #0xff	; 255
      00022A 01                     599 	.db #0x01	; 1
      00022B 01                     600 	.db #0x01	; 1
      00022C 01                     601 	.db #0x01	; 1
      00022D 01                     602 	.db #0x01	; 1
      00022E 01                     603 	.db #0x01	; 1
      00022F 01                     604 	.db #0x01	; 1
      000230 00                     605 	.db #0x00	; 0
      000231 00                     606 	.db #0x00	; 0
      000232 00                     607 	.db #0x00	; 0
      000233 00                     608 	.db #0x00	; 0
      000234 00                     609 	.db #0x00	; 0
      000235 00                     610 	.db #0x00	; 0
      000236 00                     611 	.db #0x00	; 0
      000237 00                     612 	.db #0x00	; 0
      000238 FF                     613 	.db #0xff	; 255
      000239 FF                     614 	.db #0xff	; 255
      00023A 80                     615 	.db #0x80	; 128
      00023B 80                     616 	.db #0x80	; 128
      00023C 80                     617 	.db #0x80	; 128
      00023D 80                     618 	.db #0x80	; 128
      00023E 80                     619 	.db #0x80	; 128
      00023F 80                     620 	.db #0x80	; 128
      000240 FF                     621 	.db #0xff	; 255
      000241 FF                     622 	.db #0xff	; 255
      000242 01                     623 	.db #0x01	; 1
      000243 C1                     624 	.db #0xc1	; 193
      000244 01                     625 	.db #0x01	; 1
      000245 C1                     626 	.db #0xc1	; 193
      000246 01                     627 	.db #0x01	; 1
      000247 C1                     628 	.db #0xc1	; 193
      000248 01                     629 	.db #0x01	; 1
      000249 C1                     630 	.db #0xc1	; 193
      00024A 01                     631 	.db #0x01	; 1
      00024B C1                     632 	.db #0xc1	; 193
      00024C 01                     633 	.db #0x01	; 1
      00024D C1                     634 	.db #0xc1	; 193
      00024E 01                     635 	.db #0x01	; 1
      00024F C1                     636 	.db #0xc1	; 193
      000250 FF                     637 	.db #0xff	; 255
      000251 FF                     638 	.db #0xff	; 255
      000252 80                     639 	.db #0x80	; 128
      000253 83                     640 	.db #0x83	; 131
      000254 80                     641 	.db #0x80	; 128
      000255 83                     642 	.db #0x83	; 131
      000256 80                     643 	.db #0x80	; 128
      000257 83                     644 	.db #0x83	; 131
      000258 80                     645 	.db #0x80	; 128
      000259 83                     646 	.db #0x83	; 131
      00025A 80                     647 	.db #0x80	; 128
      00025B 83                     648 	.db #0x83	; 131
      00025C 80                     649 	.db #0x80	; 128
      00025D 83                     650 	.db #0x83	; 131
      00025E 80                     651 	.db #0x80	; 128
      00025F 83                     652 	.db #0x83	; 131
      000260 00                     653 	.db #0x00	; 0
      000261 00                     654 	.db #0x00	; 0
      000262 00                     655 	.db #0x00	; 0
      000263 00                     656 	.db #0x00	; 0
      000264 00                     657 	.db #0x00	; 0
      000265 00                     658 	.db #0x00	; 0
      000266 FF                     659 	.db #0xff	; 255
      000267 FF                     660 	.db #0xff	; 255
      000268 00                     661 	.db #0x00	; 0
      000269 00                     662 	.db #0x00	; 0
      00026A 00                     663 	.db #0x00	; 0
      00026B 00                     664 	.db #0x00	; 0
      00026C 00                     665 	.db #0x00	; 0
      00026D 00                     666 	.db #0x00	; 0
      00026E 00                     667 	.db #0x00	; 0
      00026F 00                     668 	.db #0x00	; 0
      000270 01                     669 	.db #0x01	; 1
      000271 01                     670 	.db #0x01	; 1
      000272 01                     671 	.db #0x01	; 1
      000273 01                     672 	.db #0x01	; 1
      000274 01                     673 	.db #0x01	; 1
      000275 01                     674 	.db #0x01	; 1
      000276 FF                     675 	.db #0xff	; 255
      000277 FF                     676 	.db #0xff	; 255
      000278 00                     677 	.db #0x00	; 0
      000279 00                     678 	.db #0x00	; 0
      00027A 00                     679 	.db #0x00	; 0
      00027B 00                     680 	.db #0x00	; 0
      00027C 00                     681 	.db #0x00	; 0
      00027D 00                     682 	.db #0x00	; 0
      00027E 00                     683 	.db #0x00	; 0
      00027F 00                     684 	.db #0x00	; 0
      000280 01                     685 	.db #0x01	; 1
      000281 C1                     686 	.db #0xc1	; 193
      000282 01                     687 	.db #0x01	; 1
      000283 C1                     688 	.db #0xc1	; 193
      000284 01                     689 	.db #0x01	; 1
      000285 C1                     690 	.db #0xc1	; 193
      000286 FF                     691 	.db #0xff	; 255
      000287 FF                     692 	.db #0xff	; 255
      000288 00                     693 	.db #0x00	; 0
      000289 00                     694 	.db #0x00	; 0
      00028A 00                     695 	.db #0x00	; 0
      00028B 00                     696 	.db #0x00	; 0
      00028C 00                     697 	.db #0x00	; 0
      00028D 00                     698 	.db #0x00	; 0
      00028E 00                     699 	.db #0x00	; 0
      00028F 00                     700 	.db #0x00	; 0
      000290 80                     701 	.db #0x80	; 128
      000291 80                     702 	.db #0x80	; 128
      000292 80                     703 	.db #0x80	; 128
      000293 80                     704 	.db #0x80	; 128
      000294 80                     705 	.db #0x80	; 128
      000295 80                     706 	.db #0x80	; 128
      000296 FF                     707 	.db #0xff	; 255
      000297 FF                     708 	.db #0xff	; 255
      000298 00                     709 	.db #0x00	; 0
      000299 00                     710 	.db #0x00	; 0
      00029A 00                     711 	.db #0x00	; 0
      00029B 00                     712 	.db #0x00	; 0
      00029C 00                     713 	.db #0x00	; 0
      00029D 00                     714 	.db #0x00	; 0
      00029E 00                     715 	.db #0x00	; 0
      00029F 00                     716 	.db #0x00	; 0
      0002A0 80                     717 	.db #0x80	; 128
      0002A1 83                     718 	.db #0x83	; 131
      0002A2 80                     719 	.db #0x80	; 128
      0002A3 83                     720 	.db #0x83	; 131
      0002A4 80                     721 	.db #0x80	; 128
      0002A5 83                     722 	.db #0x83	; 131
      0002A6 FF                     723 	.db #0xff	; 255
      0002A7 FF                     724 	.db #0xff	; 255
      0002A8 00                     725 	.db #0x00	; 0
      0002A9 00                     726 	.db #0x00	; 0
      0002AA 00                     727 	.db #0x00	; 0
      0002AB 00                     728 	.db #0x00	; 0
      0002AC 00                     729 	.db #0x00	; 0
      0002AD 00                     730 	.db #0x00	; 0
      0002AE 00                     731 	.db #0x00	; 0
      0002AF 00                     732 	.db #0x00	; 0
      0002B0 00                     733 	.db #0x00	; 0
      0002B1 00                     734 	.db #0x00	; 0
      0002B2 00                     735 	.db #0x00	; 0
      0002B3 00                     736 	.db #0x00	; 0
      0002B4 FF                     737 	.db #0xff	; 255
      0002B5 FF                     738 	.db #0xff	; 255
      0002B6 80                     739 	.db #0x80	; 128
      0002B7 83                     740 	.db #0x83	; 131
      0002B8 80                     741 	.db #0x80	; 128
      0002B9 83                     742 	.db #0x83	; 131
      0002BA 80                     743 	.db #0x80	; 128
      0002BB 83                     744 	.db #0x83	; 131
      0002BC 80                     745 	.db #0x80	; 128
      0002BD 83                     746 	.db #0x83	; 131
      0002BE 80                     747 	.db #0x80	; 128
      0002BF 83                     748 	.db #0x83	; 131
      0002C0 00                     749 	.db #0x00	; 0
      0002C1 00                     750 	.db #0x00	; 0
      0002C2 00                     751 	.db #0x00	; 0
      0002C3 00                     752 	.db #0x00	; 0
      0002C4 FF                     753 	.db #0xff	; 255
      0002C5 FF                     754 	.db #0xff	; 255
      0002C6 01                     755 	.db #0x01	; 1
      0002C7 C1                     756 	.db #0xc1	; 193
      0002C8 01                     757 	.db #0x01	; 1
      0002C9 C1                     758 	.db #0xc1	; 193
      0002CA 01                     759 	.db #0x01	; 1
      0002CB C1                     760 	.db #0xc1	; 193
      0002CC 01                     761 	.db #0x01	; 1
      0002CD C1                     762 	.db #0xc1	; 193
      0002CE 01                     763 	.db #0x01	; 1
      0002CF C1                     764 	.db #0xc1	; 193
      0002D0 01                     765 	.db #0x01	; 1
      0002D1 01                     766 	.db #0x01	; 1
      0002D2 01                     767 	.db #0x01	; 1
      0002D3 01                     768 	.db #0x01	; 1
      0002D4 21                     769 	.db #0x21	; 33
      0002D5 21                     770 	.db #0x21	; 33
      0002D6 39                     771 	.db #0x39	; 57	'9'
      0002D7 39                     772 	.db #0x39	; 57	'9'
      0002D8 25                     773 	.db #0x25	; 37
      0002D9 3D                     774 	.db #0x3d	; 61
      0002DA 25                     775 	.db #0x25	; 37
      0002DB 3D                     776 	.db #0x3d	; 61
      0002DC 25                     777 	.db #0x25	; 37
      0002DD 3D                     778 	.db #0x3d	; 61
      0002DE 25                     779 	.db #0x25	; 37
      0002DF 3D                     780 	.db #0x3d	; 61
      0002E0 80                     781 	.db #0x80	; 128
      0002E1 80                     782 	.db #0x80	; 128
      0002E2 80                     783 	.db #0x80	; 128
      0002E3 80                     784 	.db #0x80	; 128
      0002E4 84                     785 	.db #0x84	; 132
      0002E5 84                     786 	.db #0x84	; 132
      0002E6 9C                     787 	.db #0x9c	; 156
      0002E7 9C                     788 	.db #0x9c	; 156
      0002E8 A4                     789 	.db #0xa4	; 164
      0002E9 BC                     790 	.db #0xbc	; 188
      0002EA A4                     791 	.db #0xa4	; 164
      0002EB BC                     792 	.db #0xbc	; 188
      0002EC A4                     793 	.db #0xa4	; 164
      0002ED BC                     794 	.db #0xbc	; 188
      0002EE A4                     795 	.db #0xa4	; 164
      0002EF BC                     796 	.db #0xbc	; 188
      0002F0 25                     797 	.db #0x25	; 37
      0002F1 3D                     798 	.db #0x3d	; 61
      0002F2 25                     799 	.db #0x25	; 37
      0002F3 3D                     800 	.db #0x3d	; 61
      0002F4 25                     801 	.db #0x25	; 37
      0002F5 3D                     802 	.db #0x3d	; 61
      0002F6 25                     803 	.db #0x25	; 37
      0002F7 3D                     804 	.db #0x3d	; 61
      0002F8 25                     805 	.db #0x25	; 37
      0002F9 3D                     806 	.db #0x3d	; 61
      0002FA 25                     807 	.db #0x25	; 37
      0002FB 3D                     808 	.db #0x3d	; 61
      0002FC 25                     809 	.db #0x25	; 37
      0002FD 3D                     810 	.db #0x3d	; 61
      0002FE 25                     811 	.db #0x25	; 37
      0002FF 3D                     812 	.db #0x3d	; 61
      000300 A4                     813 	.db #0xa4	; 164
      000301 BC                     814 	.db #0xbc	; 188
      000302 A4                     815 	.db #0xa4	; 164
      000303 BC                     816 	.db #0xbc	; 188
      000304 A4                     817 	.db #0xa4	; 164
      000305 BC                     818 	.db #0xbc	; 188
      000306 A4                     819 	.db #0xa4	; 164
      000307 BC                     820 	.db #0xbc	; 188
      000308 A4                     821 	.db #0xa4	; 164
      000309 BC                     822 	.db #0xbc	; 188
      00030A A4                     823 	.db #0xa4	; 164
      00030B BC                     824 	.db #0xbc	; 188
      00030C A4                     825 	.db #0xa4	; 164
      00030D BC                     826 	.db #0xbc	; 188
      00030E A4                     827 	.db #0xa4	; 164
      00030F BC                     828 	.db #0xbc	; 188
      000310 27                     829 	.db #0x27	; 39
      000311 3F                     830 	.db #0x3f	; 63
      000312 2C                     831 	.db #0x2c	; 44
      000313 3C                     832 	.db #0x3c	; 60
      000314 30                     833 	.db #0x30	; 48	'0'
      000315 30                     834 	.db #0x30	; 48	'0'
      000316 C0                     835 	.db #0xc0	; 192
      000317 C0                     836 	.db #0xc0	; 192
      000318 00                     837 	.db #0x00	; 0
      000319 00                     838 	.db #0x00	; 0
      00031A 00                     839 	.db #0x00	; 0
      00031B 00                     840 	.db #0x00	; 0
      00031C 00                     841 	.db #0x00	; 0
      00031D 00                     842 	.db #0x00	; 0
      00031E 00                     843 	.db #0x00	; 0
      00031F 00                     844 	.db #0x00	; 0
      000320 E4                     845 	.db #0xe4	; 228
      000321 FC                     846 	.db #0xfc	; 252
      000322 34                     847 	.db #0x34	; 52	'4'
      000323 3C                     848 	.db #0x3c	; 60
      000324 0C                     849 	.db #0x0c	; 12
      000325 0C                     850 	.db #0x0c	; 12
      000326 03                     851 	.db #0x03	; 3
      000327 03                     852 	.db #0x03	; 3
      000328 00                     853 	.db #0x00	; 0
      000329 00                     854 	.db #0x00	; 0
      00032A 00                     855 	.db #0x00	; 0
      00032B 00                     856 	.db #0x00	; 0
      00032C 00                     857 	.db #0x00	; 0
      00032D 00                     858 	.db #0x00	; 0
      00032E 00                     859 	.db #0x00	; 0
      00032F 00                     860 	.db #0x00	; 0
      000330 FF                     861 	.db #0xff	; 255
      000331 FF                     862 	.db #0xff	; 255
      000332 00                     863 	.db #0x00	; 0
      000333 00                     864 	.db #0x00	; 0
      000334 00                     865 	.db #0x00	; 0
      000335 00                     866 	.db #0x00	; 0
      000336 00                     867 	.db #0x00	; 0
      000337 00                     868 	.db #0x00	; 0
      000338 00                     869 	.db #0x00	; 0
      000339 00                     870 	.db #0x00	; 0
      00033A 00                     871 	.db #0x00	; 0
      00033B 00                     872 	.db #0x00	; 0
      00033C 00                     873 	.db #0x00	; 0
      00033D 00                     874 	.db #0x00	; 0
      00033E 00                     875 	.db #0x00	; 0
      00033F 00                     876 	.db #0x00	; 0
      000340 FF                     877 	.db #0xff	; 255
      000341 FF                     878 	.db #0xff	; 255
      000342 01                     879 	.db #0x01	; 1
      000343 01                     880 	.db #0x01	; 1
      000344 01                     881 	.db #0x01	; 1
      000345 01                     882 	.db #0x01	; 1
      000346 01                     883 	.db #0x01	; 1
      000347 01                     884 	.db #0x01	; 1
      000348 01                     885 	.db #0x01	; 1
      000349 01                     886 	.db #0x01	; 1
      00034A 01                     887 	.db #0x01	; 1
      00034B 01                     888 	.db #0x01	; 1
      00034C 01                     889 	.db #0x01	; 1
      00034D 01                     890 	.db #0x01	; 1
      00034E 01                     891 	.db #0x01	; 1
      00034F 01                     892 	.db #0x01	; 1
      000350 FF                     893 	.db #0xff	; 255
      000351 FF                     894 	.db #0xff	; 255
      000352 00                     895 	.db #0x00	; 0
      000353 00                     896 	.db #0x00	; 0
      000354 00                     897 	.db #0x00	; 0
      000355 00                     898 	.db #0x00	; 0
      000356 00                     899 	.db #0x00	; 0
      000357 00                     900 	.db #0x00	; 0
      000358 00                     901 	.db #0x00	; 0
      000359 00                     902 	.db #0x00	; 0
      00035A FF                     903 	.db #0xff	; 255
      00035B FF                     904 	.db #0xff	; 255
      00035C 81                     905 	.db #0x81	; 129
      00035D 99                     906 	.db #0x99	; 153
      00035E 81                     907 	.db #0x81	; 129
      00035F 99                     908 	.db #0x99	; 153
      000360 FF                     909 	.db #0xff	; 255
      000361 FF                     910 	.db #0xff	; 255
      000362 80                     911 	.db #0x80	; 128
      000363 80                     912 	.db #0x80	; 128
      000364 80                     913 	.db #0x80	; 128
      000365 80                     914 	.db #0x80	; 128
      000366 80                     915 	.db #0x80	; 128
      000367 80                     916 	.db #0x80	; 128
      000368 80                     917 	.db #0x80	; 128
      000369 80                     918 	.db #0x80	; 128
      00036A 80                     919 	.db #0x80	; 128
      00036B 80                     920 	.db #0x80	; 128
      00036C 80                     921 	.db #0x80	; 128
      00036D 80                     922 	.db #0x80	; 128
      00036E 80                     923 	.db #0x80	; 128
      00036F 80                     924 	.db #0x80	; 128
      000370 81                     925 	.db #0x81	; 129
      000371 99                     926 	.db #0x99	; 153
      000372 81                     927 	.db #0x81	; 129
      000373 99                     928 	.db #0x99	; 153
      000374 81                     929 	.db #0x81	; 129
      000375 99                     930 	.db #0x99	; 153
      000376 81                     931 	.db #0x81	; 129
      000377 99                     932 	.db #0x99	; 153
      000378 81                     933 	.db #0x81	; 129
      000379 99                     934 	.db #0x99	; 153
      00037A 81                     935 	.db #0x81	; 129
      00037B 99                     936 	.db #0x99	; 153
      00037C 81                     937 	.db #0x81	; 129
      00037D 99                     938 	.db #0x99	; 153
      00037E 81                     939 	.db #0x81	; 129
      00037F 99                     940 	.db #0x99	; 153
      000380 00                     941 	.db #0x00	; 0
      000381 00                     942 	.db #0x00	; 0
      000382 00                     943 	.db #0x00	; 0
      000383 00                     944 	.db #0x00	; 0
      000384 00                     945 	.db #0x00	; 0
      000385 00                     946 	.db #0x00	; 0
      000386 00                     947 	.db #0x00	; 0
      000387 00                     948 	.db #0x00	; 0
      000388 00                     949 	.db #0x00	; 0
      000389 00                     950 	.db #0x00	; 0
      00038A 00                     951 	.db #0x00	; 0
      00038B 00                     952 	.db #0x00	; 0
      00038C 00                     953 	.db #0x00	; 0
      00038D 00                     954 	.db #0x00	; 0
      00038E FF                     955 	.db #0xff	; 255
      00038F FF                     956 	.db #0xff	; 255
      000390 01                     957 	.db #0x01	; 1
      000391 01                     958 	.db #0x01	; 1
      000392 01                     959 	.db #0x01	; 1
      000393 01                     960 	.db #0x01	; 1
      000394 01                     961 	.db #0x01	; 1
      000395 01                     962 	.db #0x01	; 1
      000396 01                     963 	.db #0x01	; 1
      000397 01                     964 	.db #0x01	; 1
      000398 01                     965 	.db #0x01	; 1
      000399 01                     966 	.db #0x01	; 1
      00039A 01                     967 	.db #0x01	; 1
      00039B 01                     968 	.db #0x01	; 1
      00039C 01                     969 	.db #0x01	; 1
      00039D 01                     970 	.db #0x01	; 1
      00039E FF                     971 	.db #0xff	; 255
      00039F FF                     972 	.db #0xff	; 255
      0003A0 81                     973 	.db #0x81	; 129
      0003A1 99                     974 	.db #0x99	; 153
      0003A2 81                     975 	.db #0x81	; 129
      0003A3 99                     976 	.db #0x99	; 153
      0003A4 81                     977 	.db #0x81	; 129
      0003A5 99                     978 	.db #0x99	; 153
      0003A6 81                     979 	.db #0x81	; 129
      0003A7 99                     980 	.db #0x99	; 153
      0003A8 81                     981 	.db #0x81	; 129
      0003A9 99                     982 	.db #0x99	; 153
      0003AA 81                     983 	.db #0x81	; 129
      0003AB 99                     984 	.db #0x99	; 153
      0003AC 81                     985 	.db #0x81	; 129
      0003AD 99                     986 	.db #0x99	; 153
      0003AE FF                     987 	.db #0xff	; 255
      0003AF FF                     988 	.db #0xff	; 255
      0003B0 80                     989 	.db #0x80	; 128
      0003B1 80                     990 	.db #0x80	; 128
      0003B2 80                     991 	.db #0x80	; 128
      0003B3 80                     992 	.db #0x80	; 128
      0003B4 80                     993 	.db #0x80	; 128
      0003B5 80                     994 	.db #0x80	; 128
      0003B6 80                     995 	.db #0x80	; 128
      0003B7 80                     996 	.db #0x80	; 128
      0003B8 80                     997 	.db #0x80	; 128
      0003B9 80                     998 	.db #0x80	; 128
      0003BA 80                     999 	.db #0x80	; 128
      0003BB 80                    1000 	.db #0x80	; 128
      0003BC 80                    1001 	.db #0x80	; 128
      0003BD 80                    1002 	.db #0x80	; 128
      0003BE FF                    1003 	.db #0xff	; 255
      0003BF FF                    1004 	.db #0xff	; 255
      0003C0 00                    1005 	.db #0x00	; 0
      0003C1 00                    1006 	.db #0x00	; 0
      0003C2 00                    1007 	.db #0x00	; 0
      0003C3 00                    1008 	.db #0x00	; 0
      0003C4 00                    1009 	.db #0x00	; 0
      0003C5 00                    1010 	.db #0x00	; 0
      0003C6 00                    1011 	.db #0x00	; 0
      0003C7 00                    1012 	.db #0x00	; 0
      0003C8 FF                    1013 	.db #0xff	; 255
      0003C9 FF                    1014 	.db #0xff	; 255
      0003CA 00                    1015 	.db #0x00	; 0
      0003CB 07                    1016 	.db #0x07	; 7
      0003CC 00                    1017 	.db #0x00	; 0
      0003CD 07                    1018 	.db #0x07	; 7
      0003CE 00                    1019 	.db #0x00	; 0
      0003CF 07                    1020 	.db #0x07	; 7
      0003D0 00                    1021 	.db #0x00	; 0
      0003D1 00                    1022 	.db #0x00	; 0
      0003D2 00                    1023 	.db #0x00	; 0
      0003D3 00                    1024 	.db #0x00	; 0
      0003D4 00                    1025 	.db #0x00	; 0
      0003D5 00                    1026 	.db #0x00	; 0
      0003D6 00                    1027 	.db #0x00	; 0
      0003D7 00                    1028 	.db #0x00	; 0
      0003D8 FF                    1029 	.db #0xff	; 255
      0003D9 FF                    1030 	.db #0xff	; 255
      0003DA 00                    1031 	.db #0x00	; 0
      0003DB E0                    1032 	.db #0xe0	; 224
      0003DC 00                    1033 	.db #0x00	; 0
      0003DD E0                    1034 	.db #0xe0	; 224
      0003DE 00                    1035 	.db #0x00	; 0
      0003DF E0                    1036 	.db #0xe0	; 224
      0003E0 00                    1037 	.db #0x00	; 0
      0003E1 07                    1038 	.db #0x07	; 7
      0003E2 00                    1039 	.db #0x00	; 0
      0003E3 07                    1040 	.db #0x07	; 7
      0003E4 00                    1041 	.db #0x00	; 0
      0003E5 07                    1042 	.db #0x07	; 7
      0003E6 00                    1043 	.db #0x00	; 0
      0003E7 07                    1044 	.db #0x07	; 7
      0003E8 00                    1045 	.db #0x00	; 0
      0003E9 07                    1046 	.db #0x07	; 7
      0003EA 00                    1047 	.db #0x00	; 0
      0003EB 07                    1048 	.db #0x07	; 7
      0003EC 00                    1049 	.db #0x00	; 0
      0003ED 07                    1050 	.db #0x07	; 7
      0003EE 00                    1051 	.db #0x00	; 0
      0003EF 07                    1052 	.db #0x07	; 7
      0003F0 00                    1053 	.db #0x00	; 0
      0003F1 E0                    1054 	.db #0xe0	; 224
      0003F2 00                    1055 	.db #0x00	; 0
      0003F3 E0                    1056 	.db #0xe0	; 224
      0003F4 00                    1057 	.db #0x00	; 0
      0003F5 E0                    1058 	.db #0xe0	; 224
      0003F6 00                    1059 	.db #0x00	; 0
      0003F7 E0                    1060 	.db #0xe0	; 224
      0003F8 00                    1061 	.db #0x00	; 0
      0003F9 E0                    1062 	.db #0xe0	; 224
      0003FA 00                    1063 	.db #0x00	; 0
      0003FB E0                    1064 	.db #0xe0	; 224
      0003FC 00                    1065 	.db #0x00	; 0
      0003FD E0                    1066 	.db #0xe0	; 224
      0003FE 00                    1067 	.db #0x00	; 0
      0003FF E0                    1068 	.db #0xe0	; 224
      000400 00                    1069 	.db #0x00	; 0
      000401 07                    1070 	.db #0x07	; 7
      000402 00                    1071 	.db #0x00	; 0
      000403 07                    1072 	.db #0x07	; 7
      000404 00                    1073 	.db #0x00	; 0
      000405 07                    1074 	.db #0x07	; 7
      000406 FF                    1075 	.db #0xff	; 255
      000407 FF                    1076 	.db #0xff	; 255
      000408 00                    1077 	.db #0x00	; 0
      000409 00                    1078 	.db #0x00	; 0
      00040A 00                    1079 	.db #0x00	; 0
      00040B 00                    1080 	.db #0x00	; 0
      00040C 00                    1081 	.db #0x00	; 0
      00040D 00                    1082 	.db #0x00	; 0
      00040E 00                    1083 	.db #0x00	; 0
      00040F 00                    1084 	.db #0x00	; 0
      000410 00                    1085 	.db #0x00	; 0
      000411 E0                    1086 	.db #0xe0	; 224
      000412 00                    1087 	.db #0x00	; 0
      000413 E0                    1088 	.db #0xe0	; 224
      000414 00                    1089 	.db #0x00	; 0
      000415 E0                    1090 	.db #0xe0	; 224
      000416 FF                    1091 	.db #0xff	; 255
      000417 FF                    1092 	.db #0xff	; 255
      000418 00                    1093 	.db #0x00	; 0
      000419 00                    1094 	.db #0x00	; 0
      00041A 00                    1095 	.db #0x00	; 0
      00041B 00                    1096 	.db #0x00	; 0
      00041C 00                    1097 	.db #0x00	; 0
      00041D 00                    1098 	.db #0x00	; 0
      00041E 00                    1099 	.db #0x00	; 0
      00041F 00                    1100 	.db #0x00	; 0
      000420 00                    1101 	.db #0x00	; 0
      000421 00                    1102 	.db #0x00	; 0
      000422 00                    1103 	.db #0x00	; 0
      000423 00                    1104 	.db #0x00	; 0
      000424 00                    1105 	.db #0x00	; 0
      000425 00                    1106 	.db #0x00	; 0
      000426 00                    1107 	.db #0x00	; 0
      000427 00                    1108 	.db #0x00	; 0
      000428 FF                    1109 	.db #0xff	; 255
      000429 FF                    1110 	.db #0xff	; 255
      00042A 80                    1111 	.db #0x80	; 128
      00042B 83                    1112 	.db #0x83	; 131
      00042C 80                    1113 	.db #0x80	; 128
      00042D 83                    1114 	.db #0x83	; 131
      00042E 80                    1115 	.db #0x80	; 128
      00042F 83                    1116 	.db #0x83	; 131
      000430 00                    1117 	.db #0x00	; 0
      000431 00                    1118 	.db #0x00	; 0
      000432 00                    1119 	.db #0x00	; 0
      000433 00                    1120 	.db #0x00	; 0
      000434 00                    1121 	.db #0x00	; 0
      000435 00                    1122 	.db #0x00	; 0
      000436 00                    1123 	.db #0x00	; 0
      000437 00                    1124 	.db #0x00	; 0
      000438 FF                    1125 	.db #0xff	; 255
      000439 FF                    1126 	.db #0xff	; 255
      00043A 01                    1127 	.db #0x01	; 1
      00043B C1                    1128 	.db #0xc1	; 193
      00043C 01                    1129 	.db #0x01	; 1
      00043D C1                    1130 	.db #0xc1	; 193
      00043E 01                    1131 	.db #0x01	; 1
      00043F C1                    1132 	.db #0xc1	; 193
      000440 00                    1133 	.db #0x00	; 0
      000441 00                    1134 	.db #0x00	; 0
      000442 FF                    1135 	.db #0xff	; 255
      000443 FF                    1136 	.db #0xff	; 255
      000444 80                    1137 	.db #0x80	; 128
      000445 83                    1138 	.db #0x83	; 131
      000446 80                    1139 	.db #0x80	; 128
      000447 83                    1140 	.db #0x83	; 131
      000448 80                    1141 	.db #0x80	; 128
      000449 83                    1142 	.db #0x83	; 131
      00044A 80                    1143 	.db #0x80	; 128
      00044B 83                    1144 	.db #0x83	; 131
      00044C 80                    1145 	.db #0x80	; 128
      00044D 83                    1146 	.db #0x83	; 131
      00044E 80                    1147 	.db #0x80	; 128
      00044F 83                    1148 	.db #0x83	; 131
      000450 00                    1149 	.db #0x00	; 0
      000451 00                    1150 	.db #0x00	; 0
      000452 FF                    1151 	.db #0xff	; 255
      000453 FF                    1152 	.db #0xff	; 255
      000454 01                    1153 	.db #0x01	; 1
      000455 C1                    1154 	.db #0xc1	; 193
      000456 01                    1155 	.db #0x01	; 1
      000457 C1                    1156 	.db #0xc1	; 193
      000458 01                    1157 	.db #0x01	; 1
      000459 C1                    1158 	.db #0xc1	; 193
      00045A 01                    1159 	.db #0x01	; 1
      00045B C1                    1160 	.db #0xc1	; 193
      00045C 01                    1161 	.db #0x01	; 1
      00045D C1                    1162 	.db #0xc1	; 193
      00045E 01                    1163 	.db #0x01	; 1
      00045F C1                    1164 	.db #0xc1	; 193
      000460 10                    1165 	.db #0x10	; 16
      000461 11                    1166 	.db #0x11	; 17
      000462 10                    1167 	.db #0x10	; 16
      000463 11                    1168 	.db #0x11	; 17
      000464 10                    1169 	.db #0x10	; 16
      000465 11                    1170 	.db #0x11	; 17
      000466 10                    1171 	.db #0x10	; 16
      000467 11                    1172 	.db #0x11	; 17
      000468 10                    1173 	.db #0x10	; 16
      000469 11                    1174 	.db #0x11	; 17
      00046A 10                    1175 	.db #0x10	; 16
      00046B 11                    1176 	.db #0x11	; 17
      00046C 10                    1177 	.db #0x10	; 16
      00046D 11                    1178 	.db #0x11	; 17
      00046E FF                    1179 	.db #0xff	; 255
      00046F FF                    1180 	.db #0xff	; 255
      000470 08                    1181 	.db #0x08	; 8
      000471 88                    1182 	.db #0x88	; 136
      000472 08                    1183 	.db #0x08	; 8
      000473 88                    1184 	.db #0x88	; 136
      000474 08                    1185 	.db #0x08	; 8
      000475 88                    1186 	.db #0x88	; 136
      000476 08                    1187 	.db #0x08	; 8
      000477 88                    1188 	.db #0x88	; 136
      000478 08                    1189 	.db #0x08	; 8
      000479 88                    1190 	.db #0x88	; 136
      00047A 08                    1191 	.db #0x08	; 8
      00047B 88                    1192 	.db #0x88	; 136
      00047C 08                    1193 	.db #0x08	; 8
      00047D 88                    1194 	.db #0x88	; 136
      00047E FF                    1195 	.db #0xff	; 255
      00047F FF                    1196 	.db #0xff	; 255
      000480 00                    1197 	.db #0x00	; 0
      000481 00                    1198 	.db #0x00	; 0
      000482 00                    1199 	.db #0x00	; 0
      000483 00                    1200 	.db #0x00	; 0
      000484 00                    1201 	.db #0x00	; 0
      000485 00                    1202 	.db #0x00	; 0
      000486 00                    1203 	.db #0x00	; 0
      000487 00                    1204 	.db #0x00	; 0
      000488 1F                    1205 	.db #0x1f	; 31
      000489 1F                    1206 	.db #0x1f	; 31
      00048A 10                    1207 	.db #0x10	; 16
      00048B 11                    1208 	.db #0x11	; 17
      00048C 10                    1209 	.db #0x10	; 16
      00048D 11                    1210 	.db #0x11	; 17
      00048E 10                    1211 	.db #0x10	; 16
      00048F 11                    1212 	.db #0x11	; 17
      000490 00                    1213 	.db #0x00	; 0
      000491 00                    1214 	.db #0x00	; 0
      000492 00                    1215 	.db #0x00	; 0
      000493 00                    1216 	.db #0x00	; 0
      000494 00                    1217 	.db #0x00	; 0
      000495 00                    1218 	.db #0x00	; 0
      000496 00                    1219 	.db #0x00	; 0
      000497 00                    1220 	.db #0x00	; 0
      000498 F8                    1221 	.db #0xf8	; 248
      000499 F8                    1222 	.db #0xf8	; 248
      00049A 08                    1223 	.db #0x08	; 8
      00049B 88                    1224 	.db #0x88	; 136
      00049C 08                    1225 	.db #0x08	; 8
      00049D 88                    1226 	.db #0x88	; 136
      00049E 08                    1227 	.db #0x08	; 8
      00049F 88                    1228 	.db #0x88	; 136
      0004A0 FF                    1229 	.db #0xff	; 255
      0004A1 FF                    1230 	.db #0xff	; 255
      0004A2 FF                    1231 	.db #0xff	; 255
      0004A3 FF                    1232 	.db #0xff	; 255
      0004A4 FF                    1233 	.db #0xff	; 255
      0004A5 FF                    1234 	.db #0xff	; 255
      0004A6 FF                    1235 	.db #0xff	; 255
      0004A7 FF                    1236 	.db #0xff	; 255
      0004A8 FF                    1237 	.db #0xff	; 255
      0004A9 FF                    1238 	.db #0xff	; 255
      0004AA FF                    1239 	.db #0xff	; 255
      0004AB FF                    1240 	.db #0xff	; 255
      0004AC FF                    1241 	.db #0xff	; 255
      0004AD FF                    1242 	.db #0xff	; 255
      0004AE FF                    1243 	.db #0xff	; 255
      0004AF FF                    1244 	.db #0xff	; 255
                                   1245 	.area _INITIALIZER
                                   1246 	.area _CABS (ABS)
