                                      1 ;--------------------------------------------------------
                                      2 ; File Created by SDCC : free open source ISO C Compiler 
                                      3 ; Version 4.2.2 #13350 (Linux)
                                      4 ;--------------------------------------------------------
                                      5 	.module dragon_tileset
                                      6 	.optsdcc -msm83
                                      7 	
                                      8 ;--------------------------------------------------------
                                      9 ; Public variables in this module
                                     10 ;--------------------------------------------------------
                                     11 	.globl _dragon_tilemap
                                     12 	.globl _dragon_tileset
                                     13 ;--------------------------------------------------------
                                     14 ; special function registers
                                     15 ;--------------------------------------------------------
                                     16 ;--------------------------------------------------------
                                     17 ; ram data
                                     18 ;--------------------------------------------------------
                                     19 	.area _DATA
                                     20 ;--------------------------------------------------------
                                     21 ; ram data
                                     22 ;--------------------------------------------------------
                                     23 	.area _INITIALIZED
                                     24 ;--------------------------------------------------------
                                     25 ; absolute external ram data
                                     26 ;--------------------------------------------------------
                                     27 	.area _DABS (ABS)
                                     28 ;--------------------------------------------------------
                                     29 ; global & static initialisations
                                     30 ;--------------------------------------------------------
                                     31 	.area _HOME
                                     32 	.area _GSINIT
                                     33 	.area _GSFINAL
                                     34 	.area _GSINIT
                                     35 ;--------------------------------------------------------
                                     36 ; Home
                                     37 ;--------------------------------------------------------
                                     38 	.area _HOME
                                     39 	.area _HOME
                                     40 ;--------------------------------------------------------
                                     41 ; code
                                     42 ;--------------------------------------------------------
                                     43 	.area _CODE
                                     44 	.area _CODE
                           000000    45 G$dragon_tileset$0_0$0 == .
      000000                         46 _dragon_tileset:
      000000 00                      47 	.db #0x00	; 0
      000001 00                      48 	.db #0x00	; 0
      000002 F8                      49 	.db #0xf8	; 248
      000003 00                      50 	.db #0x00	; 0
      000004 7E                      51 	.db #0x7e	; 126
      000005 00                      52 	.db #0x00	; 0
      000006 0F                      53 	.db #0x0f	; 15
      000007 01                      54 	.db #0x01	; 1
      000008 03                      55 	.db #0x03	; 3
      000009 00                      56 	.db #0x00	; 0
      00000A 0F                      57 	.db #0x0f	; 15
      00000B 00                      58 	.db #0x00	; 0
      00000C 7E                      59 	.db #0x7e	; 126
      00000D 00                      60 	.db #0x00	; 0
      00000E 1E                      61 	.db #0x1e	; 30
      00000F 00                      62 	.db #0x00	; 0
      000010 00                      63 	.db #0x00	; 0
      000011 00                      64 	.db #0x00	; 0
      000012 00                      65 	.db #0x00	; 0
      000013 00                      66 	.db #0x00	; 0
      000014 00                      67 	.db #0x00	; 0
      000015 00                      68 	.db #0x00	; 0
      000016 C0                      69 	.db #0xc0	; 192
      000017 CE                      70 	.db #0xce	; 206
      000018 80                      71 	.db #0x80	; 128
      000019 1F                      72 	.db #0x1f	; 31
      00001A 00                      73 	.db #0x00	; 0
      00001B 3F                      74 	.db #0x3f	; 63
      00001C 02                      75 	.db #0x02	; 2
      00001D 7F                      76 	.db #0x7f	; 127
      00001E 77                      77 	.db #0x77	; 119	'w'
      00001F 0F                      78 	.db #0x0f	; 15
      000020 78                      79 	.db #0x78	; 120	'x'
      000021 47                      80 	.db #0x47	; 71	'G'
      000022 1C                      81 	.db #0x1c	; 28
      000023 03                      82 	.db #0x03	; 3
      000024 8C                      83 	.db #0x8c	; 140
      000025 02                      84 	.db #0x02	; 2
      000026 18                      85 	.db #0x18	; 24
      000027 06                      86 	.db #0x06	; 6
      000028 00                      87 	.db #0x00	; 0
      000029 1C                      88 	.db #0x1c	; 28
      00002A 01                      89 	.db #0x01	; 1
      00002B 00                      90 	.db #0x00	; 0
      00002C 07                      91 	.db #0x07	; 7
      00002D E0                      92 	.db #0xe0	; 224
      00002E 8F                      93 	.db #0x8f	; 143
      00002F F0                      94 	.db #0xf0	; 240
      000030 07                      95 	.db #0x07	; 7
      000031 07                      96 	.db #0x07	; 7
      000032 38                      97 	.db #0x38	; 56	'8'
      000033 3E                      98 	.db #0x3e	; 62
      000034 F8                      99 	.db #0xf8	; 248
      000035 C0                     100 	.db #0xc0	; 192
      000036 F0                     101 	.db #0xf0	; 240
      000037 00                     102 	.db #0x00	; 0
      000038 E0                     103 	.db #0xe0	; 224
      000039 00                     104 	.db #0x00	; 0
      00003A F0                     105 	.db #0xf0	; 240
      00003B 00                     106 	.db #0x00	; 0
      00003C F8                     107 	.db #0xf8	; 248
      00003D 00                     108 	.db #0x00	; 0
      00003E FE                     109 	.db #0xfe	; 254
      00003F 00                     110 	.db #0x00	; 0
      000040 FF                     111 	.db #0xff	; 255
      000041 FF                     112 	.db #0xff	; 255
      000042 FE                     113 	.db #0xfe	; 254
      000043 00                     114 	.db #0x00	; 0
      000044 C0                     115 	.db #0xc0	; 192
      000045 00                     116 	.db #0x00	; 0
      000046 E0                     117 	.db #0xe0	; 224
      000047 00                     118 	.db #0x00	; 0
      000048 F8                     119 	.db #0xf8	; 248
      000049 00                     120 	.db #0x00	; 0
      00004A 00                     121 	.db #0x00	; 0
      00004B 00                     122 	.db #0x00	; 0
      00004C 60                     123 	.db #0x60	; 96
      00004D 40                     124 	.db #0x40	; 64
      00004E 10                     125 	.db #0x10	; 16
      00004F F0                     126 	.db #0xf0	; 240
      000050 CF                     127 	.db #0xcf	; 207
      000051 B0                     128 	.db #0xb0	; 176
      000052 87                     129 	.db #0x87	; 135
      000053 00                     130 	.db #0x00	; 0
      000054 07                     131 	.db #0x07	; 7
      000055 00                     132 	.db #0x00	; 0
      000056 E3                     133 	.db #0xe3	; 227
      000057 00                     134 	.db #0x00	; 0
      000058 F3                     135 	.db #0xf3	; 243
      000059 00                     136 	.db #0x00	; 0
      00005A 83                     137 	.db #0x83	; 131
      00005B 00                     138 	.db #0x00	; 0
      00005C 03                     139 	.db #0x03	; 3
      00005D 0C                     140 	.db #0x0c	; 12
      00005E 03                     141 	.db #0x03	; 3
      00005F 1C                     142 	.db #0x1c	; 28
      000060 01                     143 	.db #0x01	; 1
      000061 3C                     144 	.db #0x3c	; 60
      000062 00                     145 	.db #0x00	; 0
      000063 38                     146 	.db #0x38	; 56	'8'
      000064 0C                     147 	.db #0x0c	; 12
      000065 10                     148 	.db #0x10	; 16
      000066 0C                     149 	.db #0x0c	; 12
      000067 00                     150 	.db #0x00	; 0
      000068 1E                     151 	.db #0x1e	; 30
      000069 00                     152 	.db #0x00	; 0
      00006A 3C                     153 	.db #0x3c	; 60
      00006B 28                     154 	.db #0x28	; 40
      00006C 00                     155 	.db #0x00	; 0
      00006D 00                     156 	.db #0x00	; 0
      00006E 00                     157 	.db #0x00	; 0
      00006F 00                     158 	.db #0x00	; 0
      000070 70                     159 	.db #0x70	; 112	'p'
      000071 D0                     160 	.db #0xd0	; 208
      000072 E0                     161 	.db #0xe0	; 224
      000073 40                     162 	.db #0x40	; 64
      000074 C0                     163 	.db #0xc0	; 192
      000075 00                     164 	.db #0x00	; 0
      000076 00                     165 	.db #0x00	; 0
      000077 00                     166 	.db #0x00	; 0
      000078 E0                     167 	.db #0xe0	; 224
      000079 00                     168 	.db #0x00	; 0
      00007A F0                     169 	.db #0xf0	; 240
      00007B 00                     170 	.db #0x00	; 0
      00007C 38                     171 	.db #0x38	; 56	'8'
      00007D 00                     172 	.db #0x00	; 0
      00007E 18                     173 	.db #0x18	; 24
      00007F 00                     174 	.db #0x00	; 0
      000080 18                     175 	.db #0x18	; 24
      000081 00                     176 	.db #0x00	; 0
      000082 38                     177 	.db #0x38	; 56	'8'
      000083 00                     178 	.db #0x00	; 0
      000084 F0                     179 	.db #0xf0	; 240
      000085 00                     180 	.db #0x00	; 0
      000086 E0                     181 	.db #0xe0	; 224
      000087 00                     182 	.db #0x00	; 0
      000088 00                     183 	.db #0x00	; 0
      000089 00                     184 	.db #0x00	; 0
      00008A 00                     185 	.db #0x00	; 0
      00008B 00                     186 	.db #0x00	; 0
      00008C 00                     187 	.db #0x00	; 0
      00008D 00                     188 	.db #0x00	; 0
      00008E 00                     189 	.db #0x00	; 0
      00008F 00                     190 	.db #0x00	; 0
      000090 00                     191 	.db #0x00	; 0
      000091 00                     192 	.db #0x00	; 0
      000092 00                     193 	.db #0x00	; 0
      000093 00                     194 	.db #0x00	; 0
      000094 00                     195 	.db #0x00	; 0
      000095 00                     196 	.db #0x00	; 0
      000096 00                     197 	.db #0x00	; 0
      000097 00                     198 	.db #0x00	; 0
      000098 00                     199 	.db #0x00	; 0
      000099 00                     200 	.db #0x00	; 0
      00009A 00                     201 	.db #0x00	; 0
      00009B 00                     202 	.db #0x00	; 0
      00009C 00                     203 	.db #0x00	; 0
      00009D 00                     204 	.db #0x00	; 0
      00009E 00                     205 	.db #0x00	; 0
      00009F 00                     206 	.db #0x00	; 0
      0000A0 00                     207 	.db #0x00	; 0
      0000A1 00                     208 	.db #0x00	; 0
      0000A2 F8                     209 	.db #0xf8	; 248
      0000A3 00                     210 	.db #0x00	; 0
      0000A4 3E                     211 	.db #0x3e	; 62
      0000A5 00                     212 	.db #0x00	; 0
      0000A6 0F                     213 	.db #0x0f	; 15
      0000A7 01                     214 	.db #0x01	; 1
      0000A8 03                     215 	.db #0x03	; 3
      0000A9 00                     216 	.db #0x00	; 0
      0000AA 0F                     217 	.db #0x0f	; 15
      0000AB 00                     218 	.db #0x00	; 0
      0000AC 7E                     219 	.db #0x7e	; 126
      0000AD 00                     220 	.db #0x00	; 0
      0000AE 1E                     221 	.db #0x1e	; 30
      0000AF 00                     222 	.db #0x00	; 0
      0000B0 00                     223 	.db #0x00	; 0
      0000B1 00                     224 	.db #0x00	; 0
      0000B2 00                     225 	.db #0x00	; 0
      0000B3 00                     226 	.db #0x00	; 0
      0000B4 00                     227 	.db #0x00	; 0
      0000B5 00                     228 	.db #0x00	; 0
      0000B6 C0                     229 	.db #0xc0	; 192
      0000B7 C0                     230 	.db #0xc0	; 192
      0000B8 80                     231 	.db #0x80	; 128
      0000B9 03                     232 	.db #0x03	; 3
      0000BA 00                     233 	.db #0x00	; 0
      0000BB 3F                     234 	.db #0x3f	; 63
      0000BC 02                     235 	.db #0x02	; 2
      0000BD 7F                     236 	.db #0x7f	; 127
      0000BE 07                     237 	.db #0x07	; 7
      0000BF 0F                     238 	.db #0x0f	; 15
      0000C0 00                     239 	.db #0x00	; 0
      0000C1 00                     240 	.db #0x00	; 0
      0000C2 00                     241 	.db #0x00	; 0
      0000C3 00                     242 	.db #0x00	; 0
      0000C4 00                     243 	.db #0x00	; 0
      0000C5 00                     244 	.db #0x00	; 0
      0000C6 0F                     245 	.db #0x0f	; 15
      0000C7 0F                     246 	.db #0x0f	; 15
      0000C8 07                     247 	.db #0x07	; 7
      0000C9 C4                     248 	.db #0xc4	; 196
      0000CA 07                     249 	.db #0x07	; 7
      0000CB 80                     250 	.db #0x80	; 128
      0000CC 03                     251 	.db #0x03	; 3
      0000CD 80                     252 	.db #0x80	; 128
      0000CE 01                     253 	.db #0x01	; 1
      0000CF C0                     254 	.db #0xc0	; 192
      0000D0 07                     255 	.db #0x07	; 7
      0000D1 07                     256 	.db #0x07	; 7
      0000D2 38                     257 	.db #0x38	; 56	'8'
      0000D3 38                     258 	.db #0x38	; 56	'8'
      0000D4 F8                     259 	.db #0xf8	; 248
      0000D5 C0                     260 	.db #0xc0	; 192
      0000D6 F0                     261 	.db #0xf0	; 240
      0000D7 00                     262 	.db #0x00	; 0
      0000D8 E0                     263 	.db #0xe0	; 224
      0000D9 00                     264 	.db #0x00	; 0
      0000DA F0                     265 	.db #0xf0	; 240
      0000DB 00                     266 	.db #0x00	; 0
      0000DC F8                     267 	.db #0xf8	; 248
      0000DD 00                     268 	.db #0x00	; 0
      0000DE FE                     269 	.db #0xfe	; 254
      0000DF 00                     270 	.db #0x00	; 0
      0000E0 06                     271 	.db #0x06	; 6
      0000E1 00                     272 	.db #0x00	; 0
      0000E2 03                     273 	.db #0x03	; 3
      0000E3 00                     274 	.db #0x00	; 0
      0000E4 0F                     275 	.db #0x0f	; 15
      0000E5 00                     276 	.db #0x00	; 0
      0000E6 3F                     277 	.db #0x3f	; 63
      0000E7 00                     278 	.db #0x00	; 0
      0000E8 00                     279 	.db #0x00	; 0
      0000E9 00                     280 	.db #0x00	; 0
      0000EA 06                     281 	.db #0x06	; 6
      0000EB 02                     282 	.db #0x02	; 2
      0000EC 08                     283 	.db #0x08	; 8
      0000ED 0F                     284 	.db #0x0f	; 15
      0000EE 0A                     285 	.db #0x0a	; 10
      0000EF 0F                     286 	.db #0x0f	; 15
      0000F0 30                     287 	.db #0x30	; 48	'0'
      0000F1 07                     288 	.db #0x07	; 7
      0000F2 1C                     289 	.db #0x1c	; 28
      0000F3 03                     290 	.db #0x03	; 3
      0000F4 88                     291 	.db #0x88	; 136
      0000F5 02                     292 	.db #0x02	; 2
      0000F6 00                     293 	.db #0x00	; 0
      0000F7 06                     294 	.db #0x06	; 6
      0000F8 00                     295 	.db #0x00	; 0
      0000F9 1C                     296 	.db #0x1c	; 28
      0000FA 01                     297 	.db #0x01	; 1
      0000FB 00                     298 	.db #0x00	; 0
      0000FC 07                     299 	.db #0x07	; 7
      0000FD E0                     300 	.db #0xe0	; 224
      0000FE 8F                     301 	.db #0x8f	; 143
      0000FF F0                     302 	.db #0xf0	; 240
      000100 03                     303 	.db #0x03	; 3
      000101 E3                     304 	.db #0xe3	; 227
      000102 07                     305 	.db #0x07	; 7
      000103 F0                     306 	.db #0xf0	; 240
      000104 0F                     307 	.db #0x0f	; 15
      000105 F0                     308 	.db #0xf0	; 240
      000106 8F                     309 	.db #0x8f	; 143
      000107 70                     310 	.db #0x70	; 112	'p'
      000108 C7                     311 	.db #0xc7	; 199
      000109 30                     312 	.db #0x30	; 48	'0'
      00010A C0                     313 	.db #0xc0	; 192
      00010B 30                     314 	.db #0x30	; 48	'0'
      00010C C0                     315 	.db #0xc0	; 192
      00010D 3E                     316 	.db #0x3e	; 62
      00010E 82                     317 	.db #0x82	; 130
      00010F 7D                     318 	.db #0x7d	; 125
      000110 FF                     319 	.db #0xff	; 255
      000111 FF                     320 	.db #0xff	; 255
      000112 FE                     321 	.db #0xfe	; 254
      000113 00                     322 	.db #0x00	; 0
      000114 C0                     323 	.db #0xc0	; 192
      000115 00                     324 	.db #0x00	; 0
      000116 E0                     325 	.db #0xe0	; 224
      000117 00                     326 	.db #0x00	; 0
      000118 F8                     327 	.db #0xf8	; 248
      000119 00                     328 	.db #0x00	; 0
      00011A 00                     329 	.db #0x00	; 0
      00011B 00                     330 	.db #0x00	; 0
      00011C 60                     331 	.db #0x60	; 96
      00011D 40                     332 	.db #0x40	; 64
      00011E 10                     333 	.db #0x10	; 16
      00011F F0                     334 	.db #0xf0	; 240
      000120 0F                     335 	.db #0x0f	; 15
      000121 02                     336 	.db #0x02	; 2
      000122 07                     337 	.db #0x07	; 7
      000123 00                     338 	.db #0x00	; 0
      000124 00                     339 	.db #0x00	; 0
      000125 00                     340 	.db #0x00	; 0
      000126 00                     341 	.db #0x00	; 0
      000127 00                     342 	.db #0x00	; 0
      000128 03                     343 	.db #0x03	; 3
      000129 00                     344 	.db #0x00	; 0
      00012A 07                     345 	.db #0x07	; 7
      00012B 00                     346 	.db #0x00	; 0
      00012C 0E                     347 	.db #0x0e	; 14
      00012D 00                     348 	.db #0x00	; 0
      00012E 0C                     349 	.db #0x0c	; 12
      00012F 00                     350 	.db #0x00	; 0
      000130 CF                     351 	.db #0xcf	; 207
      000131 B0                     352 	.db #0xb0	; 176
      000132 87                     353 	.db #0x87	; 135
      000133 00                     354 	.db #0x00	; 0
      000134 07                     355 	.db #0x07	; 7
      000135 00                     356 	.db #0x00	; 0
      000136 E3                     357 	.db #0xe3	; 227
      000137 00                     358 	.db #0x00	; 0
      000138 F3                     359 	.db #0xf3	; 243
      000139 00                     360 	.db #0x00	; 0
      00013A 83                     361 	.db #0x83	; 131
      00013B 00                     362 	.db #0x00	; 0
      00013C 03                     363 	.db #0x03	; 3
      00013D 0C                     364 	.db #0x0c	; 12
      00013E 03                     365 	.db #0x03	; 3
      00013F 1C                     366 	.db #0x1c	; 28
      000140 8F                     367 	.db #0x8f	; 143
      000141 71                     368 	.db #0x71	; 113	'q'
      000142 87                     369 	.db #0x87	; 135
      000143 71                     370 	.db #0x71	; 113	'q'
      000144 83                     371 	.db #0x83	; 131
      000145 70                     372 	.db #0x70	; 112	'p'
      000146 80                     373 	.db #0x80	; 128
      000147 70                     374 	.db #0x70	; 112	'p'
      000148 01                     375 	.db #0x01	; 1
      000149 E0                     376 	.db #0xe0	; 224
      00014A 03                     377 	.db #0x03	; 3
      00014B E0                     378 	.db #0xe0	; 224
      00014C 00                     379 	.db #0x00	; 0
      00014D F0                     380 	.db #0xf0	; 240
      00014E 80                     381 	.db #0x80	; 128
      00014F 70                     382 	.db #0x70	; 112	'p'
      000150 70                     383 	.db #0x70	; 112	'p'
      000151 D0                     384 	.db #0xd0	; 208
      000152 E0                     385 	.db #0xe0	; 224
      000153 40                     386 	.db #0x40	; 64
      000154 C0                     387 	.db #0xc0	; 192
      000155 00                     388 	.db #0x00	; 0
      000156 00                     389 	.db #0x00	; 0
      000157 00                     390 	.db #0x00	; 0
      000158 E0                     391 	.db #0xe0	; 224
      000159 00                     392 	.db #0x00	; 0
      00015A F0                     393 	.db #0xf0	; 240
      00015B 00                     394 	.db #0x00	; 0
      00015C 38                     395 	.db #0x38	; 56	'8'
      00015D 00                     396 	.db #0x00	; 0
      00015E 18                     397 	.db #0x18	; 24
      00015F 00                     398 	.db #0x00	; 0
      000160 18                     399 	.db #0x18	; 24
      000161 00                     400 	.db #0x00	; 0
      000162 18                     401 	.db #0x18	; 24
      000163 00                     402 	.db #0x00	; 0
      000164 18                     403 	.db #0x18	; 24
      000165 00                     404 	.db #0x00	; 0
      000166 0C                     405 	.db #0x0c	; 12
      000167 00                     406 	.db #0x00	; 0
      000168 00                     407 	.db #0x00	; 0
      000169 00                     408 	.db #0x00	; 0
      00016A 00                     409 	.db #0x00	; 0
      00016B 00                     410 	.db #0x00	; 0
      00016C 00                     411 	.db #0x00	; 0
      00016D 00                     412 	.db #0x00	; 0
      00016E 00                     413 	.db #0x00	; 0
      00016F 00                     414 	.db #0x00	; 0
      000170 01                     415 	.db #0x01	; 1
      000171 3C                     416 	.db #0x3c	; 60
      000172 00                     417 	.db #0x00	; 0
      000173 38                     418 	.db #0x38	; 56	'8'
      000174 0C                     419 	.db #0x0c	; 12
      000175 10                     420 	.db #0x10	; 16
      000176 0C                     421 	.db #0x0c	; 12
      000177 00                     422 	.db #0x00	; 0
      000178 1E                     423 	.db #0x1e	; 30
      000179 00                     424 	.db #0x00	; 0
      00017A 3C                     425 	.db #0x3c	; 60
      00017B 28                     426 	.db #0x28	; 40
      00017C 00                     427 	.db #0x00	; 0
      00017D 00                     428 	.db #0x00	; 0
      00017E 00                     429 	.db #0x00	; 0
      00017F 00                     430 	.db #0x00	; 0
      000180 8E                     431 	.db #0x8e	; 142
      000181 70                     432 	.db #0x70	; 112	'p'
      000182 03                     433 	.db #0x03	; 3
      000183 7C                     434 	.db #0x7c	; 124
      000184 01                     435 	.db #0x01	; 1
      000185 3E                     436 	.db #0x3e	; 62
      000186 06                     437 	.db #0x06	; 6
      000187 00                     438 	.db #0x00	; 0
      000188 1E                     439 	.db #0x1e	; 30
      000189 00                     440 	.db #0x00	; 0
      00018A 3E                     441 	.db #0x3e	; 62
      00018B 2A                     442 	.db #0x2a	; 42
      00018C 00                     443 	.db #0x00	; 0
      00018D 00                     444 	.db #0x00	; 0
      00018E 00                     445 	.db #0x00	; 0
      00018F 00                     446 	.db #0x00	; 0
      000190 18                     447 	.db #0x18	; 24
      000191 00                     448 	.db #0x00	; 0
      000192 38                     449 	.db #0x38	; 56	'8'
      000193 00                     450 	.db #0x00	; 0
      000194 F0                     451 	.db #0xf0	; 240
      000195 00                     452 	.db #0x00	; 0
      000196 E0                     453 	.db #0xe0	; 224
      000197 00                     454 	.db #0x00	; 0
      000198 00                     455 	.db #0x00	; 0
      000199 00                     456 	.db #0x00	; 0
      00019A 00                     457 	.db #0x00	; 0
      00019B 00                     458 	.db #0x00	; 0
      00019C 00                     459 	.db #0x00	; 0
      00019D 00                     460 	.db #0x00	; 0
      00019E 00                     461 	.db #0x00	; 0
      00019F 00                     462 	.db #0x00	; 0
                           0001A0   463 G$dragon_tilemap$0_0$0 == .
      0001A0                        464 _dragon_tilemap:
      0001A0 01                     465 	.db #0x01	; 1
      0001A1 02                     466 	.db #0x02	; 2
      0001A2 03                     467 	.db #0x03	; 3
      0001A3 04                     468 	.db #0x04	; 4
      0001A4 05                     469 	.db #0x05	; 5
      0001A5 06                     470 	.db #0x06	; 6
      0001A6 07                     471 	.db #0x07	; 7
      0001A7 08                     472 	.db #0x08	; 8
      0001A8 09                     473 	.db #0x09	; 9
      0001A9 0A                     474 	.db #0x0a	; 10
      0001AA 0B                     475 	.db #0x0b	; 11
      0001AB 0C                     476 	.db #0x0c	; 12
      0001AC 0D                     477 	.db #0x0d	; 13
      0001AD 0E                     478 	.db #0x0e	; 14
      0001AE 0F                     479 	.db #0x0f	; 15
      0001AF 10                     480 	.db #0x10	; 16
                                    481 	.area _INITIALIZER
                                    482 	.area _CABS (ABS)
