                                      1 ;--------------------------------------------------------
                                      2 ; File Created by SDCC : free open source ISO C Compiler 
                                      3 ; Version 4.2.2 #13350 (Linux)
                                      4 ;--------------------------------------------------------
                                      5 	.module dungeon_tileset
                                      6 	.optsdcc -msm83
                                      7 	
                                      8 ;--------------------------------------------------------
                                      9 ; Public variables in this module
                                     10 ;--------------------------------------------------------
                                     11 	.globl _dungeon_tileset
                                     12 ;--------------------------------------------------------
                                     13 ; special function registers
                                     14 ;--------------------------------------------------------
                                     15 ;--------------------------------------------------------
                                     16 ; ram data
                                     17 ;--------------------------------------------------------
                                     18 	.area _DATA
                                     19 ;--------------------------------------------------------
                                     20 ; ram data
                                     21 ;--------------------------------------------------------
                                     22 	.area _INITIALIZED
                                     23 ;--------------------------------------------------------
                                     24 ; absolute external ram data
                                     25 ;--------------------------------------------------------
                                     26 	.area _DABS (ABS)
                                     27 ;--------------------------------------------------------
                                     28 ; global & static initialisations
                                     29 ;--------------------------------------------------------
                                     30 	.area _HOME
                                     31 	.area _GSINIT
                                     32 	.area _GSFINAL
                                     33 	.area _GSINIT
                                     34 ;--------------------------------------------------------
                                     35 ; Home
                                     36 ;--------------------------------------------------------
                                     37 	.area _HOME
                                     38 	.area _HOME
                                     39 ;--------------------------------------------------------
                                     40 ; code
                                     41 ;--------------------------------------------------------
                                     42 	.area _CODE
                                     43 	.area _CODE
      000000                         44 _dungeon_tileset:
      000000 00                      45 	.db #0x00	; 0
      000001 00                      46 	.db #0x00	; 0
      000002 00                      47 	.db #0x00	; 0
      000003 00                      48 	.db #0x00	; 0
      000004 00                      49 	.db #0x00	; 0
      000005 00                      50 	.db #0x00	; 0
      000006 00                      51 	.db #0x00	; 0
      000007 00                      52 	.db #0x00	; 0
      000008 00                      53 	.db #0x00	; 0
      000009 00                      54 	.db #0x00	; 0
      00000A 00                      55 	.db #0x00	; 0
      00000B 00                      56 	.db #0x00	; 0
      00000C 00                      57 	.db #0x00	; 0
      00000D 00                      58 	.db #0x00	; 0
      00000E 00                      59 	.db #0x00	; 0
      00000F 00                      60 	.db #0x00	; 0
      000010 C0                      61 	.db #0xc0	; 192
      000011 C0                      62 	.db #0xc0	; 192
      000012 30                      63 	.db #0x30	; 48	'0'
      000013 30                      64 	.db #0x30	; 48	'0'
      000014 0C                      65 	.db #0x0c	; 12
      000015 0C                      66 	.db #0x0c	; 12
      000016 03                      67 	.db #0x03	; 3
      000017 03                      68 	.db #0x03	; 3
      000018 00                      69 	.db #0x00	; 0
      000019 00                      70 	.db #0x00	; 0
      00001A 00                      71 	.db #0x00	; 0
      00001B 00                      72 	.db #0x00	; 0
      00001C 00                      73 	.db #0x00	; 0
      00001D 00                      74 	.db #0x00	; 0
      00001E 00                      75 	.db #0x00	; 0
      00001F 00                      76 	.db #0x00	; 0
      000020 00                      77 	.db #0x00	; 0
      000021 00                      78 	.db #0x00	; 0
      000022 00                      79 	.db #0x00	; 0
      000023 00                      80 	.db #0x00	; 0
      000024 00                      81 	.db #0x00	; 0
      000025 00                      82 	.db #0x00	; 0
      000026 00                      83 	.db #0x00	; 0
      000027 00                      84 	.db #0x00	; 0
      000028 C0                      85 	.db #0xc0	; 192
      000029 C0                      86 	.db #0xc0	; 192
      00002A 30                      87 	.db #0x30	; 48	'0'
      00002B 30                      88 	.db #0x30	; 48	'0'
      00002C 0C                      89 	.db #0x0c	; 12
      00002D 0C                      90 	.db #0x0c	; 12
      00002E 03                      91 	.db #0x03	; 3
      00002F 03                      92 	.db #0x03	; 3
      000030 00                      93 	.db #0x00	; 0
      000031 00                      94 	.db #0x00	; 0
      000032 00                      95 	.db #0x00	; 0
      000033 00                      96 	.db #0x00	; 0
      000034 00                      97 	.db #0x00	; 0
      000035 00                      98 	.db #0x00	; 0
      000036 00                      99 	.db #0x00	; 0
      000037 00                     100 	.db #0x00	; 0
      000038 03                     101 	.db #0x03	; 3
      000039 03                     102 	.db #0x03	; 3
      00003A 0C                     103 	.db #0x0c	; 12
      00003B 0C                     104 	.db #0x0c	; 12
      00003C 30                     105 	.db #0x30	; 48	'0'
      00003D 30                     106 	.db #0x30	; 48	'0'
      00003E C0                     107 	.db #0xc0	; 192
      00003F C0                     108 	.db #0xc0	; 192
      000040 03                     109 	.db #0x03	; 3
      000041 03                     110 	.db #0x03	; 3
      000042 0C                     111 	.db #0x0c	; 12
      000043 0C                     112 	.db #0x0c	; 12
      000044 30                     113 	.db #0x30	; 48	'0'
      000045 30                     114 	.db #0x30	; 48	'0'
      000046 C0                     115 	.db #0xc0	; 192
      000047 C0                     116 	.db #0xc0	; 192
      000048 00                     117 	.db #0x00	; 0
      000049 00                     118 	.db #0x00	; 0
      00004A 00                     119 	.db #0x00	; 0
      00004B 00                     120 	.db #0x00	; 0
      00004C 00                     121 	.db #0x00	; 0
      00004D 00                     122 	.db #0x00	; 0
      00004E 00                     123 	.db #0x00	; 0
      00004F 00                     124 	.db #0x00	; 0
      000050 C0                     125 	.db #0xc0	; 192
      000051 C0                     126 	.db #0xc0	; 192
      000052 30                     127 	.db #0x30	; 48	'0'
      000053 30                     128 	.db #0x30	; 48	'0'
      000054 0C                     129 	.db #0x0c	; 12
      000055 0C                     130 	.db #0x0c	; 12
      000056 03                     131 	.db #0x03	; 3
      000057 03                     132 	.db #0x03	; 3
      000058 01                     133 	.db #0x01	; 1
      000059 01                     134 	.db #0x01	; 1
      00005A 01                     135 	.db #0x01	; 1
      00005B 01                     136 	.db #0x01	; 1
      00005C 01                     137 	.db #0x01	; 1
      00005D 01                     138 	.db #0x01	; 1
      00005E 01                     139 	.db #0x01	; 1
      00005F 01                     140 	.db #0x01	; 1
      000060 03                     141 	.db #0x03	; 3
      000061 03                     142 	.db #0x03	; 3
      000062 0C                     143 	.db #0x0c	; 12
      000063 0C                     144 	.db #0x0c	; 12
      000064 30                     145 	.db #0x30	; 48	'0'
      000065 30                     146 	.db #0x30	; 48	'0'
      000066 C0                     147 	.db #0xc0	; 192
      000067 C0                     148 	.db #0xc0	; 192
      000068 80                     149 	.db #0x80	; 128
      000069 80                     150 	.db #0x80	; 128
      00006A 80                     151 	.db #0x80	; 128
      00006B 80                     152 	.db #0x80	; 128
      00006C 80                     153 	.db #0x80	; 128
      00006D 80                     154 	.db #0x80	; 128
      00006E 80                     155 	.db #0x80	; 128
      00006F 80                     156 	.db #0x80	; 128
      000070 01                     157 	.db #0x01	; 1
      000071 01                     158 	.db #0x01	; 1
      000072 01                     159 	.db #0x01	; 1
      000073 01                     160 	.db #0x01	; 1
      000074 01                     161 	.db #0x01	; 1
      000075 01                     162 	.db #0x01	; 1
      000076 01                     163 	.db #0x01	; 1
      000077 01                     164 	.db #0x01	; 1
      000078 01                     165 	.db #0x01	; 1
      000079 01                     166 	.db #0x01	; 1
      00007A 01                     167 	.db #0x01	; 1
      00007B 01                     168 	.db #0x01	; 1
      00007C 01                     169 	.db #0x01	; 1
      00007D 01                     170 	.db #0x01	; 1
      00007E 01                     171 	.db #0x01	; 1
      00007F 01                     172 	.db #0x01	; 1
      000080 C0                     173 	.db #0xc0	; 192
      000081 C0                     174 	.db #0xc0	; 192
      000082 B0                     175 	.db #0xb0	; 176
      000083 B0                     176 	.db #0xb0	; 176
      000084 8C                     177 	.db #0x8c	; 140
      000085 8C                     178 	.db #0x8c	; 140
      000086 83                     179 	.db #0x83	; 131
      000087 83                     180 	.db #0x83	; 131
      000088 80                     181 	.db #0x80	; 128
      000089 83                     182 	.db #0x83	; 131
      00008A 80                     183 	.db #0x80	; 128
      00008B 83                     184 	.db #0x83	; 131
      00008C 80                     185 	.db #0x80	; 128
      00008D 83                     186 	.db #0x83	; 131
      00008E 80                     187 	.db #0x80	; 128
      00008F 83                     188 	.db #0x83	; 131
      000090 00                     189 	.db #0x00	; 0
      000091 00                     190 	.db #0x00	; 0
      000092 00                     191 	.db #0x00	; 0
      000093 00                     192 	.db #0x00	; 0
      000094 00                     193 	.db #0x00	; 0
      000095 00                     194 	.db #0x00	; 0
      000096 00                     195 	.db #0x00	; 0
      000097 00                     196 	.db #0x00	; 0
      000098 C0                     197 	.db #0xc0	; 192
      000099 C0                     198 	.db #0xc0	; 192
      00009A 70                     199 	.db #0x70	; 112	'p'
      00009B F0                     200 	.db #0xf0	; 240
      00009C 0C                     201 	.db #0x0c	; 12
      00009D CC                     202 	.db #0xcc	; 204
      00009E 03                     203 	.db #0x03	; 3
      00009F C3                     204 	.db #0xc3	; 195
      0000A0 80                     205 	.db #0x80	; 128
      0000A1 80                     206 	.db #0x80	; 128
      0000A2 80                     207 	.db #0x80	; 128
      0000A3 80                     208 	.db #0x80	; 128
      0000A4 80                     209 	.db #0x80	; 128
      0000A5 80                     210 	.db #0x80	; 128
      0000A6 80                     211 	.db #0x80	; 128
      0000A7 80                     212 	.db #0x80	; 128
      0000A8 80                     213 	.db #0x80	; 128
      0000A9 80                     214 	.db #0x80	; 128
      0000AA 80                     215 	.db #0x80	; 128
      0000AB 80                     216 	.db #0x80	; 128
      0000AC 80                     217 	.db #0x80	; 128
      0000AD 80                     218 	.db #0x80	; 128
      0000AE 80                     219 	.db #0x80	; 128
      0000AF 80                     220 	.db #0x80	; 128
      0000B0 00                     221 	.db #0x00	; 0
      0000B1 00                     222 	.db #0x00	; 0
      0000B2 00                     223 	.db #0x00	; 0
      0000B3 00                     224 	.db #0x00	; 0
      0000B4 00                     225 	.db #0x00	; 0
      0000B5 00                     226 	.db #0x00	; 0
      0000B6 00                     227 	.db #0x00	; 0
      0000B7 00                     228 	.db #0x00	; 0
      0000B8 03                     229 	.db #0x03	; 3
      0000B9 03                     230 	.db #0x03	; 3
      0000BA 0C                     231 	.db #0x0c	; 12
      0000BB 0F                     232 	.db #0x0f	; 15
      0000BC 30                     233 	.db #0x30	; 48	'0'
      0000BD 33                     234 	.db #0x33	; 51	'3'
      0000BE C0                     235 	.db #0xc0	; 192
      0000BF C3                     236 	.db #0xc3	; 195
      0000C0 03                     237 	.db #0x03	; 3
      0000C1 03                     238 	.db #0x03	; 3
      0000C2 0D                     239 	.db #0x0d	; 13
      0000C3 0D                     240 	.db #0x0d	; 13
      0000C4 31                     241 	.db #0x31	; 49	'1'
      0000C5 31                     242 	.db #0x31	; 49	'1'
      0000C6 C1                     243 	.db #0xc1	; 193
      0000C7 C1                     244 	.db #0xc1	; 193
      0000C8 01                     245 	.db #0x01	; 1
      0000C9 C1                     246 	.db #0xc1	; 193
      0000CA 01                     247 	.db #0x01	; 1
      0000CB C1                     248 	.db #0xc1	; 193
      0000CC 01                     249 	.db #0x01	; 1
      0000CD C1                     250 	.db #0xc1	; 193
      0000CE 01                     251 	.db #0x01	; 1
      0000CF C1                     252 	.db #0xc1	; 193
      0000D0 80                     253 	.db #0x80	; 128
      0000D1 83                     254 	.db #0x83	; 131
      0000D2 80                     255 	.db #0x80	; 128
      0000D3 83                     256 	.db #0x83	; 131
      0000D4 80                     257 	.db #0x80	; 128
      0000D5 83                     258 	.db #0x83	; 131
      0000D6 80                     259 	.db #0x80	; 128
      0000D7 83                     260 	.db #0x83	; 131
      0000D8 80                     261 	.db #0x80	; 128
      0000D9 83                     262 	.db #0x83	; 131
      0000DA 80                     263 	.db #0x80	; 128
      0000DB 83                     264 	.db #0x83	; 131
      0000DC 80                     265 	.db #0x80	; 128
      0000DD 83                     266 	.db #0x83	; 131
      0000DE 80                     267 	.db #0x80	; 128
      0000DF 83                     268 	.db #0x83	; 131
      0000E0 01                     269 	.db #0x01	; 1
      0000E1 C1                     270 	.db #0xc1	; 193
      0000E2 01                     271 	.db #0x01	; 1
      0000E3 C1                     272 	.db #0xc1	; 193
      0000E4 01                     273 	.db #0x01	; 1
      0000E5 C1                     274 	.db #0xc1	; 193
      0000E6 01                     275 	.db #0x01	; 1
      0000E7 C1                     276 	.db #0xc1	; 193
      0000E8 01                     277 	.db #0x01	; 1
      0000E9 C1                     278 	.db #0xc1	; 193
      0000EA 01                     279 	.db #0x01	; 1
      0000EB C1                     280 	.db #0xc1	; 193
      0000EC 01                     281 	.db #0x01	; 1
      0000ED C1                     282 	.db #0xc1	; 193
      0000EE 01                     283 	.db #0x01	; 1
      0000EF C1                     284 	.db #0xc1	; 193
      0000F0 01                     285 	.db #0x01	; 1
      0000F1 01                     286 	.db #0x01	; 1
      0000F2 01                     287 	.db #0x01	; 1
      0000F3 01                     288 	.db #0x01	; 1
      0000F4 01                     289 	.db #0x01	; 1
      0000F5 01                     290 	.db #0x01	; 1
      0000F6 01                     291 	.db #0x01	; 1
      0000F7 01                     292 	.db #0x01	; 1
      0000F8 03                     293 	.db #0x03	; 3
      0000F9 03                     294 	.db #0x03	; 3
      0000FA 0C                     295 	.db #0x0c	; 12
      0000FB 0C                     296 	.db #0x0c	; 12
      0000FC 30                     297 	.db #0x30	; 48	'0'
      0000FD 30                     298 	.db #0x30	; 48	'0'
      0000FE C0                     299 	.db #0xc0	; 192
      0000FF C0                     300 	.db #0xc0	; 192
      000100 80                     301 	.db #0x80	; 128
      000101 80                     302 	.db #0x80	; 128
      000102 80                     303 	.db #0x80	; 128
      000103 80                     304 	.db #0x80	; 128
      000104 80                     305 	.db #0x80	; 128
      000105 80                     306 	.db #0x80	; 128
      000106 80                     307 	.db #0x80	; 128
      000107 80                     308 	.db #0x80	; 128
      000108 C0                     309 	.db #0xc0	; 192
      000109 C0                     310 	.db #0xc0	; 192
      00010A 30                     311 	.db #0x30	; 48	'0'
      00010B 30                     312 	.db #0x30	; 48	'0'
      00010C 0C                     313 	.db #0x0c	; 12
      00010D 0C                     314 	.db #0x0c	; 12
      00010E 03                     315 	.db #0x03	; 3
      00010F 03                     316 	.db #0x03	; 3
      000110 80                     317 	.db #0x80	; 128
      000111 83                     318 	.db #0x83	; 131
      000112 80                     319 	.db #0x80	; 128
      000113 83                     320 	.db #0x83	; 131
      000114 80                     321 	.db #0x80	; 128
      000115 83                     322 	.db #0x83	; 131
      000116 80                     323 	.db #0x80	; 128
      000117 83                     324 	.db #0x83	; 131
      000118 83                     325 	.db #0x83	; 131
      000119 83                     326 	.db #0x83	; 131
      00011A 8C                     327 	.db #0x8c	; 140
      00011B 8C                     328 	.db #0x8c	; 140
      00011C B0                     329 	.db #0xb0	; 176
      00011D B0                     330 	.db #0xb0	; 176
      00011E C0                     331 	.db #0xc0	; 192
      00011F C0                     332 	.db #0xc0	; 192
      000120 03                     333 	.db #0x03	; 3
      000121 C3                     334 	.db #0xc3	; 195
      000122 0C                     335 	.db #0x0c	; 12
      000123 CC                     336 	.db #0xcc	; 204
      000124 30                     337 	.db #0x30	; 48	'0'
      000125 F0                     338 	.db #0xf0	; 240
      000126 C0                     339 	.db #0xc0	; 192
      000127 C0                     340 	.db #0xc0	; 192
      000128 00                     341 	.db #0x00	; 0
      000129 00                     342 	.db #0x00	; 0
      00012A 00                     343 	.db #0x00	; 0
      00012B 00                     344 	.db #0x00	; 0
      00012C 00                     345 	.db #0x00	; 0
      00012D 00                     346 	.db #0x00	; 0
      00012E 00                     347 	.db #0x00	; 0
      00012F 00                     348 	.db #0x00	; 0
      000130 C0                     349 	.db #0xc0	; 192
      000131 C3                     350 	.db #0xc3	; 195
      000132 30                     351 	.db #0x30	; 48	'0'
      000133 33                     352 	.db #0x33	; 51	'3'
      000134 0C                     353 	.db #0x0c	; 12
      000135 0F                     354 	.db #0x0f	; 15
      000136 03                     355 	.db #0x03	; 3
      000137 03                     356 	.db #0x03	; 3
      000138 00                     357 	.db #0x00	; 0
      000139 00                     358 	.db #0x00	; 0
      00013A 00                     359 	.db #0x00	; 0
      00013B 00                     360 	.db #0x00	; 0
      00013C 00                     361 	.db #0x00	; 0
      00013D 00                     362 	.db #0x00	; 0
      00013E 00                     363 	.db #0x00	; 0
      00013F 00                     364 	.db #0x00	; 0
      000140 01                     365 	.db #0x01	; 1
      000141 C1                     366 	.db #0xc1	; 193
      000142 01                     367 	.db #0x01	; 1
      000143 C1                     368 	.db #0xc1	; 193
      000144 01                     369 	.db #0x01	; 1
      000145 C1                     370 	.db #0xc1	; 193
      000146 01                     371 	.db #0x01	; 1
      000147 C1                     372 	.db #0xc1	; 193
      000148 C1                     373 	.db #0xc1	; 193
      000149 C1                     374 	.db #0xc1	; 193
      00014A 31                     375 	.db #0x31	; 49	'1'
      00014B 31                     376 	.db #0x31	; 49	'1'
      00014C 0D                     377 	.db #0x0d	; 13
      00014D 0D                     378 	.db #0x0d	; 13
      00014E 03                     379 	.db #0x03	; 3
      00014F 03                     380 	.db #0x03	; 3
      000150 FF                     381 	.db #0xff	; 255
      000151 FF                     382 	.db #0xff	; 255
      000152 00                     383 	.db #0x00	; 0
      000153 00                     384 	.db #0x00	; 0
      000154 00                     385 	.db #0x00	; 0
      000155 00                     386 	.db #0x00	; 0
      000156 00                     387 	.db #0x00	; 0
      000157 00                     388 	.db #0x00	; 0
      000158 00                     389 	.db #0x00	; 0
      000159 00                     390 	.db #0x00	; 0
      00015A 00                     391 	.db #0x00	; 0
      00015B 00                     392 	.db #0x00	; 0
      00015C 00                     393 	.db #0x00	; 0
      00015D 00                     394 	.db #0x00	; 0
      00015E 00                     395 	.db #0x00	; 0
      00015F 00                     396 	.db #0x00	; 0
      000160 FF                     397 	.db #0xff	; 255
      000161 FF                     398 	.db #0xff	; 255
      000162 01                     399 	.db #0x01	; 1
      000163 01                     400 	.db #0x01	; 1
      000164 01                     401 	.db #0x01	; 1
      000165 01                     402 	.db #0x01	; 1
      000166 01                     403 	.db #0x01	; 1
      000167 01                     404 	.db #0x01	; 1
      000168 01                     405 	.db #0x01	; 1
      000169 01                     406 	.db #0x01	; 1
      00016A 01                     407 	.db #0x01	; 1
      00016B 01                     408 	.db #0x01	; 1
      00016C 01                     409 	.db #0x01	; 1
      00016D 01                     410 	.db #0x01	; 1
      00016E 01                     411 	.db #0x01	; 1
      00016F 01                     412 	.db #0x01	; 1
      000170 FF                     413 	.db #0xff	; 255
      000171 FF                     414 	.db #0xff	; 255
      000172 80                     415 	.db #0x80	; 128
      000173 80                     416 	.db #0x80	; 128
      000174 80                     417 	.db #0x80	; 128
      000175 80                     418 	.db #0x80	; 128
      000176 80                     419 	.db #0x80	; 128
      000177 80                     420 	.db #0x80	; 128
      000178 80                     421 	.db #0x80	; 128
      000179 80                     422 	.db #0x80	; 128
      00017A 80                     423 	.db #0x80	; 128
      00017B 80                     424 	.db #0x80	; 128
      00017C 80                     425 	.db #0x80	; 128
      00017D 80                     426 	.db #0x80	; 128
      00017E 80                     427 	.db #0x80	; 128
      00017F 80                     428 	.db #0x80	; 128
      000180 00                     429 	.db #0x00	; 0
      000181 00                     430 	.db #0x00	; 0
      000182 00                     431 	.db #0x00	; 0
      000183 00                     432 	.db #0x00	; 0
      000184 00                     433 	.db #0x00	; 0
      000185 00                     434 	.db #0x00	; 0
      000186 00                     435 	.db #0x00	; 0
      000187 00                     436 	.db #0x00	; 0
      000188 FF                     437 	.db #0xff	; 255
      000189 FF                     438 	.db #0xff	; 255
      00018A 01                     439 	.db #0x01	; 1
      00018B C1                     440 	.db #0xc1	; 193
      00018C 01                     441 	.db #0x01	; 1
      00018D C1                     442 	.db #0xc1	; 193
      00018E 01                     443 	.db #0x01	; 1
      00018F C1                     444 	.db #0xc1	; 193
      000190 00                     445 	.db #0x00	; 0
      000191 00                     446 	.db #0x00	; 0
      000192 00                     447 	.db #0x00	; 0
      000193 00                     448 	.db #0x00	; 0
      000194 00                     449 	.db #0x00	; 0
      000195 00                     450 	.db #0x00	; 0
      000196 00                     451 	.db #0x00	; 0
      000197 00                     452 	.db #0x00	; 0
      000198 FF                     453 	.db #0xff	; 255
      000199 FF                     454 	.db #0xff	; 255
      00019A 80                     455 	.db #0x80	; 128
      00019B 83                     456 	.db #0x83	; 131
      00019C 80                     457 	.db #0x80	; 128
      00019D 83                     458 	.db #0x83	; 131
      00019E 80                     459 	.db #0x80	; 128
      00019F 83                     460 	.db #0x83	; 131
      0001A0 00                     461 	.db #0x00	; 0
      0001A1 00                     462 	.db #0x00	; 0
      0001A2 00                     463 	.db #0x00	; 0
      0001A3 00                     464 	.db #0x00	; 0
      0001A4 00                     465 	.db #0x00	; 0
      0001A5 00                     466 	.db #0x00	; 0
      0001A6 00                     467 	.db #0x00	; 0
      0001A7 00                     468 	.db #0x00	; 0
      0001A8 00                     469 	.db #0x00	; 0
      0001A9 00                     470 	.db #0x00	; 0
      0001AA 00                     471 	.db #0x00	; 0
      0001AB 00                     472 	.db #0x00	; 0
      0001AC 00                     473 	.db #0x00	; 0
      0001AD 00                     474 	.db #0x00	; 0
      0001AE FF                     475 	.db #0xff	; 255
      0001AF FF                     476 	.db #0xff	; 255
      0001B0 01                     477 	.db #0x01	; 1
      0001B1 01                     478 	.db #0x01	; 1
      0001B2 01                     479 	.db #0x01	; 1
      0001B3 01                     480 	.db #0x01	; 1
      0001B4 01                     481 	.db #0x01	; 1
      0001B5 01                     482 	.db #0x01	; 1
      0001B6 01                     483 	.db #0x01	; 1
      0001B7 01                     484 	.db #0x01	; 1
      0001B8 01                     485 	.db #0x01	; 1
      0001B9 01                     486 	.db #0x01	; 1
      0001BA 01                     487 	.db #0x01	; 1
      0001BB 01                     488 	.db #0x01	; 1
      0001BC 01                     489 	.db #0x01	; 1
      0001BD 01                     490 	.db #0x01	; 1
      0001BE FF                     491 	.db #0xff	; 255
      0001BF FF                     492 	.db #0xff	; 255
      0001C0 01                     493 	.db #0x01	; 1
      0001C1 C1                     494 	.db #0xc1	; 193
      0001C2 01                     495 	.db #0x01	; 1
      0001C3 C1                     496 	.db #0xc1	; 193
      0001C4 01                     497 	.db #0x01	; 1
      0001C5 C1                     498 	.db #0xc1	; 193
      0001C6 01                     499 	.db #0x01	; 1
      0001C7 C1                     500 	.db #0xc1	; 193
      0001C8 01                     501 	.db #0x01	; 1
      0001C9 C1                     502 	.db #0xc1	; 193
      0001CA 01                     503 	.db #0x01	; 1
      0001CB C1                     504 	.db #0xc1	; 193
      0001CC 01                     505 	.db #0x01	; 1
      0001CD C1                     506 	.db #0xc1	; 193
      0001CE FF                     507 	.db #0xff	; 255
      0001CF FF                     508 	.db #0xff	; 255
      0001D0 80                     509 	.db #0x80	; 128
      0001D1 80                     510 	.db #0x80	; 128
      0001D2 80                     511 	.db #0x80	; 128
      0001D3 80                     512 	.db #0x80	; 128
      0001D4 80                     513 	.db #0x80	; 128
      0001D5 80                     514 	.db #0x80	; 128
      0001D6 80                     515 	.db #0x80	; 128
      0001D7 80                     516 	.db #0x80	; 128
      0001D8 80                     517 	.db #0x80	; 128
      0001D9 80                     518 	.db #0x80	; 128
      0001DA 80                     519 	.db #0x80	; 128
      0001DB 80                     520 	.db #0x80	; 128
      0001DC 80                     521 	.db #0x80	; 128
      0001DD 80                     522 	.db #0x80	; 128
      0001DE FF                     523 	.db #0xff	; 255
      0001DF FF                     524 	.db #0xff	; 255
      0001E0 80                     525 	.db #0x80	; 128
      0001E1 83                     526 	.db #0x83	; 131
      0001E2 80                     527 	.db #0x80	; 128
      0001E3 83                     528 	.db #0x83	; 131
      0001E4 80                     529 	.db #0x80	; 128
      0001E5 83                     530 	.db #0x83	; 131
      0001E6 80                     531 	.db #0x80	; 128
      0001E7 83                     532 	.db #0x83	; 131
      0001E8 80                     533 	.db #0x80	; 128
      0001E9 83                     534 	.db #0x83	; 131
      0001EA 80                     535 	.db #0x80	; 128
      0001EB 83                     536 	.db #0x83	; 131
      0001EC 80                     537 	.db #0x80	; 128
      0001ED 83                     538 	.db #0x83	; 131
      0001EE FF                     539 	.db #0xff	; 255
      0001EF FF                     540 	.db #0xff	; 255
      0001F0 00                     541 	.db #0x00	; 0
      0001F1 00                     542 	.db #0x00	; 0
      0001F2 00                     543 	.db #0x00	; 0
      0001F3 00                     544 	.db #0x00	; 0
      0001F4 00                     545 	.db #0x00	; 0
      0001F5 00                     546 	.db #0x00	; 0
      0001F6 00                     547 	.db #0x00	; 0
      0001F7 00                     548 	.db #0x00	; 0
      0001F8 0C                     549 	.db #0x0c	; 12
      0001F9 0C                     550 	.db #0x0c	; 12
      0001FA 0B                     551 	.db #0x0b	; 11
      0001FB 0B                     552 	.db #0x0b	; 11
      0001FC 08                     553 	.db #0x08	; 8
      0001FD 09                     554 	.db #0x09	; 9
      0001FE 08                     555 	.db #0x08	; 8
      0001FF 09                     556 	.db #0x09	; 9
      000200 01                     557 	.db #0x01	; 1
      000201 01                     558 	.db #0x01	; 1
      000202 01                     559 	.db #0x01	; 1
      000203 01                     560 	.db #0x01	; 1
      000204 01                     561 	.db #0x01	; 1
      000205 01                     562 	.db #0x01	; 1
      000206 01                     563 	.db #0x01	; 1
      000207 01                     564 	.db #0x01	; 1
      000208 01                     565 	.db #0x01	; 1
      000209 01                     566 	.db #0x01	; 1
      00020A 01                     567 	.db #0x01	; 1
      00020B 01                     568 	.db #0x01	; 1
      00020C C1                     569 	.db #0xc1	; 193
      00020D C1                     570 	.db #0xc1	; 193
      00020E 31                     571 	.db #0x31	; 49	'1'
      00020F B1                     572 	.db #0xb1	; 177
      000210 80                     573 	.db #0x80	; 128
      000211 80                     574 	.db #0x80	; 128
      000212 80                     575 	.db #0x80	; 128
      000213 80                     576 	.db #0x80	; 128
      000214 80                     577 	.db #0x80	; 128
      000215 80                     578 	.db #0x80	; 128
      000216 80                     579 	.db #0x80	; 128
      000217 80                     580 	.db #0x80	; 128
      000218 80                     581 	.db #0x80	; 128
      000219 80                     582 	.db #0x80	; 128
      00021A 80                     583 	.db #0x80	; 128
      00021B 80                     584 	.db #0x80	; 128
      00021C 83                     585 	.db #0x83	; 131
      00021D 83                     586 	.db #0x83	; 131
      00021E 8C                     587 	.db #0x8c	; 140
      00021F 8D                     588 	.db #0x8d	; 141
      000220 00                     589 	.db #0x00	; 0
      000221 00                     590 	.db #0x00	; 0
      000222 00                     591 	.db #0x00	; 0
      000223 00                     592 	.db #0x00	; 0
      000224 00                     593 	.db #0x00	; 0
      000225 00                     594 	.db #0x00	; 0
      000226 00                     595 	.db #0x00	; 0
      000227 00                     596 	.db #0x00	; 0
      000228 30                     597 	.db #0x30	; 48	'0'
      000229 30                     598 	.db #0x30	; 48	'0'
      00022A D0                     599 	.db #0xd0	; 208
      00022B D0                     600 	.db #0xd0	; 208
      00022C 10                     601 	.db #0x10	; 16
      00022D 90                     602 	.db #0x90	; 144
      00022E 10                     603 	.db #0x10	; 16
      00022F 90                     604 	.db #0x90	; 144
      000230 08                     605 	.db #0x08	; 8
      000231 09                     606 	.db #0x09	; 9
      000232 08                     607 	.db #0x08	; 8
      000233 09                     608 	.db #0x09	; 9
      000234 08                     609 	.db #0x08	; 8
      000235 09                     610 	.db #0x09	; 9
      000236 08                     611 	.db #0x08	; 8
      000237 09                     612 	.db #0x09	; 9
      000238 08                     613 	.db #0x08	; 8
      000239 09                     614 	.db #0x09	; 9
      00023A 08                     615 	.db #0x08	; 8
      00023B 09                     616 	.db #0x09	; 9
      00023C 08                     617 	.db #0x08	; 8
      00023D 09                     618 	.db #0x09	; 9
      00023E 08                     619 	.db #0x08	; 8
      00023F 09                     620 	.db #0x09	; 9
      000240 11                     621 	.db #0x11	; 17
      000241 91                     622 	.db #0x91	; 145
      000242 11                     623 	.db #0x11	; 17
      000243 91                     624 	.db #0x91	; 145
      000244 11                     625 	.db #0x11	; 17
      000245 91                     626 	.db #0x91	; 145
      000246 11                     627 	.db #0x11	; 17
      000247 91                     628 	.db #0x91	; 145
      000248 11                     629 	.db #0x11	; 17
      000249 91                     630 	.db #0x91	; 145
      00024A 11                     631 	.db #0x11	; 17
      00024B 91                     632 	.db #0x91	; 145
      00024C 11                     633 	.db #0x11	; 17
      00024D 91                     634 	.db #0x91	; 145
      00024E 11                     635 	.db #0x11	; 17
      00024F 91                     636 	.db #0x91	; 145
      000250 88                     637 	.db #0x88	; 136
      000251 89                     638 	.db #0x89	; 137
      000252 88                     639 	.db #0x88	; 136
      000253 89                     640 	.db #0x89	; 137
      000254 88                     641 	.db #0x88	; 136
      000255 89                     642 	.db #0x89	; 137
      000256 88                     643 	.db #0x88	; 136
      000257 89                     644 	.db #0x89	; 137
      000258 88                     645 	.db #0x88	; 136
      000259 89                     646 	.db #0x89	; 137
      00025A 88                     647 	.db #0x88	; 136
      00025B 89                     648 	.db #0x89	; 137
      00025C 88                     649 	.db #0x88	; 136
      00025D 89                     650 	.db #0x89	; 137
      00025E 88                     651 	.db #0x88	; 136
      00025F 89                     652 	.db #0x89	; 137
      000260 10                     653 	.db #0x10	; 16
      000261 90                     654 	.db #0x90	; 144
      000262 10                     655 	.db #0x10	; 16
      000263 90                     656 	.db #0x90	; 144
      000264 10                     657 	.db #0x10	; 16
      000265 90                     658 	.db #0x90	; 144
      000266 10                     659 	.db #0x10	; 16
      000267 90                     660 	.db #0x90	; 144
      000268 10                     661 	.db #0x10	; 16
      000269 90                     662 	.db #0x90	; 144
      00026A 10                     663 	.db #0x10	; 16
      00026B 90                     664 	.db #0x90	; 144
      00026C 10                     665 	.db #0x10	; 16
      00026D 90                     666 	.db #0x90	; 144
      00026E 10                     667 	.db #0x10	; 16
      00026F 90                     668 	.db #0x90	; 144
      000270 08                     669 	.db #0x08	; 8
      000271 09                     670 	.db #0x09	; 9
      000272 08                     671 	.db #0x08	; 8
      000273 09                     672 	.db #0x09	; 9
      000274 08                     673 	.db #0x08	; 8
      000275 09                     674 	.db #0x09	; 9
      000276 08                     675 	.db #0x08	; 8
      000277 09                     676 	.db #0x09	; 9
      000278 0B                     677 	.db #0x0b	; 11
      000279 0B                     678 	.db #0x0b	; 11
      00027A 0C                     679 	.db #0x0c	; 12
      00027B 0C                     680 	.db #0x0c	; 12
      00027C 30                     681 	.db #0x30	; 48	'0'
      00027D 30                     682 	.db #0x30	; 48	'0'
      00027E C0                     683 	.db #0xc0	; 192
      00027F C0                     684 	.db #0xc0	; 192
      000280 13                     685 	.db #0x13	; 19
      000281 93                     686 	.db #0x93	; 147
      000282 1C                     687 	.db #0x1c	; 28
      000283 9C                     688 	.db #0x9c	; 156
      000284 30                     689 	.db #0x30	; 48	'0'
      000285 B0                     690 	.db #0xb0	; 176
      000286 C0                     691 	.db #0xc0	; 192
      000287 C0                     692 	.db #0xc0	; 192
      000288 00                     693 	.db #0x00	; 0
      000289 00                     694 	.db #0x00	; 0
      00028A 00                     695 	.db #0x00	; 0
      00028B 00                     696 	.db #0x00	; 0
      00028C 00                     697 	.db #0x00	; 0
      00028D 00                     698 	.db #0x00	; 0
      00028E 00                     699 	.db #0x00	; 0
      00028F 00                     700 	.db #0x00	; 0
      000290 C8                     701 	.db #0xc8	; 200
      000291 C9                     702 	.db #0xc9	; 201
      000292 38                     703 	.db #0x38	; 56	'8'
      000293 39                     704 	.db #0x39	; 57	'9'
      000294 0C                     705 	.db #0x0c	; 12
      000295 0D                     706 	.db #0x0d	; 13
      000296 03                     707 	.db #0x03	; 3
      000297 03                     708 	.db #0x03	; 3
      000298 00                     709 	.db #0x00	; 0
      000299 00                     710 	.db #0x00	; 0
      00029A 00                     711 	.db #0x00	; 0
      00029B 00                     712 	.db #0x00	; 0
      00029C 00                     713 	.db #0x00	; 0
      00029D 00                     714 	.db #0x00	; 0
      00029E 00                     715 	.db #0x00	; 0
      00029F 00                     716 	.db #0x00	; 0
      0002A0 10                     717 	.db #0x10	; 16
      0002A1 90                     718 	.db #0x90	; 144
      0002A2 10                     719 	.db #0x10	; 16
      0002A3 90                     720 	.db #0x90	; 144
      0002A4 10                     721 	.db #0x10	; 16
      0002A5 90                     722 	.db #0x90	; 144
      0002A6 10                     723 	.db #0x10	; 16
      0002A7 90                     724 	.db #0x90	; 144
      0002A8 D0                     725 	.db #0xd0	; 208
      0002A9 D0                     726 	.db #0xd0	; 208
      0002AA 30                     727 	.db #0x30	; 48	'0'
      0002AB 30                     728 	.db #0x30	; 48	'0'
      0002AC 0C                     729 	.db #0x0c	; 12
      0002AD 0C                     730 	.db #0x0c	; 12
      0002AE 03                     731 	.db #0x03	; 3
      0002AF 03                     732 	.db #0x03	; 3
      0002B0 FF                     733 	.db #0xff	; 255
      0002B1 FF                     734 	.db #0xff	; 255
      0002B2 00                     735 	.db #0x00	; 0
      0002B3 00                     736 	.db #0x00	; 0
      0002B4 00                     737 	.db #0x00	; 0
      0002B5 00                     738 	.db #0x00	; 0
      0002B6 00                     739 	.db #0x00	; 0
      0002B7 00                     740 	.db #0x00	; 0
      0002B8 00                     741 	.db #0x00	; 0
      0002B9 00                     742 	.db #0x00	; 0
      0002BA 00                     743 	.db #0x00	; 0
      0002BB 00                     744 	.db #0x00	; 0
      0002BC FF                     745 	.db #0xff	; 255
      0002BD FF                     746 	.db #0xff	; 255
      0002BE 80                     747 	.db #0x80	; 128
      0002BF 83                     748 	.db #0x83	; 131
      0002C0 FF                     749 	.db #0xff	; 255
      0002C1 FF                     750 	.db #0xff	; 255
      0002C2 00                     751 	.db #0x00	; 0
      0002C3 00                     752 	.db #0x00	; 0
      0002C4 00                     753 	.db #0x00	; 0
      0002C5 00                     754 	.db #0x00	; 0
      0002C6 00                     755 	.db #0x00	; 0
      0002C7 00                     756 	.db #0x00	; 0
      0002C8 00                     757 	.db #0x00	; 0
      0002C9 00                     758 	.db #0x00	; 0
      0002CA 00                     759 	.db #0x00	; 0
      0002CB 00                     760 	.db #0x00	; 0
      0002CC FF                     761 	.db #0xff	; 255
      0002CD FF                     762 	.db #0xff	; 255
      0002CE 01                     763 	.db #0x01	; 1
      0002CF C1                     764 	.db #0xc1	; 193
      0002D0 C0                     765 	.db #0xc0	; 192
      0002D1 C0                     766 	.db #0xc0	; 192
      0002D2 30                     767 	.db #0x30	; 48	'0'
      0002D3 30                     768 	.db #0x30	; 48	'0'
      0002D4 0C                     769 	.db #0x0c	; 12
      0002D5 0C                     770 	.db #0x0c	; 12
      0002D6 03                     771 	.db #0x03	; 3
      0002D7 03                     772 	.db #0x03	; 3
      0002D8 01                     773 	.db #0x01	; 1
      0002D9 01                     774 	.db #0x01	; 1
      0002DA 01                     775 	.db #0x01	; 1
      0002DB 01                     776 	.db #0x01	; 1
      0002DC 21                     777 	.db #0x21	; 33
      0002DD 21                     778 	.db #0x21	; 33
      0002DE 39                     779 	.db #0x39	; 57	'9'
      0002DF 39                     780 	.db #0x39	; 57	'9'
      0002E0 03                     781 	.db #0x03	; 3
      0002E1 03                     782 	.db #0x03	; 3
      0002E2 0C                     783 	.db #0x0c	; 12
      0002E3 0C                     784 	.db #0x0c	; 12
      0002E4 30                     785 	.db #0x30	; 48	'0'
      0002E5 30                     786 	.db #0x30	; 48	'0'
      0002E6 C0                     787 	.db #0xc0	; 192
      0002E7 C0                     788 	.db #0xc0	; 192
      0002E8 80                     789 	.db #0x80	; 128
      0002E9 80                     790 	.db #0x80	; 128
      0002EA 80                     791 	.db #0x80	; 128
      0002EB 80                     792 	.db #0x80	; 128
      0002EC 84                     793 	.db #0x84	; 132
      0002ED 84                     794 	.db #0x84	; 132
      0002EE 9C                     795 	.db #0x9c	; 156
      0002EF 9C                     796 	.db #0x9c	; 156
      0002F0 25                     797 	.db #0x25	; 37
      0002F1 3D                     798 	.db #0x3d	; 61
      0002F2 25                     799 	.db #0x25	; 37
      0002F3 3D                     800 	.db #0x3d	; 61
      0002F4 25                     801 	.db #0x25	; 37
      0002F5 3D                     802 	.db #0x3d	; 61
      0002F6 25                     803 	.db #0x25	; 37
      0002F7 3D                     804 	.db #0x3d	; 61
      0002F8 25                     805 	.db #0x25	; 37
      0002F9 3D                     806 	.db #0x3d	; 61
      0002FA 25                     807 	.db #0x25	; 37
      0002FB 3D                     808 	.db #0x3d	; 61
      0002FC 25                     809 	.db #0x25	; 37
      0002FD 3D                     810 	.db #0x3d	; 61
      0002FE 25                     811 	.db #0x25	; 37
      0002FF 3D                     812 	.db #0x3d	; 61
      000300 A4                     813 	.db #0xa4	; 164
      000301 BC                     814 	.db #0xbc	; 188
      000302 A4                     815 	.db #0xa4	; 164
      000303 BC                     816 	.db #0xbc	; 188
      000304 A4                     817 	.db #0xa4	; 164
      000305 BC                     818 	.db #0xbc	; 188
      000306 A4                     819 	.db #0xa4	; 164
      000307 BC                     820 	.db #0xbc	; 188
      000308 A4                     821 	.db #0xa4	; 164
      000309 BC                     822 	.db #0xbc	; 188
      00030A A4                     823 	.db #0xa4	; 164
      00030B BC                     824 	.db #0xbc	; 188
      00030C A4                     825 	.db #0xa4	; 164
      00030D BC                     826 	.db #0xbc	; 188
      00030E A4                     827 	.db #0xa4	; 164
      00030F BC                     828 	.db #0xbc	; 188
      000310 25                     829 	.db #0x25	; 37
      000311 3D                     830 	.db #0x3d	; 61
      000312 25                     831 	.db #0x25	; 37
      000313 3D                     832 	.db #0x3d	; 61
      000314 25                     833 	.db #0x25	; 37
      000315 3D                     834 	.db #0x3d	; 61
      000316 25                     835 	.db #0x25	; 37
      000317 3D                     836 	.db #0x3d	; 61
      000318 27                     837 	.db #0x27	; 39
      000319 3F                     838 	.db #0x3f	; 63
      00031A 2C                     839 	.db #0x2c	; 44
      00031B 3C                     840 	.db #0x3c	; 60
      00031C 30                     841 	.db #0x30	; 48	'0'
      00031D 30                     842 	.db #0x30	; 48	'0'
      00031E C0                     843 	.db #0xc0	; 192
      00031F C0                     844 	.db #0xc0	; 192
      000320 A4                     845 	.db #0xa4	; 164
      000321 BC                     846 	.db #0xbc	; 188
      000322 A4                     847 	.db #0xa4	; 164
      000323 BC                     848 	.db #0xbc	; 188
      000324 A4                     849 	.db #0xa4	; 164
      000325 BC                     850 	.db #0xbc	; 188
      000326 A4                     851 	.db #0xa4	; 164
      000327 BC                     852 	.db #0xbc	; 188
      000328 E4                     853 	.db #0xe4	; 228
      000329 FC                     854 	.db #0xfc	; 252
      00032A 34                     855 	.db #0x34	; 52	'4'
      00032B 3C                     856 	.db #0x3c	; 60
      00032C 0C                     857 	.db #0x0c	; 12
      00032D 0C                     858 	.db #0x0c	; 12
      00032E 03                     859 	.db #0x03	; 3
      00032F 03                     860 	.db #0x03	; 3
      000330 FF                     861 	.db #0xff	; 255
      000331 FF                     862 	.db #0xff	; 255
      000332 00                     863 	.db #0x00	; 0
      000333 00                     864 	.db #0x00	; 0
      000334 00                     865 	.db #0x00	; 0
      000335 00                     866 	.db #0x00	; 0
      000336 00                     867 	.db #0x00	; 0
      000337 00                     868 	.db #0x00	; 0
      000338 00                     869 	.db #0x00	; 0
      000339 00                     870 	.db #0x00	; 0
      00033A 00                     871 	.db #0x00	; 0
      00033B 00                     872 	.db #0x00	; 0
      00033C FF                     873 	.db #0xff	; 255
      00033D FF                     874 	.db #0xff	; 255
      00033E 81                     875 	.db #0x81	; 129
      00033F 99                     876 	.db #0x99	; 153
      000340 81                     877 	.db #0x81	; 129
      000341 99                     878 	.db #0x99	; 153
      000342 81                     879 	.db #0x81	; 129
      000343 99                     880 	.db #0x99	; 153
      000344 81                     881 	.db #0x81	; 129
      000345 99                     882 	.db #0x99	; 153
      000346 81                     883 	.db #0x81	; 129
      000347 99                     884 	.db #0x99	; 153
      000348 81                     885 	.db #0x81	; 129
      000349 99                     886 	.db #0x99	; 153
      00034A 81                     887 	.db #0x81	; 129
      00034B 99                     888 	.db #0x99	; 153
      00034C 81                     889 	.db #0x81	; 129
      00034D 99                     890 	.db #0x99	; 153
      00034E 81                     891 	.db #0x81	; 129
      00034F 99                     892 	.db #0x99	; 153
      000350 81                     893 	.db #0x81	; 129
      000351 99                     894 	.db #0x99	; 153
      000352 81                     895 	.db #0x81	; 129
      000353 99                     896 	.db #0x99	; 153
      000354 81                     897 	.db #0x81	; 129
      000355 99                     898 	.db #0x99	; 153
      000356 81                     899 	.db #0x81	; 129
      000357 99                     900 	.db #0x99	; 153
      000358 81                     901 	.db #0x81	; 129
      000359 99                     902 	.db #0x99	; 153
      00035A 81                     903 	.db #0x81	; 129
      00035B 99                     904 	.db #0x99	; 153
      00035C 81                     905 	.db #0x81	; 129
      00035D 99                     906 	.db #0x99	; 153
      00035E FF                     907 	.db #0xff	; 255
      00035F FF                     908 	.db #0xff	; 255
      000360 00                     909 	.db #0x00	; 0
      000361 00                     910 	.db #0x00	; 0
      000362 00                     911 	.db #0x00	; 0
      000363 00                     912 	.db #0x00	; 0
      000364 00                     913 	.db #0x00	; 0
      000365 00                     914 	.db #0x00	; 0
      000366 00                     915 	.db #0x00	; 0
      000367 00                     916 	.db #0x00	; 0
      000368 FF                     917 	.db #0xff	; 255
      000369 FF                     918 	.db #0xff	; 255
      00036A 00                     919 	.db #0x00	; 0
      00036B 00                     920 	.db #0x00	; 0
      00036C 00                     921 	.db #0x00	; 0
      00036D 00                     922 	.db #0x00	; 0
      00036E 00                     923 	.db #0x00	; 0
      00036F 00                     924 	.db #0x00	; 0
      000370 00                     925 	.db #0x00	; 0
      000371 00                     926 	.db #0x00	; 0
      000372 00                     927 	.db #0x00	; 0
      000373 00                     928 	.db #0x00	; 0
      000374 00                     929 	.db #0x00	; 0
      000375 00                     930 	.db #0x00	; 0
      000376 FF                     931 	.db #0xff	; 255
      000377 FF                     932 	.db #0xff	; 255
      000378 00                     933 	.db #0x00	; 0
      000379 00                     934 	.db #0x00	; 0
      00037A 00                     935 	.db #0x00	; 0
      00037B 00                     936 	.db #0x00	; 0
      00037C 00                     937 	.db #0x00	; 0
      00037D 00                     938 	.db #0x00	; 0
      00037E 00                     939 	.db #0x00	; 0
      00037F 00                     940 	.db #0x00	; 0
      000380 00                     941 	.db #0x00	; 0
      000381 00                     942 	.db #0x00	; 0
      000382 00                     943 	.db #0x00	; 0
      000383 00                     944 	.db #0x00	; 0
      000384 00                     945 	.db #0x00	; 0
      000385 00                     946 	.db #0x00	; 0
      000386 00                     947 	.db #0x00	; 0
      000387 00                     948 	.db #0x00	; 0
      000388 FF                     949 	.db #0xff	; 255
      000389 FF                     950 	.db #0xff	; 255
      00038A 80                     951 	.db #0x80	; 128
      00038B 80                     952 	.db #0x80	; 128
      00038C 80                     953 	.db #0x80	; 128
      00038D 80                     954 	.db #0x80	; 128
      00038E 80                     955 	.db #0x80	; 128
      00038F 80                     956 	.db #0x80	; 128
      000390 00                     957 	.db #0x00	; 0
      000391 00                     958 	.db #0x00	; 0
      000392 00                     959 	.db #0x00	; 0
      000393 00                     960 	.db #0x00	; 0
      000394 00                     961 	.db #0x00	; 0
      000395 00                     962 	.db #0x00	; 0
      000396 00                     963 	.db #0x00	; 0
      000397 00                     964 	.db #0x00	; 0
      000398 FF                     965 	.db #0xff	; 255
      000399 FF                     966 	.db #0xff	; 255
      00039A 00                     967 	.db #0x00	; 0
      00039B 07                     968 	.db #0x07	; 7
      00039C 00                     969 	.db #0x00	; 0
      00039D 07                     970 	.db #0x07	; 7
      00039E 00                     971 	.db #0x00	; 0
      00039F 07                     972 	.db #0x07	; 7
      0003A0 00                     973 	.db #0x00	; 0
      0003A1 00                     974 	.db #0x00	; 0
      0003A2 00                     975 	.db #0x00	; 0
      0003A3 00                     976 	.db #0x00	; 0
      0003A4 00                     977 	.db #0x00	; 0
      0003A5 00                     978 	.db #0x00	; 0
      0003A6 00                     979 	.db #0x00	; 0
      0003A7 00                     980 	.db #0x00	; 0
      0003A8 FF                     981 	.db #0xff	; 255
      0003A9 FF                     982 	.db #0xff	; 255
      0003AA 00                     983 	.db #0x00	; 0
      0003AB E0                     984 	.db #0xe0	; 224
      0003AC 00                     985 	.db #0x00	; 0
      0003AD E0                     986 	.db #0xe0	; 224
      0003AE 00                     987 	.db #0x00	; 0
      0003AF E0                     988 	.db #0xe0	; 224
      0003B0 00                     989 	.db #0x00	; 0
      0003B1 00                     990 	.db #0x00	; 0
      0003B2 00                     991 	.db #0x00	; 0
      0003B3 00                     992 	.db #0x00	; 0
      0003B4 00                     993 	.db #0x00	; 0
      0003B5 00                     994 	.db #0x00	; 0
      0003B6 00                     995 	.db #0x00	; 0
      0003B7 00                     996 	.db #0x00	; 0
      0003B8 FF                     997 	.db #0xff	; 255
      0003B9 FF                     998 	.db #0xff	; 255
      0003BA 01                     999 	.db #0x01	; 1
      0003BB 01                    1000 	.db #0x01	; 1
      0003BC 01                    1001 	.db #0x01	; 1
      0003BD 01                    1002 	.db #0x01	; 1
      0003BE 01                    1003 	.db #0x01	; 1
      0003BF 01                    1004 	.db #0x01	; 1
      0003C0 00                    1005 	.db #0x00	; 0
      0003C1 07                    1006 	.db #0x07	; 7
      0003C2 00                    1007 	.db #0x00	; 0
      0003C3 07                    1008 	.db #0x07	; 7
      0003C4 00                    1009 	.db #0x00	; 0
      0003C5 07                    1010 	.db #0x07	; 7
      0003C6 00                    1011 	.db #0x00	; 0
      0003C7 07                    1012 	.db #0x07	; 7
      0003C8 00                    1013 	.db #0x00	; 0
      0003C9 07                    1014 	.db #0x07	; 7
      0003CA 00                    1015 	.db #0x00	; 0
      0003CB 07                    1016 	.db #0x07	; 7
      0003CC 00                    1017 	.db #0x00	; 0
      0003CD 07                    1018 	.db #0x07	; 7
      0003CE 00                    1019 	.db #0x00	; 0
      0003CF 07                    1020 	.db #0x07	; 7
      0003D0 00                    1021 	.db #0x00	; 0
      0003D1 E0                    1022 	.db #0xe0	; 224
      0003D2 00                    1023 	.db #0x00	; 0
      0003D3 E0                    1024 	.db #0xe0	; 224
      0003D4 00                    1025 	.db #0x00	; 0
      0003D5 E0                    1026 	.db #0xe0	; 224
      0003D6 00                    1027 	.db #0x00	; 0
      0003D7 E0                    1028 	.db #0xe0	; 224
      0003D8 00                    1029 	.db #0x00	; 0
      0003D9 E0                    1030 	.db #0xe0	; 224
      0003DA 00                    1031 	.db #0x00	; 0
      0003DB E0                    1032 	.db #0xe0	; 224
      0003DC 00                    1033 	.db #0x00	; 0
      0003DD E0                    1034 	.db #0xe0	; 224
      0003DE 00                    1035 	.db #0x00	; 0
      0003DF E0                    1036 	.db #0xe0	; 224
      0003E0 80                    1037 	.db #0x80	; 128
      0003E1 80                    1038 	.db #0x80	; 128
      0003E2 80                    1039 	.db #0x80	; 128
      0003E3 80                    1040 	.db #0x80	; 128
      0003E4 80                    1041 	.db #0x80	; 128
      0003E5 80                    1042 	.db #0x80	; 128
      0003E6 FF                    1043 	.db #0xff	; 255
      0003E7 FF                    1044 	.db #0xff	; 255
      0003E8 00                    1045 	.db #0x00	; 0
      0003E9 00                    1046 	.db #0x00	; 0
      0003EA 00                    1047 	.db #0x00	; 0
      0003EB 00                    1048 	.db #0x00	; 0
      0003EC 00                    1049 	.db #0x00	; 0
      0003ED 00                    1050 	.db #0x00	; 0
      0003EE 00                    1051 	.db #0x00	; 0
      0003EF 00                    1052 	.db #0x00	; 0
      0003F0 00                    1053 	.db #0x00	; 0
      0003F1 07                    1054 	.db #0x07	; 7
      0003F2 00                    1055 	.db #0x00	; 0
      0003F3 07                    1056 	.db #0x07	; 7
      0003F4 00                    1057 	.db #0x00	; 0
      0003F5 07                    1058 	.db #0x07	; 7
      0003F6 FF                    1059 	.db #0xff	; 255
      0003F7 FF                    1060 	.db #0xff	; 255
      0003F8 00                    1061 	.db #0x00	; 0
      0003F9 00                    1062 	.db #0x00	; 0
      0003FA 00                    1063 	.db #0x00	; 0
      0003FB 00                    1064 	.db #0x00	; 0
      0003FC 00                    1065 	.db #0x00	; 0
      0003FD 00                    1066 	.db #0x00	; 0
      0003FE 00                    1067 	.db #0x00	; 0
      0003FF 00                    1068 	.db #0x00	; 0
      000400 00                    1069 	.db #0x00	; 0
      000401 E0                    1070 	.db #0xe0	; 224
      000402 00                    1071 	.db #0x00	; 0
      000403 E0                    1072 	.db #0xe0	; 224
      000404 00                    1073 	.db #0x00	; 0
      000405 E0                    1074 	.db #0xe0	; 224
      000406 FF                    1075 	.db #0xff	; 255
      000407 FF                    1076 	.db #0xff	; 255
      000408 00                    1077 	.db #0x00	; 0
      000409 00                    1078 	.db #0x00	; 0
      00040A 00                    1079 	.db #0x00	; 0
      00040B 00                    1080 	.db #0x00	; 0
      00040C 00                    1081 	.db #0x00	; 0
      00040D 00                    1082 	.db #0x00	; 0
      00040E 00                    1083 	.db #0x00	; 0
      00040F 00                    1084 	.db #0x00	; 0
      000410 01                    1085 	.db #0x01	; 1
      000411 01                    1086 	.db #0x01	; 1
      000412 01                    1087 	.db #0x01	; 1
      000413 01                    1088 	.db #0x01	; 1
      000414 01                    1089 	.db #0x01	; 1
      000415 01                    1090 	.db #0x01	; 1
      000416 FF                    1091 	.db #0xff	; 255
      000417 FF                    1092 	.db #0xff	; 255
      000418 00                    1093 	.db #0x00	; 0
      000419 00                    1094 	.db #0x00	; 0
      00041A 00                    1095 	.db #0x00	; 0
      00041B 00                    1096 	.db #0x00	; 0
      00041C 00                    1097 	.db #0x00	; 0
      00041D 00                    1098 	.db #0x00	; 0
      00041E 00                    1099 	.db #0x00	; 0
      00041F 00                    1100 	.db #0x00	; 0
      000420 80                    1101 	.db #0x80	; 128
      000421 83                    1102 	.db #0x83	; 131
      000422 80                    1103 	.db #0x80	; 128
      000423 83                    1104 	.db #0x83	; 131
      000424 80                    1105 	.db #0x80	; 128
      000425 83                    1106 	.db #0x83	; 131
      000426 FF                    1107 	.db #0xff	; 255
      000427 FF                    1108 	.db #0xff	; 255
      000428 00                    1109 	.db #0x00	; 0
      000429 00                    1110 	.db #0x00	; 0
      00042A 00                    1111 	.db #0x00	; 0
      00042B 00                    1112 	.db #0x00	; 0
      00042C 00                    1113 	.db #0x00	; 0
      00042D 00                    1114 	.db #0x00	; 0
      00042E 00                    1115 	.db #0x00	; 0
      00042F 00                    1116 	.db #0x00	; 0
      000430 01                    1117 	.db #0x01	; 1
      000431 C1                    1118 	.db #0xc1	; 193
      000432 01                    1119 	.db #0x01	; 1
      000433 C1                    1120 	.db #0xc1	; 193
      000434 01                    1121 	.db #0x01	; 1
      000435 C1                    1122 	.db #0xc1	; 193
      000436 FF                    1123 	.db #0xff	; 255
      000437 FF                    1124 	.db #0xff	; 255
      000438 00                    1125 	.db #0x00	; 0
      000439 00                    1126 	.db #0x00	; 0
      00043A 00                    1127 	.db #0x00	; 0
      00043B 00                    1128 	.db #0x00	; 0
      00043C 00                    1129 	.db #0x00	; 0
      00043D 00                    1130 	.db #0x00	; 0
      00043E 00                    1131 	.db #0x00	; 0
      00043F 00                    1132 	.db #0x00	; 0
      000440 FF                    1133 	.db #0xff	; 255
      000441 FF                    1134 	.db #0xff	; 255
      000442 00                    1135 	.db #0x00	; 0
      000443 00                    1136 	.db #0x00	; 0
      000444 00                    1137 	.db #0x00	; 0
      000445 00                    1138 	.db #0x00	; 0
      000446 00                    1139 	.db #0x00	; 0
      000447 00                    1140 	.db #0x00	; 0
      000448 00                    1141 	.db #0x00	; 0
      000449 00                    1142 	.db #0x00	; 0
      00044A FF                    1143 	.db #0xff	; 255
      00044B FF                    1144 	.db #0xff	; 255
      00044C 80                    1145 	.db #0x80	; 128
      00044D 83                    1146 	.db #0x83	; 131
      00044E 80                    1147 	.db #0x80	; 128
      00044F 83                    1148 	.db #0x83	; 131
      000450 FF                    1149 	.db #0xff	; 255
      000451 FF                    1150 	.db #0xff	; 255
      000452 00                    1151 	.db #0x00	; 0
      000453 00                    1152 	.db #0x00	; 0
      000454 00                    1153 	.db #0x00	; 0
      000455 00                    1154 	.db #0x00	; 0
      000456 00                    1155 	.db #0x00	; 0
      000457 00                    1156 	.db #0x00	; 0
      000458 00                    1157 	.db #0x00	; 0
      000459 00                    1158 	.db #0x00	; 0
      00045A FF                    1159 	.db #0xff	; 255
      00045B FF                    1160 	.db #0xff	; 255
      00045C 01                    1161 	.db #0x01	; 1
      00045D C1                    1162 	.db #0xc1	; 193
      00045E 01                    1163 	.db #0x01	; 1
      00045F C1                    1164 	.db #0xc1	; 193
                                   1165 	.area _INITIALIZER
                                   1166 	.area _CABS (ABS)
