                                      1 ;--------------------------------------------------------
                                      2 ; File Created by SDCC : free open source ISO C Compiler 
                                      3 ; Version 4.2.2 #13350 (Linux)
                                      4 ;--------------------------------------------------------
                                      5 	.module font
                                      6 	.optsdcc -msm83
                                      7 	
                                      8 ;--------------------------------------------------------
                                      9 ; Public variables in this module
                                     10 ;--------------------------------------------------------
                                     11 	.globl _font
                                     12 	.globl _printf
                                     13 	.globl _return_letter
                                     14 	.globl _pull_letters
                                     15 ;--------------------------------------------------------
                                     16 ; special function registers
                                     17 ;--------------------------------------------------------
                                     18 ;--------------------------------------------------------
                                     19 ; ram data
                                     20 ;--------------------------------------------------------
                                     21 	.area _DATA
                                     22 ;--------------------------------------------------------
                                     23 ; ram data
                                     24 ;--------------------------------------------------------
                                     25 	.area _INITIALIZED
                                     26 ;--------------------------------------------------------
                                     27 ; absolute external ram data
                                     28 ;--------------------------------------------------------
                                     29 	.area _DABS (ABS)
                                     30 ;--------------------------------------------------------
                                     31 ; global & static initialisations
                                     32 ;--------------------------------------------------------
                                     33 	.area _HOME
                                     34 	.area _GSINIT
                                     35 	.area _GSFINAL
                                     36 	.area _GSINIT
                                     37 ;--------------------------------------------------------
                                     38 ; Home
                                     39 ;--------------------------------------------------------
                                     40 	.area _HOME
                                     41 	.area _HOME
                                     42 ;--------------------------------------------------------
                                     43 ; code
                                     44 ;--------------------------------------------------------
                                     45 	.area _CODE
                                     46 ;res/font.c:4: unsigned char* return_letter(uint8_t letter){
                                     47 ;	---------------------------------
                                     48 ; Function return_letter
                                     49 ; ---------------------------------
      000000                         50 _return_letter::
      000000 E8 EC            [16]   51 	add	sp, #-20
      000002 4F               [ 4]   52 	ld	c, a
                                     53 ;res/font.c:5: unsigned char l[]={0x00,0x00,0x00,0x00,0x00,0x00,0x00,0x00};
      000003 F8 00            [12]   54 	ldhl	sp,	#0
      000005 AF               [ 4]   55 	xor	a, a
      000006 22               [ 8]   56 	ld	(hl+), a
      000007 AF               [ 4]   57 	xor	a, a
      000008 22               [ 8]   58 	ld	(hl+), a
      000009 AF               [ 4]   59 	xor	a, a
      00000A 22               [ 8]   60 	ld	(hl+), a
      00000B AF               [ 4]   61 	xor	a, a
      00000C 22               [ 8]   62 	ld	(hl+), a
      00000D AF               [ 4]   63 	xor	a, a
      00000E 22               [ 8]   64 	ld	(hl+), a
      00000F AF               [ 4]   65 	xor	a, a
      000010 22               [ 8]   66 	ld	(hl+), a
                                     67 ;res/font.c:7: for(i=0;i<8;i++){
      000011 AF               [ 4]   68 	xor	a, a
      000012 22               [ 8]   69 	ld	(hl+), a
      000013 77               [ 8]   70 	ld	(hl), a
      000014 46               [ 8]   71 	ld	b, (hl)
      000015                         72 00102$:
                                     73 ;res/font.c:8: l[i] = font[letter*8];
      000015 58               [ 4]   74 	ld	e, b
      000016 16 00            [ 8]   75 	ld	d, #0x00
      000018 21 00 00         [12]   76 	ld	hl, #0
      00001B 39               [ 8]   77 	add	hl, sp
      00001C 19               [ 8]   78 	add	hl, de
      00001D 5D               [ 4]   79 	ld	e, l
      00001E 54               [ 4]   80 	ld	d, h
      00001F 69               [ 4]   81 	ld	l, c
                                     82 ;	spillPairReg hl
                                     83 ;	spillPairReg hl
      000020 26 00            [ 8]   84 	ld	h, #0x00
                                     85 ;	spillPairReg hl
                                     86 ;	spillPairReg hl
      000022 29               [ 8]   87 	add	hl, hl
      000023 29               [ 8]   88 	add	hl, hl
      000024 29               [ 8]   89 	add	hl, hl
      000025 D5               [16]   90 	push	de
      000026 11rC2r00         [12]   91 	ld	de, #_font
      000029 19               [ 8]   92 	add	hl, de
      00002A D1               [12]   93 	pop	de
      00002B 7E               [ 8]   94 	ld	a, (hl)
      00002C 12               [ 8]   95 	ld	(de), a
                                     96 ;res/font.c:7: for(i=0;i<8;i++){
      00002D 04               [ 4]   97 	inc	b
      00002E 78               [ 4]   98 	ld	a, b
      00002F D6 08            [ 8]   99 	sub	a, #0x08
      000031 38 E2            [12]  100 	jr	C, 00102$
                                    101 ;res/font.c:10: printf("%d %d %d %d %d %d %d %d\n",l[0],l[1],l[2],l[3],l[4],l[5],l[6],l[7]);
      000033 F8 07            [12]  102 	ldhl	sp,	#7
      000035 3A               [ 8]  103 	ld	a, (hl-)
      000036 4F               [ 4]  104 	ld	c, a
      000037 06 00            [ 8]  105 	ld	b, #0x00
      000039 2A               [ 8]  106 	ld	a, (hl+)
      00003A 23               [ 8]  107 	inc	hl
      00003B 22               [ 8]  108 	ld	(hl+), a
      00003C 36 00            [12]  109 	ld	(hl), #0x00
      00003E F8 05            [12]  110 	ldhl	sp,	#5
      000040 7E               [ 8]  111 	ld	a, (hl)
      000041 F8 0A            [12]  112 	ldhl	sp,	#10
      000043 22               [ 8]  113 	ld	(hl+), a
      000044 36 00            [12]  114 	ld	(hl), #0x00
      000046 F8 04            [12]  115 	ldhl	sp,	#4
      000048 7E               [ 8]  116 	ld	a, (hl)
      000049 F8 0C            [12]  117 	ldhl	sp,	#12
      00004B 22               [ 8]  118 	ld	(hl+), a
      00004C 36 00            [12]  119 	ld	(hl), #0x00
      00004E F8 03            [12]  120 	ldhl	sp,	#3
      000050 7E               [ 8]  121 	ld	a, (hl)
      000051 F8 0E            [12]  122 	ldhl	sp,	#14
      000053 22               [ 8]  123 	ld	(hl+), a
      000054 36 00            [12]  124 	ld	(hl), #0x00
      000056 F8 02            [12]  125 	ldhl	sp,	#2
      000058 7E               [ 8]  126 	ld	a, (hl)
      000059 F8 10            [12]  127 	ldhl	sp,	#16
      00005B 22               [ 8]  128 	ld	(hl+), a
      00005C 36 00            [12]  129 	ld	(hl), #0x00
      00005E F8 01            [12]  130 	ldhl	sp,	#1
      000060 7E               [ 8]  131 	ld	a, (hl)
      000061 F8 12            [12]  132 	ldhl	sp,	#18
      000063 22               [ 8]  133 	ld	(hl+), a
      000064 36 00            [12]  134 	ld	(hl), #0x00
      000066 F8 00            [12]  135 	ldhl	sp,	#0
      000068 5E               [ 8]  136 	ld	e, (hl)
      000069 16 00            [ 8]  137 	ld	d, #0x00
      00006B C5               [16]  138 	push	bc
      00006C F8 0A            [12]  139 	ldhl	sp,	#10
      00006E 2A               [ 8]  140 	ld	a, (hl+)
      00006F 4F               [ 4]  141 	ld	c, a
      000070 2A               [ 8]  142 	ld	a, (hl+)
      000071 47               [ 4]  143 	ld	b, a
      000072 C5               [16]  144 	push	bc
      000073 2A               [ 8]  145 	ld	a, (hl+)
      000074 4F               [ 4]  146 	ld	c, a
      000075 2A               [ 8]  147 	ld	a, (hl+)
      000076 47               [ 4]  148 	ld	b, a
      000077 C5               [16]  149 	push	bc
      000078 2A               [ 8]  150 	ld	a, (hl+)
      000079 4F               [ 4]  151 	ld	c, a
      00007A 2A               [ 8]  152 	ld	a, (hl+)
      00007B 47               [ 4]  153 	ld	b, a
      00007C C5               [16]  154 	push	bc
      00007D 2A               [ 8]  155 	ld	a, (hl+)
      00007E 4F               [ 4]  156 	ld	c, a
      00007F 2A               [ 8]  157 	ld	a, (hl+)
      000080 47               [ 4]  158 	ld	b, a
      000081 C5               [16]  159 	push	bc
      000082 2A               [ 8]  160 	ld	a, (hl+)
      000083 4F               [ 4]  161 	ld	c, a
      000084 2A               [ 8]  162 	ld	a, (hl+)
      000085 47               [ 4]  163 	ld	b, a
      000086 C5               [16]  164 	push	bc
      000087 2A               [ 8]  165 	ld	a, (hl+)
      000088 4F               [ 4]  166 	ld	c, a
      000089 46               [ 8]  167 	ld	b, (hl)
      00008A C5               [16]  168 	push	bc
      00008B D5               [16]  169 	push	de
      00008C 11r9Er00         [12]  170 	ld	de, #___str_0
      00008F D5               [16]  171 	push	de
      000090 CDr00r00         [24]  172 	call	_printf
      000093 E8 12            [16]  173 	add	sp, #18
                                    174 ;res/font.c:11: return l;
      000095 21 00 00         [12]  175 	ld	hl, #0
      000098 39               [ 8]  176 	add	hl, sp
      000099 4D               [ 4]  177 	ld	c, l
      00009A 44               [ 4]  178 	ld	b, h
                                    179 ;res/font.c:12: }
      00009B E8 14            [16]  180 	add	sp, #20
      00009D C9               [16]  181 	ret
      00009E                        182 ___str_0:
      00009E 25 64 20 25 64 20 25   183 	.ascii "%d %d %d %d %d %d %d %d"
             64 20 25 64 20 25 64
             20 25 64 20 25 64 20
             25 64
      0000B5 0A                     184 	.db 0x0a
      0000B6 00                     185 	.db 0x00
                                    186 ;res/font.c:14: void pull_letters(unsigned char *str,uint8_t str_size,uint8_t mem_region){
                                    187 ;	---------------------------------
                                    188 ; Function pull_letters
                                    189 ; ---------------------------------
      0000B7                        190 _pull_letters::
      0000B7 4F               [ 4]  191 	ld	c, a
                                    192 ;res/font.c:17: for(i=0;i < str_size;i++){
      0000B8 AF               [ 4]  193 	xor	a, a
      0000B9                        194 00103$:
      0000B9 B9               [ 4]  195 	cp	a, c
      0000BA 30 03            [12]  196 	jr	NC, 00105$
      0000BC 3C               [ 4]  197 	inc	a
      0000BD 18 FA            [12]  198 	jr	00103$
      0000BF                        199 00105$:
                                    200 ;res/font.c:19: }
      0000BF E1               [12]  201 	pop	hl
      0000C0 33               [ 8]  202 	inc	sp
      0000C1 E9               [ 4]  203 	jp	(hl)
                                    204 	.area _CODE
      0000C2                        205 _font:
      0000C2 00                     206 	.db #0x00	; 0
      0000C3 00                     207 	.db #0x00	; 0
      0000C4 00                     208 	.db #0x00	; 0
      0000C5 00                     209 	.db #0x00	; 0
      0000C6 00                     210 	.db #0x00	; 0
      0000C7 00                     211 	.db #0x00	; 0
      0000C8 00                     212 	.db #0x00	; 0
      0000C9 00                     213 	.db #0x00	; 0
      0000CA 00                     214 	.db #0x00	; 0
      0000CB 00                     215 	.db #0x00	; 0
      0000CC 00                     216 	.db #0x00	; 0
      0000CD 00                     217 	.db #0x00	; 0
      0000CE 00                     218 	.db #0x00	; 0
      0000CF 00                     219 	.db #0x00	; 0
      0000D0 00                     220 	.db #0x00	; 0
      0000D1 00                     221 	.db #0x00	; 0
      0000D2 00                     222 	.db #0x00	; 0
      0000D3 00                     223 	.db #0x00	; 0
      0000D4 00                     224 	.db #0x00	; 0
      0000D5 00                     225 	.db #0x00	; 0
      0000D6 00                     226 	.db #0x00	; 0
      0000D7 00                     227 	.db #0x00	; 0
      0000D8 00                     228 	.db #0x00	; 0
      0000D9 00                     229 	.db #0x00	; 0
      0000DA 00                     230 	.db #0x00	; 0
      0000DB 00                     231 	.db #0x00	; 0
      0000DC 00                     232 	.db #0x00	; 0
      0000DD 00                     233 	.db #0x00	; 0
      0000DE 00                     234 	.db #0x00	; 0
      0000DF 00                     235 	.db #0x00	; 0
      0000E0 00                     236 	.db #0x00	; 0
      0000E1 00                     237 	.db #0x00	; 0
      0000E2 00                     238 	.db #0x00	; 0
      0000E3 00                     239 	.db #0x00	; 0
      0000E4 00                     240 	.db #0x00	; 0
      0000E5 00                     241 	.db #0x00	; 0
      0000E6 00                     242 	.db #0x00	; 0
      0000E7 00                     243 	.db #0x00	; 0
      0000E8 00                     244 	.db #0x00	; 0
      0000E9 00                     245 	.db #0x00	; 0
      0000EA 00                     246 	.db #0x00	; 0
      0000EB 00                     247 	.db #0x00	; 0
      0000EC 00                     248 	.db #0x00	; 0
      0000ED 00                     249 	.db #0x00	; 0
      0000EE 00                     250 	.db #0x00	; 0
      0000EF 00                     251 	.db #0x00	; 0
      0000F0 00                     252 	.db #0x00	; 0
      0000F1 00                     253 	.db #0x00	; 0
      0000F2 00                     254 	.db #0x00	; 0
      0000F3 00                     255 	.db #0x00	; 0
      0000F4 00                     256 	.db #0x00	; 0
      0000F5 00                     257 	.db #0x00	; 0
      0000F6 00                     258 	.db #0x00	; 0
      0000F7 00                     259 	.db #0x00	; 0
      0000F8 00                     260 	.db #0x00	; 0
      0000F9 00                     261 	.db #0x00	; 0
      0000FA 00                     262 	.db #0x00	; 0
      0000FB 00                     263 	.db #0x00	; 0
      0000FC 00                     264 	.db #0x00	; 0
      0000FD 00                     265 	.db #0x00	; 0
      0000FE 00                     266 	.db #0x00	; 0
      0000FF 00                     267 	.db #0x00	; 0
      000100 00                     268 	.db #0x00	; 0
      000101 00                     269 	.db #0x00	; 0
      000102 00                     270 	.db #0x00	; 0
      000103 00                     271 	.db #0x00	; 0
      000104 00                     272 	.db #0x00	; 0
      000105 00                     273 	.db #0x00	; 0
      000106 00                     274 	.db #0x00	; 0
      000107 00                     275 	.db #0x00	; 0
      000108 00                     276 	.db #0x00	; 0
      000109 00                     277 	.db #0x00	; 0
      00010A 00                     278 	.db #0x00	; 0
      00010B 00                     279 	.db #0x00	; 0
      00010C 00                     280 	.db #0x00	; 0
      00010D 00                     281 	.db #0x00	; 0
      00010E 00                     282 	.db #0x00	; 0
      00010F 00                     283 	.db #0x00	; 0
      000110 00                     284 	.db #0x00	; 0
      000111 00                     285 	.db #0x00	; 0
      000112 00                     286 	.db #0x00	; 0
      000113 00                     287 	.db #0x00	; 0
      000114 00                     288 	.db #0x00	; 0
      000115 00                     289 	.db #0x00	; 0
      000116 00                     290 	.db #0x00	; 0
      000117 00                     291 	.db #0x00	; 0
      000118 00                     292 	.db #0x00	; 0
      000119 00                     293 	.db #0x00	; 0
      00011A 00                     294 	.db #0x00	; 0
      00011B 00                     295 	.db #0x00	; 0
      00011C 00                     296 	.db #0x00	; 0
      00011D 00                     297 	.db #0x00	; 0
      00011E 00                     298 	.db #0x00	; 0
      00011F 00                     299 	.db #0x00	; 0
      000120 00                     300 	.db #0x00	; 0
      000121 00                     301 	.db #0x00	; 0
      000122 00                     302 	.db #0x00	; 0
      000123 00                     303 	.db #0x00	; 0
      000124 00                     304 	.db #0x00	; 0
      000125 00                     305 	.db #0x00	; 0
      000126 00                     306 	.db #0x00	; 0
      000127 00                     307 	.db #0x00	; 0
      000128 00                     308 	.db #0x00	; 0
      000129 00                     309 	.db #0x00	; 0
      00012A 00                     310 	.db #0x00	; 0
      00012B 00                     311 	.db #0x00	; 0
      00012C 00                     312 	.db #0x00	; 0
      00012D 00                     313 	.db #0x00	; 0
      00012E 00                     314 	.db #0x00	; 0
      00012F 00                     315 	.db #0x00	; 0
      000130 00                     316 	.db #0x00	; 0
      000131 00                     317 	.db #0x00	; 0
      000132 00                     318 	.db #0x00	; 0
      000133 00                     319 	.db #0x00	; 0
      000134 00                     320 	.db #0x00	; 0
      000135 00                     321 	.db #0x00	; 0
      000136 00                     322 	.db #0x00	; 0
      000137 00                     323 	.db #0x00	; 0
      000138 00                     324 	.db #0x00	; 0
      000139 00                     325 	.db #0x00	; 0
      00013A 00                     326 	.db #0x00	; 0
      00013B 00                     327 	.db #0x00	; 0
      00013C 00                     328 	.db #0x00	; 0
      00013D 00                     329 	.db #0x00	; 0
      00013E 00                     330 	.db #0x00	; 0
      00013F 00                     331 	.db #0x00	; 0
      000140 00                     332 	.db #0x00	; 0
      000141 00                     333 	.db #0x00	; 0
      000142 00                     334 	.db #0x00	; 0
      000143 00                     335 	.db #0x00	; 0
      000144 00                     336 	.db #0x00	; 0
      000145 00                     337 	.db #0x00	; 0
      000146 00                     338 	.db #0x00	; 0
      000147 00                     339 	.db #0x00	; 0
      000148 00                     340 	.db #0x00	; 0
      000149 00                     341 	.db #0x00	; 0
      00014A 00                     342 	.db #0x00	; 0
      00014B 00                     343 	.db #0x00	; 0
      00014C 00                     344 	.db #0x00	; 0
      00014D 00                     345 	.db #0x00	; 0
      00014E 00                     346 	.db #0x00	; 0
      00014F 00                     347 	.db #0x00	; 0
      000150 00                     348 	.db #0x00	; 0
      000151 00                     349 	.db #0x00	; 0
      000152 00                     350 	.db #0x00	; 0
      000153 00                     351 	.db #0x00	; 0
      000154 00                     352 	.db #0x00	; 0
      000155 00                     353 	.db #0x00	; 0
      000156 00                     354 	.db #0x00	; 0
      000157 00                     355 	.db #0x00	; 0
      000158 00                     356 	.db #0x00	; 0
      000159 00                     357 	.db #0x00	; 0
      00015A 00                     358 	.db #0x00	; 0
      00015B 00                     359 	.db #0x00	; 0
      00015C 00                     360 	.db #0x00	; 0
      00015D 00                     361 	.db #0x00	; 0
      00015E 00                     362 	.db #0x00	; 0
      00015F 00                     363 	.db #0x00	; 0
      000160 00                     364 	.db #0x00	; 0
      000161 00                     365 	.db #0x00	; 0
      000162 00                     366 	.db #0x00	; 0
      000163 00                     367 	.db #0x00	; 0
      000164 00                     368 	.db #0x00	; 0
      000165 00                     369 	.db #0x00	; 0
      000166 00                     370 	.db #0x00	; 0
      000167 00                     371 	.db #0x00	; 0
      000168 00                     372 	.db #0x00	; 0
      000169 00                     373 	.db #0x00	; 0
      00016A 00                     374 	.db #0x00	; 0
      00016B 00                     375 	.db #0x00	; 0
      00016C 00                     376 	.db #0x00	; 0
      00016D 00                     377 	.db #0x00	; 0
      00016E 00                     378 	.db #0x00	; 0
      00016F 00                     379 	.db #0x00	; 0
      000170 00                     380 	.db #0x00	; 0
      000171 00                     381 	.db #0x00	; 0
      000172 00                     382 	.db #0x00	; 0
      000173 00                     383 	.db #0x00	; 0
      000174 00                     384 	.db #0x00	; 0
      000175 00                     385 	.db #0x00	; 0
      000176 00                     386 	.db #0x00	; 0
      000177 00                     387 	.db #0x00	; 0
      000178 00                     388 	.db #0x00	; 0
      000179 00                     389 	.db #0x00	; 0
      00017A 00                     390 	.db #0x00	; 0
      00017B 00                     391 	.db #0x00	; 0
      00017C 00                     392 	.db #0x00	; 0
      00017D 00                     393 	.db #0x00	; 0
      00017E 00                     394 	.db #0x00	; 0
      00017F 00                     395 	.db #0x00	; 0
      000180 00                     396 	.db #0x00	; 0
      000181 00                     397 	.db #0x00	; 0
      000182 00                     398 	.db #0x00	; 0
      000183 00                     399 	.db #0x00	; 0
      000184 00                     400 	.db #0x00	; 0
      000185 00                     401 	.db #0x00	; 0
      000186 00                     402 	.db #0x00	; 0
      000187 00                     403 	.db #0x00	; 0
      000188 00                     404 	.db #0x00	; 0
      000189 00                     405 	.db #0x00	; 0
      00018A 00                     406 	.db #0x00	; 0
      00018B 00                     407 	.db #0x00	; 0
      00018C 00                     408 	.db #0x00	; 0
      00018D 00                     409 	.db #0x00	; 0
      00018E 00                     410 	.db #0x00	; 0
      00018F 00                     411 	.db #0x00	; 0
      000190 00                     412 	.db #0x00	; 0
      000191 00                     413 	.db #0x00	; 0
      000192 00                     414 	.db #0x00	; 0
      000193 00                     415 	.db #0x00	; 0
      000194 00                     416 	.db #0x00	; 0
      000195 00                     417 	.db #0x00	; 0
      000196 00                     418 	.db #0x00	; 0
      000197 00                     419 	.db #0x00	; 0
      000198 00                     420 	.db #0x00	; 0
      000199 00                     421 	.db #0x00	; 0
      00019A 00                     422 	.db #0x00	; 0
      00019B 00                     423 	.db #0x00	; 0
      00019C 00                     424 	.db #0x00	; 0
      00019D 00                     425 	.db #0x00	; 0
      00019E 00                     426 	.db #0x00	; 0
      00019F 00                     427 	.db #0x00	; 0
      0001A0 00                     428 	.db #0x00	; 0
      0001A1 00                     429 	.db #0x00	; 0
      0001A2 00                     430 	.db #0x00	; 0
      0001A3 00                     431 	.db #0x00	; 0
      0001A4 00                     432 	.db #0x00	; 0
      0001A5 00                     433 	.db #0x00	; 0
      0001A6 00                     434 	.db #0x00	; 0
      0001A7 00                     435 	.db #0x00	; 0
      0001A8 00                     436 	.db #0x00	; 0
      0001A9 00                     437 	.db #0x00	; 0
      0001AA 00                     438 	.db #0x00	; 0
      0001AB 00                     439 	.db #0x00	; 0
      0001AC 00                     440 	.db #0x00	; 0
      0001AD 00                     441 	.db #0x00	; 0
      0001AE 00                     442 	.db #0x00	; 0
      0001AF 00                     443 	.db #0x00	; 0
      0001B0 00                     444 	.db #0x00	; 0
      0001B1 00                     445 	.db #0x00	; 0
      0001B2 00                     446 	.db #0x00	; 0
      0001B3 00                     447 	.db #0x00	; 0
      0001B4 00                     448 	.db #0x00	; 0
      0001B5 00                     449 	.db #0x00	; 0
      0001B6 00                     450 	.db #0x00	; 0
      0001B7 00                     451 	.db #0x00	; 0
      0001B8 00                     452 	.db #0x00	; 0
      0001B9 00                     453 	.db #0x00	; 0
      0001BA 00                     454 	.db #0x00	; 0
      0001BB 00                     455 	.db #0x00	; 0
      0001BC 00                     456 	.db #0x00	; 0
      0001BD 00                     457 	.db #0x00	; 0
      0001BE 00                     458 	.db #0x00	; 0
      0001BF 00                     459 	.db #0x00	; 0
      0001C0 00                     460 	.db #0x00	; 0
      0001C1 00                     461 	.db #0x00	; 0
      0001C2 00                     462 	.db #0x00	; 0
      0001C3 00                     463 	.db #0x00	; 0
      0001C4 00                     464 	.db #0x00	; 0
      0001C5 00                     465 	.db #0x00	; 0
      0001C6 00                     466 	.db #0x00	; 0
      0001C7 00                     467 	.db #0x00	; 0
      0001C8 00                     468 	.db #0x00	; 0
      0001C9 00                     469 	.db #0x00	; 0
      0001CA 18                     470 	.db #0x18	; 24
      0001CB 3C                     471 	.db #0x3c	; 60
      0001CC 3C                     472 	.db #0x3c	; 60
      0001CD 18                     473 	.db #0x18	; 24
      0001CE 18                     474 	.db #0x18	; 24
      0001CF 00                     475 	.db #0x00	; 0
      0001D0 18                     476 	.db #0x18	; 24
      0001D1 00                     477 	.db #0x00	; 0
      0001D2 36                     478 	.db #0x36	; 54	'6'
      0001D3 36                     479 	.db #0x36	; 54	'6'
      0001D4 00                     480 	.db #0x00	; 0
      0001D5 00                     481 	.db #0x00	; 0
      0001D6 00                     482 	.db #0x00	; 0
      0001D7 00                     483 	.db #0x00	; 0
      0001D8 00                     484 	.db #0x00	; 0
      0001D9 00                     485 	.db #0x00	; 0
      0001DA 36                     486 	.db #0x36	; 54	'6'
      0001DB 36                     487 	.db #0x36	; 54	'6'
      0001DC 7F                     488 	.db #0x7f	; 127
      0001DD 36                     489 	.db #0x36	; 54	'6'
      0001DE 7F                     490 	.db #0x7f	; 127
      0001DF 36                     491 	.db #0x36	; 54	'6'
      0001E0 36                     492 	.db #0x36	; 54	'6'
      0001E1 00                     493 	.db #0x00	; 0
      0001E2 0C                     494 	.db #0x0c	; 12
      0001E3 3E                     495 	.db #0x3e	; 62
      0001E4 03                     496 	.db #0x03	; 3
      0001E5 1E                     497 	.db #0x1e	; 30
      0001E6 30                     498 	.db #0x30	; 48	'0'
      0001E7 1F                     499 	.db #0x1f	; 31
      0001E8 0C                     500 	.db #0x0c	; 12
      0001E9 00                     501 	.db #0x00	; 0
      0001EA 00                     502 	.db #0x00	; 0
      0001EB 63                     503 	.db #0x63	; 99	'c'
      0001EC 33                     504 	.db #0x33	; 51	'3'
      0001ED 18                     505 	.db #0x18	; 24
      0001EE 0C                     506 	.db #0x0c	; 12
      0001EF 66                     507 	.db #0x66	; 102	'f'
      0001F0 63                     508 	.db #0x63	; 99	'c'
      0001F1 00                     509 	.db #0x00	; 0
      0001F2 1C                     510 	.db #0x1c	; 28
      0001F3 36                     511 	.db #0x36	; 54	'6'
      0001F4 1C                     512 	.db #0x1c	; 28
      0001F5 6E                     513 	.db #0x6e	; 110	'n'
      0001F6 3B                     514 	.db #0x3b	; 59
      0001F7 33                     515 	.db #0x33	; 51	'3'
      0001F8 6E                     516 	.db #0x6e	; 110	'n'
      0001F9 00                     517 	.db #0x00	; 0
      0001FA 06                     518 	.db #0x06	; 6
      0001FB 06                     519 	.db #0x06	; 6
      0001FC 03                     520 	.db #0x03	; 3
      0001FD 00                     521 	.db #0x00	; 0
      0001FE 00                     522 	.db #0x00	; 0
      0001FF 00                     523 	.db #0x00	; 0
      000200 00                     524 	.db #0x00	; 0
      000201 00                     525 	.db #0x00	; 0
      000202 18                     526 	.db #0x18	; 24
      000203 0C                     527 	.db #0x0c	; 12
      000204 06                     528 	.db #0x06	; 6
      000205 06                     529 	.db #0x06	; 6
      000206 06                     530 	.db #0x06	; 6
      000207 0C                     531 	.db #0x0c	; 12
      000208 18                     532 	.db #0x18	; 24
      000209 00                     533 	.db #0x00	; 0
      00020A 06                     534 	.db #0x06	; 6
      00020B 0C                     535 	.db #0x0c	; 12
      00020C 18                     536 	.db #0x18	; 24
      00020D 18                     537 	.db #0x18	; 24
      00020E 18                     538 	.db #0x18	; 24
      00020F 0C                     539 	.db #0x0c	; 12
      000210 06                     540 	.db #0x06	; 6
      000211 00                     541 	.db #0x00	; 0
      000212 00                     542 	.db #0x00	; 0
      000213 66                     543 	.db #0x66	; 102	'f'
      000214 3C                     544 	.db #0x3c	; 60
      000215 FF                     545 	.db #0xff	; 255
      000216 3C                     546 	.db #0x3c	; 60
      000217 66                     547 	.db #0x66	; 102	'f'
      000218 00                     548 	.db #0x00	; 0
      000219 00                     549 	.db #0x00	; 0
      00021A 00                     550 	.db #0x00	; 0
      00021B 0C                     551 	.db #0x0c	; 12
      00021C 0C                     552 	.db #0x0c	; 12
      00021D 3F                     553 	.db #0x3f	; 63
      00021E 0C                     554 	.db #0x0c	; 12
      00021F 0C                     555 	.db #0x0c	; 12
      000220 00                     556 	.db #0x00	; 0
      000221 00                     557 	.db #0x00	; 0
      000222 00                     558 	.db #0x00	; 0
      000223 00                     559 	.db #0x00	; 0
      000224 00                     560 	.db #0x00	; 0
      000225 00                     561 	.db #0x00	; 0
      000226 00                     562 	.db #0x00	; 0
      000227 0C                     563 	.db #0x0c	; 12
      000228 0C                     564 	.db #0x0c	; 12
      000229 06                     565 	.db #0x06	; 6
      00022A 00                     566 	.db #0x00	; 0
      00022B 00                     567 	.db #0x00	; 0
      00022C 00                     568 	.db #0x00	; 0
      00022D 3F                     569 	.db #0x3f	; 63
      00022E 00                     570 	.db #0x00	; 0
      00022F 00                     571 	.db #0x00	; 0
      000230 00                     572 	.db #0x00	; 0
      000231 00                     573 	.db #0x00	; 0
      000232 00                     574 	.db #0x00	; 0
      000233 00                     575 	.db #0x00	; 0
      000234 00                     576 	.db #0x00	; 0
      000235 00                     577 	.db #0x00	; 0
      000236 00                     578 	.db #0x00	; 0
      000237 0C                     579 	.db #0x0c	; 12
      000238 0C                     580 	.db #0x0c	; 12
      000239 00                     581 	.db #0x00	; 0
      00023A 60                     582 	.db #0x60	; 96
      00023B 30                     583 	.db #0x30	; 48	'0'
      00023C 18                     584 	.db #0x18	; 24
      00023D 0C                     585 	.db #0x0c	; 12
      00023E 06                     586 	.db #0x06	; 6
      00023F 03                     587 	.db #0x03	; 3
      000240 01                     588 	.db #0x01	; 1
      000241 00                     589 	.db #0x00	; 0
      000242 3E                     590 	.db #0x3e	; 62
      000243 63                     591 	.db #0x63	; 99	'c'
      000244 73                     592 	.db #0x73	; 115	's'
      000245 7B                     593 	.db #0x7b	; 123
      000246 6F                     594 	.db #0x6f	; 111	'o'
      000247 67                     595 	.db #0x67	; 103	'g'
      000248 3E                     596 	.db #0x3e	; 62
      000249 00                     597 	.db #0x00	; 0
      00024A 0C                     598 	.db #0x0c	; 12
      00024B 0E                     599 	.db #0x0e	; 14
      00024C 0C                     600 	.db #0x0c	; 12
      00024D 0C                     601 	.db #0x0c	; 12
      00024E 0C                     602 	.db #0x0c	; 12
      00024F 0C                     603 	.db #0x0c	; 12
      000250 3F                     604 	.db #0x3f	; 63
      000251 00                     605 	.db #0x00	; 0
      000252 1E                     606 	.db #0x1e	; 30
      000253 33                     607 	.db #0x33	; 51	'3'
      000254 30                     608 	.db #0x30	; 48	'0'
      000255 1C                     609 	.db #0x1c	; 28
      000256 06                     610 	.db #0x06	; 6
      000257 33                     611 	.db #0x33	; 51	'3'
      000258 3F                     612 	.db #0x3f	; 63
      000259 00                     613 	.db #0x00	; 0
      00025A 1E                     614 	.db #0x1e	; 30
      00025B 33                     615 	.db #0x33	; 51	'3'
      00025C 30                     616 	.db #0x30	; 48	'0'
      00025D 1C                     617 	.db #0x1c	; 28
      00025E 30                     618 	.db #0x30	; 48	'0'
      00025F 33                     619 	.db #0x33	; 51	'3'
      000260 1E                     620 	.db #0x1e	; 30
      000261 00                     621 	.db #0x00	; 0
      000262 38                     622 	.db #0x38	; 56	'8'
      000263 3C                     623 	.db #0x3c	; 60
      000264 36                     624 	.db #0x36	; 54	'6'
      000265 33                     625 	.db #0x33	; 51	'3'
      000266 7F                     626 	.db #0x7f	; 127
      000267 30                     627 	.db #0x30	; 48	'0'
      000268 78                     628 	.db #0x78	; 120	'x'
      000269 00                     629 	.db #0x00	; 0
      00026A 3F                     630 	.db #0x3f	; 63
      00026B 03                     631 	.db #0x03	; 3
      00026C 1F                     632 	.db #0x1f	; 31
      00026D 30                     633 	.db #0x30	; 48	'0'
      00026E 30                     634 	.db #0x30	; 48	'0'
      00026F 33                     635 	.db #0x33	; 51	'3'
      000270 1E                     636 	.db #0x1e	; 30
      000271 00                     637 	.db #0x00	; 0
      000272 1C                     638 	.db #0x1c	; 28
      000273 06                     639 	.db #0x06	; 6
      000274 03                     640 	.db #0x03	; 3
      000275 1F                     641 	.db #0x1f	; 31
      000276 33                     642 	.db #0x33	; 51	'3'
      000277 33                     643 	.db #0x33	; 51	'3'
      000278 1E                     644 	.db #0x1e	; 30
      000279 00                     645 	.db #0x00	; 0
      00027A 3F                     646 	.db #0x3f	; 63
      00027B 33                     647 	.db #0x33	; 51	'3'
      00027C 30                     648 	.db #0x30	; 48	'0'
      00027D 18                     649 	.db #0x18	; 24
      00027E 0C                     650 	.db #0x0c	; 12
      00027F 0C                     651 	.db #0x0c	; 12
      000280 0C                     652 	.db #0x0c	; 12
      000281 00                     653 	.db #0x00	; 0
      000282 1E                     654 	.db #0x1e	; 30
      000283 33                     655 	.db #0x33	; 51	'3'
      000284 33                     656 	.db #0x33	; 51	'3'
      000285 1E                     657 	.db #0x1e	; 30
      000286 33                     658 	.db #0x33	; 51	'3'
      000287 33                     659 	.db #0x33	; 51	'3'
      000288 1E                     660 	.db #0x1e	; 30
      000289 00                     661 	.db #0x00	; 0
      00028A 1E                     662 	.db #0x1e	; 30
      00028B 33                     663 	.db #0x33	; 51	'3'
      00028C 33                     664 	.db #0x33	; 51	'3'
      00028D 3E                     665 	.db #0x3e	; 62
      00028E 30                     666 	.db #0x30	; 48	'0'
      00028F 18                     667 	.db #0x18	; 24
      000290 0E                     668 	.db #0x0e	; 14
      000291 00                     669 	.db #0x00	; 0
      000292 00                     670 	.db #0x00	; 0
      000293 0C                     671 	.db #0x0c	; 12
      000294 0C                     672 	.db #0x0c	; 12
      000295 00                     673 	.db #0x00	; 0
      000296 00                     674 	.db #0x00	; 0
      000297 0C                     675 	.db #0x0c	; 12
      000298 0C                     676 	.db #0x0c	; 12
      000299 00                     677 	.db #0x00	; 0
      00029A 00                     678 	.db #0x00	; 0
      00029B 0C                     679 	.db #0x0c	; 12
      00029C 0C                     680 	.db #0x0c	; 12
      00029D 00                     681 	.db #0x00	; 0
      00029E 00                     682 	.db #0x00	; 0
      00029F 0C                     683 	.db #0x0c	; 12
      0002A0 0C                     684 	.db #0x0c	; 12
      0002A1 06                     685 	.db #0x06	; 6
      0002A2 18                     686 	.db #0x18	; 24
      0002A3 0C                     687 	.db #0x0c	; 12
      0002A4 06                     688 	.db #0x06	; 6
      0002A5 03                     689 	.db #0x03	; 3
      0002A6 06                     690 	.db #0x06	; 6
      0002A7 0C                     691 	.db #0x0c	; 12
      0002A8 18                     692 	.db #0x18	; 24
      0002A9 00                     693 	.db #0x00	; 0
      0002AA 00                     694 	.db #0x00	; 0
      0002AB 00                     695 	.db #0x00	; 0
      0002AC 3F                     696 	.db #0x3f	; 63
      0002AD 00                     697 	.db #0x00	; 0
      0002AE 00                     698 	.db #0x00	; 0
      0002AF 3F                     699 	.db #0x3f	; 63
      0002B0 00                     700 	.db #0x00	; 0
      0002B1 00                     701 	.db #0x00	; 0
      0002B2 06                     702 	.db #0x06	; 6
      0002B3 0C                     703 	.db #0x0c	; 12
      0002B4 18                     704 	.db #0x18	; 24
      0002B5 30                     705 	.db #0x30	; 48	'0'
      0002B6 18                     706 	.db #0x18	; 24
      0002B7 0C                     707 	.db #0x0c	; 12
      0002B8 06                     708 	.db #0x06	; 6
      0002B9 00                     709 	.db #0x00	; 0
      0002BA 1E                     710 	.db #0x1e	; 30
      0002BB 33                     711 	.db #0x33	; 51	'3'
      0002BC 30                     712 	.db #0x30	; 48	'0'
      0002BD 18                     713 	.db #0x18	; 24
      0002BE 0C                     714 	.db #0x0c	; 12
      0002BF 00                     715 	.db #0x00	; 0
      0002C0 0C                     716 	.db #0x0c	; 12
      0002C1 00                     717 	.db #0x00	; 0
      0002C2 3E                     718 	.db #0x3e	; 62
      0002C3 63                     719 	.db #0x63	; 99	'c'
      0002C4 7B                     720 	.db #0x7b	; 123
      0002C5 7B                     721 	.db #0x7b	; 123
      0002C6 7B                     722 	.db #0x7b	; 123
      0002C7 03                     723 	.db #0x03	; 3
      0002C8 1E                     724 	.db #0x1e	; 30
      0002C9 00                     725 	.db #0x00	; 0
      0002CA 0C                     726 	.db #0x0c	; 12
      0002CB 1E                     727 	.db #0x1e	; 30
      0002CC 33                     728 	.db #0x33	; 51	'3'
      0002CD 33                     729 	.db #0x33	; 51	'3'
      0002CE 3F                     730 	.db #0x3f	; 63
      0002CF 33                     731 	.db #0x33	; 51	'3'
      0002D0 33                     732 	.db #0x33	; 51	'3'
      0002D1 00                     733 	.db #0x00	; 0
      0002D2 3F                     734 	.db #0x3f	; 63
      0002D3 66                     735 	.db #0x66	; 102	'f'
      0002D4 66                     736 	.db #0x66	; 102	'f'
      0002D5 3E                     737 	.db #0x3e	; 62
      0002D6 66                     738 	.db #0x66	; 102	'f'
      0002D7 66                     739 	.db #0x66	; 102	'f'
      0002D8 3F                     740 	.db #0x3f	; 63
      0002D9 00                     741 	.db #0x00	; 0
      0002DA 3C                     742 	.db #0x3c	; 60
      0002DB 66                     743 	.db #0x66	; 102	'f'
      0002DC 03                     744 	.db #0x03	; 3
      0002DD 03                     745 	.db #0x03	; 3
      0002DE 03                     746 	.db #0x03	; 3
      0002DF 66                     747 	.db #0x66	; 102	'f'
      0002E0 3C                     748 	.db #0x3c	; 60
      0002E1 00                     749 	.db #0x00	; 0
      0002E2 1F                     750 	.db #0x1f	; 31
      0002E3 36                     751 	.db #0x36	; 54	'6'
      0002E4 66                     752 	.db #0x66	; 102	'f'
      0002E5 66                     753 	.db #0x66	; 102	'f'
      0002E6 66                     754 	.db #0x66	; 102	'f'
      0002E7 36                     755 	.db #0x36	; 54	'6'
      0002E8 1F                     756 	.db #0x1f	; 31
      0002E9 00                     757 	.db #0x00	; 0
      0002EA 7F                     758 	.db #0x7f	; 127
      0002EB 46                     759 	.db #0x46	; 70	'F'
      0002EC 16                     760 	.db #0x16	; 22
      0002ED 1E                     761 	.db #0x1e	; 30
      0002EE 16                     762 	.db #0x16	; 22
      0002EF 46                     763 	.db #0x46	; 70	'F'
      0002F0 7F                     764 	.db #0x7f	; 127
      0002F1 00                     765 	.db #0x00	; 0
      0002F2 7F                     766 	.db #0x7f	; 127
      0002F3 46                     767 	.db #0x46	; 70	'F'
      0002F4 16                     768 	.db #0x16	; 22
      0002F5 1E                     769 	.db #0x1e	; 30
      0002F6 16                     770 	.db #0x16	; 22
      0002F7 06                     771 	.db #0x06	; 6
      0002F8 0F                     772 	.db #0x0f	; 15
      0002F9 00                     773 	.db #0x00	; 0
      0002FA 3C                     774 	.db #0x3c	; 60
      0002FB 66                     775 	.db #0x66	; 102	'f'
      0002FC 03                     776 	.db #0x03	; 3
      0002FD 03                     777 	.db #0x03	; 3
      0002FE 73                     778 	.db #0x73	; 115	's'
      0002FF 66                     779 	.db #0x66	; 102	'f'
      000300 7C                     780 	.db #0x7c	; 124
      000301 00                     781 	.db #0x00	; 0
      000302 33                     782 	.db #0x33	; 51	'3'
      000303 33                     783 	.db #0x33	; 51	'3'
      000304 33                     784 	.db #0x33	; 51	'3'
      000305 3F                     785 	.db #0x3f	; 63
      000306 33                     786 	.db #0x33	; 51	'3'
      000307 33                     787 	.db #0x33	; 51	'3'
      000308 33                     788 	.db #0x33	; 51	'3'
      000309 00                     789 	.db #0x00	; 0
      00030A 1E                     790 	.db #0x1e	; 30
      00030B 0C                     791 	.db #0x0c	; 12
      00030C 0C                     792 	.db #0x0c	; 12
      00030D 0C                     793 	.db #0x0c	; 12
      00030E 0C                     794 	.db #0x0c	; 12
      00030F 0C                     795 	.db #0x0c	; 12
      000310 1E                     796 	.db #0x1e	; 30
      000311 00                     797 	.db #0x00	; 0
      000312 78                     798 	.db #0x78	; 120	'x'
      000313 30                     799 	.db #0x30	; 48	'0'
      000314 30                     800 	.db #0x30	; 48	'0'
      000315 30                     801 	.db #0x30	; 48	'0'
      000316 33                     802 	.db #0x33	; 51	'3'
      000317 33                     803 	.db #0x33	; 51	'3'
      000318 1E                     804 	.db #0x1e	; 30
      000319 00                     805 	.db #0x00	; 0
      00031A 67                     806 	.db #0x67	; 103	'g'
      00031B 66                     807 	.db #0x66	; 102	'f'
      00031C 36                     808 	.db #0x36	; 54	'6'
      00031D 1E                     809 	.db #0x1e	; 30
      00031E 36                     810 	.db #0x36	; 54	'6'
      00031F 66                     811 	.db #0x66	; 102	'f'
      000320 67                     812 	.db #0x67	; 103	'g'
      000321 00                     813 	.db #0x00	; 0
      000322 0F                     814 	.db #0x0f	; 15
      000323 06                     815 	.db #0x06	; 6
      000324 06                     816 	.db #0x06	; 6
      000325 06                     817 	.db #0x06	; 6
      000326 46                     818 	.db #0x46	; 70	'F'
      000327 66                     819 	.db #0x66	; 102	'f'
      000328 7F                     820 	.db #0x7f	; 127
      000329 00                     821 	.db #0x00	; 0
      00032A 63                     822 	.db #0x63	; 99	'c'
      00032B 77                     823 	.db #0x77	; 119	'w'
      00032C 7F                     824 	.db #0x7f	; 127
      00032D 7F                     825 	.db #0x7f	; 127
      00032E 6B                     826 	.db #0x6b	; 107	'k'
      00032F 63                     827 	.db #0x63	; 99	'c'
      000330 63                     828 	.db #0x63	; 99	'c'
      000331 00                     829 	.db #0x00	; 0
      000332 63                     830 	.db #0x63	; 99	'c'
      000333 67                     831 	.db #0x67	; 103	'g'
      000334 6F                     832 	.db #0x6f	; 111	'o'
      000335 7B                     833 	.db #0x7b	; 123
      000336 73                     834 	.db #0x73	; 115	's'
      000337 63                     835 	.db #0x63	; 99	'c'
      000338 63                     836 	.db #0x63	; 99	'c'
      000339 00                     837 	.db #0x00	; 0
      00033A 1C                     838 	.db #0x1c	; 28
      00033B 36                     839 	.db #0x36	; 54	'6'
      00033C 63                     840 	.db #0x63	; 99	'c'
      00033D 63                     841 	.db #0x63	; 99	'c'
      00033E 63                     842 	.db #0x63	; 99	'c'
      00033F 36                     843 	.db #0x36	; 54	'6'
      000340 1C                     844 	.db #0x1c	; 28
      000341 00                     845 	.db #0x00	; 0
      000342 3F                     846 	.db #0x3f	; 63
      000343 66                     847 	.db #0x66	; 102	'f'
      000344 66                     848 	.db #0x66	; 102	'f'
      000345 3E                     849 	.db #0x3e	; 62
      000346 06                     850 	.db #0x06	; 6
      000347 06                     851 	.db #0x06	; 6
      000348 0F                     852 	.db #0x0f	; 15
      000349 00                     853 	.db #0x00	; 0
      00034A 1E                     854 	.db #0x1e	; 30
      00034B 33                     855 	.db #0x33	; 51	'3'
      00034C 33                     856 	.db #0x33	; 51	'3'
      00034D 33                     857 	.db #0x33	; 51	'3'
      00034E 3B                     858 	.db #0x3b	; 59
      00034F 1E                     859 	.db #0x1e	; 30
      000350 38                     860 	.db #0x38	; 56	'8'
      000351 00                     861 	.db #0x00	; 0
      000352 3F                     862 	.db #0x3f	; 63
      000353 66                     863 	.db #0x66	; 102	'f'
      000354 66                     864 	.db #0x66	; 102	'f'
      000355 3E                     865 	.db #0x3e	; 62
      000356 36                     866 	.db #0x36	; 54	'6'
      000357 66                     867 	.db #0x66	; 102	'f'
      000358 67                     868 	.db #0x67	; 103	'g'
      000359 00                     869 	.db #0x00	; 0
      00035A 1E                     870 	.db #0x1e	; 30
      00035B 33                     871 	.db #0x33	; 51	'3'
      00035C 07                     872 	.db #0x07	; 7
      00035D 0E                     873 	.db #0x0e	; 14
      00035E 38                     874 	.db #0x38	; 56	'8'
      00035F 33                     875 	.db #0x33	; 51	'3'
      000360 1E                     876 	.db #0x1e	; 30
      000361 00                     877 	.db #0x00	; 0
      000362 3F                     878 	.db #0x3f	; 63
      000363 2D                     879 	.db #0x2d	; 45
      000364 0C                     880 	.db #0x0c	; 12
      000365 0C                     881 	.db #0x0c	; 12
      000366 0C                     882 	.db #0x0c	; 12
      000367 0C                     883 	.db #0x0c	; 12
      000368 1E                     884 	.db #0x1e	; 30
      000369 00                     885 	.db #0x00	; 0
      00036A 33                     886 	.db #0x33	; 51	'3'
      00036B 33                     887 	.db #0x33	; 51	'3'
      00036C 33                     888 	.db #0x33	; 51	'3'
      00036D 33                     889 	.db #0x33	; 51	'3'
      00036E 33                     890 	.db #0x33	; 51	'3'
      00036F 33                     891 	.db #0x33	; 51	'3'
      000370 3F                     892 	.db #0x3f	; 63
      000371 00                     893 	.db #0x00	; 0
      000372 33                     894 	.db #0x33	; 51	'3'
      000373 33                     895 	.db #0x33	; 51	'3'
      000374 33                     896 	.db #0x33	; 51	'3'
      000375 33                     897 	.db #0x33	; 51	'3'
      000376 33                     898 	.db #0x33	; 51	'3'
      000377 1E                     899 	.db #0x1e	; 30
      000378 0C                     900 	.db #0x0c	; 12
      000379 00                     901 	.db #0x00	; 0
      00037A 63                     902 	.db #0x63	; 99	'c'
      00037B 63                     903 	.db #0x63	; 99	'c'
      00037C 63                     904 	.db #0x63	; 99	'c'
      00037D 6B                     905 	.db #0x6b	; 107	'k'
      00037E 7F                     906 	.db #0x7f	; 127
      00037F 77                     907 	.db #0x77	; 119	'w'
      000380 63                     908 	.db #0x63	; 99	'c'
      000381 00                     909 	.db #0x00	; 0
      000382 63                     910 	.db #0x63	; 99	'c'
      000383 63                     911 	.db #0x63	; 99	'c'
      000384 36                     912 	.db #0x36	; 54	'6'
      000385 1C                     913 	.db #0x1c	; 28
      000386 1C                     914 	.db #0x1c	; 28
      000387 36                     915 	.db #0x36	; 54	'6'
      000388 63                     916 	.db #0x63	; 99	'c'
      000389 00                     917 	.db #0x00	; 0
      00038A 33                     918 	.db #0x33	; 51	'3'
      00038B 33                     919 	.db #0x33	; 51	'3'
      00038C 33                     920 	.db #0x33	; 51	'3'
      00038D 1E                     921 	.db #0x1e	; 30
      00038E 0C                     922 	.db #0x0c	; 12
      00038F 0C                     923 	.db #0x0c	; 12
      000390 1E                     924 	.db #0x1e	; 30
      000391 00                     925 	.db #0x00	; 0
      000392 7F                     926 	.db #0x7f	; 127
      000393 63                     927 	.db #0x63	; 99	'c'
      000394 31                     928 	.db #0x31	; 49	'1'
      000395 18                     929 	.db #0x18	; 24
      000396 4C                     930 	.db #0x4c	; 76	'L'
      000397 66                     931 	.db #0x66	; 102	'f'
      000398 7F                     932 	.db #0x7f	; 127
      000399 00                     933 	.db #0x00	; 0
      00039A 1E                     934 	.db #0x1e	; 30
      00039B 06                     935 	.db #0x06	; 6
      00039C 06                     936 	.db #0x06	; 6
      00039D 06                     937 	.db #0x06	; 6
      00039E 06                     938 	.db #0x06	; 6
      00039F 06                     939 	.db #0x06	; 6
      0003A0 1E                     940 	.db #0x1e	; 30
      0003A1 00                     941 	.db #0x00	; 0
      0003A2 03                     942 	.db #0x03	; 3
      0003A3 06                     943 	.db #0x06	; 6
      0003A4 0C                     944 	.db #0x0c	; 12
      0003A5 18                     945 	.db #0x18	; 24
      0003A6 30                     946 	.db #0x30	; 48	'0'
      0003A7 60                     947 	.db #0x60	; 96
      0003A8 40                     948 	.db #0x40	; 64
      0003A9 00                     949 	.db #0x00	; 0
      0003AA 1E                     950 	.db #0x1e	; 30
      0003AB 18                     951 	.db #0x18	; 24
      0003AC 18                     952 	.db #0x18	; 24
      0003AD 18                     953 	.db #0x18	; 24
      0003AE 18                     954 	.db #0x18	; 24
      0003AF 18                     955 	.db #0x18	; 24
      0003B0 1E                     956 	.db #0x1e	; 30
      0003B1 00                     957 	.db #0x00	; 0
      0003B2 08                     958 	.db #0x08	; 8
      0003B3 1C                     959 	.db #0x1c	; 28
      0003B4 36                     960 	.db #0x36	; 54	'6'
      0003B5 63                     961 	.db #0x63	; 99	'c'
      0003B6 00                     962 	.db #0x00	; 0
      0003B7 00                     963 	.db #0x00	; 0
      0003B8 00                     964 	.db #0x00	; 0
      0003B9 00                     965 	.db #0x00	; 0
      0003BA 00                     966 	.db #0x00	; 0
      0003BB 00                     967 	.db #0x00	; 0
      0003BC 00                     968 	.db #0x00	; 0
      0003BD 00                     969 	.db #0x00	; 0
      0003BE 00                     970 	.db #0x00	; 0
      0003BF 00                     971 	.db #0x00	; 0
      0003C0 00                     972 	.db #0x00	; 0
      0003C1 FF                     973 	.db #0xff	; 255
      0003C2 0C                     974 	.db #0x0c	; 12
      0003C3 0C                     975 	.db #0x0c	; 12
      0003C4 18                     976 	.db #0x18	; 24
      0003C5 00                     977 	.db #0x00	; 0
      0003C6 00                     978 	.db #0x00	; 0
      0003C7 00                     979 	.db #0x00	; 0
      0003C8 00                     980 	.db #0x00	; 0
      0003C9 00                     981 	.db #0x00	; 0
      0003CA 00                     982 	.db #0x00	; 0
      0003CB 00                     983 	.db #0x00	; 0
      0003CC 1E                     984 	.db #0x1e	; 30
      0003CD 30                     985 	.db #0x30	; 48	'0'
      0003CE 3E                     986 	.db #0x3e	; 62
      0003CF 33                     987 	.db #0x33	; 51	'3'
      0003D0 6E                     988 	.db #0x6e	; 110	'n'
      0003D1 00                     989 	.db #0x00	; 0
      0003D2 07                     990 	.db #0x07	; 7
      0003D3 06                     991 	.db #0x06	; 6
      0003D4 06                     992 	.db #0x06	; 6
      0003D5 3E                     993 	.db #0x3e	; 62
      0003D6 66                     994 	.db #0x66	; 102	'f'
      0003D7 66                     995 	.db #0x66	; 102	'f'
      0003D8 3B                     996 	.db #0x3b	; 59
      0003D9 00                     997 	.db #0x00	; 0
      0003DA 00                     998 	.db #0x00	; 0
      0003DB 00                     999 	.db #0x00	; 0
      0003DC 1E                    1000 	.db #0x1e	; 30
      0003DD 33                    1001 	.db #0x33	; 51	'3'
      0003DE 03                    1002 	.db #0x03	; 3
      0003DF 33                    1003 	.db #0x33	; 51	'3'
      0003E0 1E                    1004 	.db #0x1e	; 30
      0003E1 00                    1005 	.db #0x00	; 0
      0003E2 38                    1006 	.db #0x38	; 56	'8'
      0003E3 30                    1007 	.db #0x30	; 48	'0'
      0003E4 30                    1008 	.db #0x30	; 48	'0'
      0003E5 3E                    1009 	.db #0x3e	; 62
      0003E6 33                    1010 	.db #0x33	; 51	'3'
      0003E7 33                    1011 	.db #0x33	; 51	'3'
      0003E8 6E                    1012 	.db #0x6e	; 110	'n'
      0003E9 00                    1013 	.db #0x00	; 0
      0003EA 00                    1014 	.db #0x00	; 0
      0003EB 00                    1015 	.db #0x00	; 0
      0003EC 1E                    1016 	.db #0x1e	; 30
      0003ED 33                    1017 	.db #0x33	; 51	'3'
      0003EE 3F                    1018 	.db #0x3f	; 63
      0003EF 03                    1019 	.db #0x03	; 3
      0003F0 1E                    1020 	.db #0x1e	; 30
      0003F1 00                    1021 	.db #0x00	; 0
      0003F2 1C                    1022 	.db #0x1c	; 28
      0003F3 36                    1023 	.db #0x36	; 54	'6'
      0003F4 06                    1024 	.db #0x06	; 6
      0003F5 0F                    1025 	.db #0x0f	; 15
      0003F6 06                    1026 	.db #0x06	; 6
      0003F7 06                    1027 	.db #0x06	; 6
      0003F8 0F                    1028 	.db #0x0f	; 15
      0003F9 00                    1029 	.db #0x00	; 0
      0003FA 00                    1030 	.db #0x00	; 0
      0003FB 00                    1031 	.db #0x00	; 0
      0003FC 6E                    1032 	.db #0x6e	; 110	'n'
      0003FD 33                    1033 	.db #0x33	; 51	'3'
      0003FE 33                    1034 	.db #0x33	; 51	'3'
      0003FF 3E                    1035 	.db #0x3e	; 62
      000400 30                    1036 	.db #0x30	; 48	'0'
      000401 1F                    1037 	.db #0x1f	; 31
      000402 07                    1038 	.db #0x07	; 7
      000403 06                    1039 	.db #0x06	; 6
      000404 36                    1040 	.db #0x36	; 54	'6'
      000405 6E                    1041 	.db #0x6e	; 110	'n'
      000406 66                    1042 	.db #0x66	; 102	'f'
      000407 66                    1043 	.db #0x66	; 102	'f'
      000408 67                    1044 	.db #0x67	; 103	'g'
      000409 00                    1045 	.db #0x00	; 0
      00040A 0C                    1046 	.db #0x0c	; 12
      00040B 00                    1047 	.db #0x00	; 0
      00040C 0E                    1048 	.db #0x0e	; 14
      00040D 0C                    1049 	.db #0x0c	; 12
      00040E 0C                    1050 	.db #0x0c	; 12
      00040F 0C                    1051 	.db #0x0c	; 12
      000410 1E                    1052 	.db #0x1e	; 30
      000411 00                    1053 	.db #0x00	; 0
      000412 30                    1054 	.db #0x30	; 48	'0'
      000413 00                    1055 	.db #0x00	; 0
      000414 30                    1056 	.db #0x30	; 48	'0'
      000415 30                    1057 	.db #0x30	; 48	'0'
      000416 30                    1058 	.db #0x30	; 48	'0'
      000417 33                    1059 	.db #0x33	; 51	'3'
      000418 33                    1060 	.db #0x33	; 51	'3'
      000419 1E                    1061 	.db #0x1e	; 30
      00041A 07                    1062 	.db #0x07	; 7
      00041B 06                    1063 	.db #0x06	; 6
      00041C 66                    1064 	.db #0x66	; 102	'f'
      00041D 36                    1065 	.db #0x36	; 54	'6'
      00041E 1E                    1066 	.db #0x1e	; 30
      00041F 36                    1067 	.db #0x36	; 54	'6'
      000420 67                    1068 	.db #0x67	; 103	'g'
      000421 00                    1069 	.db #0x00	; 0
      000422 0E                    1070 	.db #0x0e	; 14
      000423 0C                    1071 	.db #0x0c	; 12
      000424 0C                    1072 	.db #0x0c	; 12
      000425 0C                    1073 	.db #0x0c	; 12
      000426 0C                    1074 	.db #0x0c	; 12
      000427 0C                    1075 	.db #0x0c	; 12
      000428 1E                    1076 	.db #0x1e	; 30
      000429 00                    1077 	.db #0x00	; 0
      00042A 00                    1078 	.db #0x00	; 0
      00042B 00                    1079 	.db #0x00	; 0
      00042C 33                    1080 	.db #0x33	; 51	'3'
      00042D 7F                    1081 	.db #0x7f	; 127
      00042E 7F                    1082 	.db #0x7f	; 127
      00042F 6B                    1083 	.db #0x6b	; 107	'k'
      000430 63                    1084 	.db #0x63	; 99	'c'
      000431 00                    1085 	.db #0x00	; 0
      000432 00                    1086 	.db #0x00	; 0
      000433 00                    1087 	.db #0x00	; 0
      000434 1F                    1088 	.db #0x1f	; 31
      000435 33                    1089 	.db #0x33	; 51	'3'
      000436 33                    1090 	.db #0x33	; 51	'3'
      000437 33                    1091 	.db #0x33	; 51	'3'
      000438 33                    1092 	.db #0x33	; 51	'3'
      000439 00                    1093 	.db #0x00	; 0
      00043A 00                    1094 	.db #0x00	; 0
      00043B 00                    1095 	.db #0x00	; 0
      00043C 1E                    1096 	.db #0x1e	; 30
      00043D 33                    1097 	.db #0x33	; 51	'3'
      00043E 33                    1098 	.db #0x33	; 51	'3'
      00043F 33                    1099 	.db #0x33	; 51	'3'
      000440 1E                    1100 	.db #0x1e	; 30
      000441 00                    1101 	.db #0x00	; 0
      000442 00                    1102 	.db #0x00	; 0
      000443 00                    1103 	.db #0x00	; 0
      000444 3B                    1104 	.db #0x3b	; 59
      000445 66                    1105 	.db #0x66	; 102	'f'
      000446 66                    1106 	.db #0x66	; 102	'f'
      000447 3E                    1107 	.db #0x3e	; 62
      000448 06                    1108 	.db #0x06	; 6
      000449 0F                    1109 	.db #0x0f	; 15
      00044A 00                    1110 	.db #0x00	; 0
      00044B 00                    1111 	.db #0x00	; 0
      00044C 6E                    1112 	.db #0x6e	; 110	'n'
      00044D 33                    1113 	.db #0x33	; 51	'3'
      00044E 33                    1114 	.db #0x33	; 51	'3'
      00044F 3E                    1115 	.db #0x3e	; 62
      000450 30                    1116 	.db #0x30	; 48	'0'
      000451 78                    1117 	.db #0x78	; 120	'x'
      000452 00                    1118 	.db #0x00	; 0
      000453 00                    1119 	.db #0x00	; 0
      000454 3B                    1120 	.db #0x3b	; 59
      000455 6E                    1121 	.db #0x6e	; 110	'n'
      000456 66                    1122 	.db #0x66	; 102	'f'
      000457 06                    1123 	.db #0x06	; 6
      000458 0F                    1124 	.db #0x0f	; 15
      000459 00                    1125 	.db #0x00	; 0
      00045A 00                    1126 	.db #0x00	; 0
      00045B 00                    1127 	.db #0x00	; 0
      00045C 3E                    1128 	.db #0x3e	; 62
      00045D 03                    1129 	.db #0x03	; 3
      00045E 1E                    1130 	.db #0x1e	; 30
      00045F 30                    1131 	.db #0x30	; 48	'0'
      000460 1F                    1132 	.db #0x1f	; 31
      000461 00                    1133 	.db #0x00	; 0
      000462 08                    1134 	.db #0x08	; 8
      000463 0C                    1135 	.db #0x0c	; 12
      000464 3E                    1136 	.db #0x3e	; 62
      000465 0C                    1137 	.db #0x0c	; 12
      000466 0C                    1138 	.db #0x0c	; 12
      000467 2C                    1139 	.db #0x2c	; 44
      000468 18                    1140 	.db #0x18	; 24
      000469 00                    1141 	.db #0x00	; 0
      00046A 00                    1142 	.db #0x00	; 0
      00046B 00                    1143 	.db #0x00	; 0
      00046C 33                    1144 	.db #0x33	; 51	'3'
      00046D 33                    1145 	.db #0x33	; 51	'3'
      00046E 33                    1146 	.db #0x33	; 51	'3'
      00046F 33                    1147 	.db #0x33	; 51	'3'
      000470 6E                    1148 	.db #0x6e	; 110	'n'
      000471 00                    1149 	.db #0x00	; 0
      000472 00                    1150 	.db #0x00	; 0
      000473 00                    1151 	.db #0x00	; 0
      000474 33                    1152 	.db #0x33	; 51	'3'
      000475 33                    1153 	.db #0x33	; 51	'3'
      000476 33                    1154 	.db #0x33	; 51	'3'
      000477 1E                    1155 	.db #0x1e	; 30
      000478 0C                    1156 	.db #0x0c	; 12
      000479 00                    1157 	.db #0x00	; 0
      00047A 00                    1158 	.db #0x00	; 0
      00047B 00                    1159 	.db #0x00	; 0
      00047C 63                    1160 	.db #0x63	; 99	'c'
      00047D 6B                    1161 	.db #0x6b	; 107	'k'
      00047E 7F                    1162 	.db #0x7f	; 127
      00047F 7F                    1163 	.db #0x7f	; 127
      000480 36                    1164 	.db #0x36	; 54	'6'
      000481 00                    1165 	.db #0x00	; 0
      000482 00                    1166 	.db #0x00	; 0
      000483 00                    1167 	.db #0x00	; 0
      000484 63                    1168 	.db #0x63	; 99	'c'
      000485 36                    1169 	.db #0x36	; 54	'6'
      000486 1C                    1170 	.db #0x1c	; 28
      000487 36                    1171 	.db #0x36	; 54	'6'
      000488 63                    1172 	.db #0x63	; 99	'c'
      000489 00                    1173 	.db #0x00	; 0
      00048A 00                    1174 	.db #0x00	; 0
      00048B 00                    1175 	.db #0x00	; 0
      00048C 33                    1176 	.db #0x33	; 51	'3'
      00048D 33                    1177 	.db #0x33	; 51	'3'
      00048E 33                    1178 	.db #0x33	; 51	'3'
      00048F 3E                    1179 	.db #0x3e	; 62
      000490 30                    1180 	.db #0x30	; 48	'0'
      000491 1F                    1181 	.db #0x1f	; 31
      000492 00                    1182 	.db #0x00	; 0
      000493 00                    1183 	.db #0x00	; 0
      000494 3F                    1184 	.db #0x3f	; 63
      000495 19                    1185 	.db #0x19	; 25
      000496 0C                    1186 	.db #0x0c	; 12
      000497 26                    1187 	.db #0x26	; 38
      000498 3F                    1188 	.db #0x3f	; 63
      000499 00                    1189 	.db #0x00	; 0
      00049A 38                    1190 	.db #0x38	; 56	'8'
      00049B 0C                    1191 	.db #0x0c	; 12
      00049C 0C                    1192 	.db #0x0c	; 12
      00049D 07                    1193 	.db #0x07	; 7
      00049E 0C                    1194 	.db #0x0c	; 12
      00049F 0C                    1195 	.db #0x0c	; 12
      0004A0 38                    1196 	.db #0x38	; 56	'8'
      0004A1 00                    1197 	.db #0x00	; 0
      0004A2 18                    1198 	.db #0x18	; 24
      0004A3 18                    1199 	.db #0x18	; 24
      0004A4 18                    1200 	.db #0x18	; 24
      0004A5 00                    1201 	.db #0x00	; 0
      0004A6 18                    1202 	.db #0x18	; 24
      0004A7 18                    1203 	.db #0x18	; 24
      0004A8 18                    1204 	.db #0x18	; 24
      0004A9 00                    1205 	.db #0x00	; 0
      0004AA 07                    1206 	.db #0x07	; 7
      0004AB 0C                    1207 	.db #0x0c	; 12
      0004AC 0C                    1208 	.db #0x0c	; 12
      0004AD 38                    1209 	.db #0x38	; 56	'8'
      0004AE 0C                    1210 	.db #0x0c	; 12
      0004AF 0C                    1211 	.db #0x0c	; 12
      0004B0 07                    1212 	.db #0x07	; 7
      0004B1 00                    1213 	.db #0x00	; 0
      0004B2 6E                    1214 	.db #0x6e	; 110	'n'
      0004B3 3B                    1215 	.db #0x3b	; 59
      0004B4 00                    1216 	.db #0x00	; 0
      0004B5 00                    1217 	.db #0x00	; 0
      0004B6 00                    1218 	.db #0x00	; 0
      0004B7 00                    1219 	.db #0x00	; 0
      0004B8 00                    1220 	.db #0x00	; 0
      0004B9 00                    1221 	.db #0x00	; 0
      0004BA 00                    1222 	.db #0x00	; 0
      0004BB 00                    1223 	.db #0x00	; 0
      0004BC 00                    1224 	.db #0x00	; 0
      0004BD 00                    1225 	.db #0x00	; 0
      0004BE 00                    1226 	.db #0x00	; 0
      0004BF 00                    1227 	.db #0x00	; 0
      0004C0 00                    1228 	.db #0x00	; 0
      0004C1 00                    1229 	.db #0x00	; 0
                                   1230 	.area _INITIALIZER
                                   1231 	.area _CABS (ABS)
