                                      1 ;--------------------------------------------------------
                                      2 ; File Created by SDCC : free open source ISO C Compiler 
                                      3 ; Version 4.2.2 #13350 (Linux)
                                      4 ;--------------------------------------------------------
                                      5 	.module nesw
                                      6 	.optsdcc -msm83
                                      7 	
                                      8 ;--------------------------------------------------------
                                      9 ; Public variables in this module
                                     10 ;--------------------------------------------------------
                                     11 	.globl _news
                                     12 ;--------------------------------------------------------
                                     13 ; special function registers
                                     14 ;--------------------------------------------------------
                                     15 ;--------------------------------------------------------
                                     16 ; ram data
                                     17 ;--------------------------------------------------------
                                     18 	.area _DATA
                                     19 ;--------------------------------------------------------
                                     20 ; ram data
                                     21 ;--------------------------------------------------------
                                     22 	.area _INITIALIZED
                                     23 ;--------------------------------------------------------
                                     24 ; absolute external ram data
                                     25 ;--------------------------------------------------------
                                     26 	.area _DABS (ABS)
                                     27 ;--------------------------------------------------------
                                     28 ; global & static initialisations
                                     29 ;--------------------------------------------------------
                                     30 	.area _HOME
                                     31 	.area _GSINIT
                                     32 	.area _GSFINAL
                                     33 	.area _GSINIT
                                     34 ;--------------------------------------------------------
                                     35 ; Home
                                     36 ;--------------------------------------------------------
                                     37 	.area _HOME
                                     38 	.area _HOME
                                     39 ;--------------------------------------------------------
                                     40 ; code
                                     41 ;--------------------------------------------------------
                                     42 	.area _CODE
                                     43 	.area _CODE
      000000                         44 _news:
      000000 C3                      45 	.db #0xc3	; 195
      000001 C3                      46 	.db #0xc3	; 195
      000002 E3                      47 	.db #0xe3	; 227
      000003 E3                      48 	.db #0xe3	; 227
      000004 F3                      49 	.db #0xf3	; 243
      000005 F3                      50 	.db #0xf3	; 243
      000006 FB                      51 	.db #0xfb	; 251
      000007 FB                      52 	.db #0xfb	; 251
      000008 DF                      53 	.db #0xdf	; 223
      000009 DF                      54 	.db #0xdf	; 223
      00000A CF                      55 	.db #0xcf	; 207
      00000B CF                      56 	.db #0xcf	; 207
      00000C C7                      57 	.db #0xc7	; 199
      00000D C7                      58 	.db #0xc7	; 199
      00000E C3                      59 	.db #0xc3	; 195
      00000F C3                      60 	.db #0xc3	; 195
      000010 FF                      61 	.db #0xff	; 255
      000011 FF                      62 	.db #0xff	; 255
      000012 FF                      63 	.db #0xff	; 255
      000013 FF                      64 	.db #0xff	; 255
      000014 C0                      65 	.db #0xc0	; 192
      000015 C0                      66 	.db #0xc0	; 192
      000016 F8                      67 	.db #0xf8	; 248
      000017 F8                      68 	.db #0xf8	; 248
      000018 F8                      69 	.db #0xf8	; 248
      000019 F8                      70 	.db #0xf8	; 248
      00001A C0                      71 	.db #0xc0	; 192
      00001B C0                      72 	.db #0xc0	; 192
      00001C FF                      73 	.db #0xff	; 255
      00001D FF                      74 	.db #0xff	; 255
      00001E FF                      75 	.db #0xff	; 255
      00001F FF                      76 	.db #0xff	; 255
      000020 3E                      77 	.db #0x3e	; 62
      000021 3E                      78 	.db #0x3e	; 62
      000022 7E                      79 	.db #0x7e	; 126
      000023 7E                      80 	.db #0x7e	; 126
      000024 60                      81 	.db #0x60	; 96
      000025 60                      82 	.db #0x60	; 96
      000026 30                      83 	.db #0x30	; 48	'0'
      000027 30                      84 	.db #0x30	; 48	'0'
      000028 18                      85 	.db #0x18	; 24
      000029 18                      86 	.db #0x18	; 24
      00002A 0C                      87 	.db #0x0c	; 12
      00002B 0C                      88 	.db #0x0c	; 12
      00002C 7E                      89 	.db #0x7e	; 126
      00002D 7E                      90 	.db #0x7e	; 126
      00002E 7C                      91 	.db #0x7c	; 124
      00002F 7C                      92 	.db #0x7c	; 124
      000030 DB                      93 	.db #0xdb	; 219
      000031 DB                      94 	.db #0xdb	; 219
      000032 DB                      95 	.db #0xdb	; 219
      000033 DB                      96 	.db #0xdb	; 219
      000034 DB                      97 	.db #0xdb	; 219
      000035 DB                      98 	.db #0xdb	; 219
      000036 DB                      99 	.db #0xdb	; 219
      000037 DB                     100 	.db #0xdb	; 219
      000038 DB                     101 	.db #0xdb	; 219
      000039 DB                     102 	.db #0xdb	; 219
      00003A DB                     103 	.db #0xdb	; 219
      00003B DB                     104 	.db #0xdb	; 219
      00003C FF                     105 	.db #0xff	; 255
      00003D FF                     106 	.db #0xff	; 255
      00003E 3C                     107 	.db #0x3c	; 60
      00003F 3C                     108 	.db #0x3c	; 60
                                    109 	.area _INITIALIZER
                                    110 	.area _CABS (ABS)
