                                      1 ;--------------------------------------------------------
                                      2 ; File Created by SDCC : free open source ISO C Compiler 
                                      3 ; Version 4.2.2 #13350 (Linux)
                                      4 ;--------------------------------------------------------
                                      5 	.module player_sprite
                                      6 	.optsdcc -msm83
                                      7 	
                                      8 ;--------------------------------------------------------
                                      9 ; Public variables in this module
                                     10 ;--------------------------------------------------------
                                     11 	.globl _PlayerSprite
                                     12 ;--------------------------------------------------------
                                     13 ; special function registers
                                     14 ;--------------------------------------------------------
                                     15 ;--------------------------------------------------------
                                     16 ; ram data
                                     17 ;--------------------------------------------------------
                                     18 	.area _DATA
                                     19 ;--------------------------------------------------------
                                     20 ; ram data
                                     21 ;--------------------------------------------------------
                                     22 	.area _INITIALIZED
                                     23 ;--------------------------------------------------------
                                     24 ; absolute external ram data
                                     25 ;--------------------------------------------------------
                                     26 	.area _DABS (ABS)
                                     27 ;--------------------------------------------------------
                                     28 ; global & static initialisations
                                     29 ;--------------------------------------------------------
                                     30 	.area _HOME
                                     31 	.area _GSINIT
                                     32 	.area _GSFINAL
                                     33 	.area _GSINIT
                                     34 ;--------------------------------------------------------
                                     35 ; Home
                                     36 ;--------------------------------------------------------
                                     37 	.area _HOME
                                     38 	.area _HOME
                                     39 ;--------------------------------------------------------
                                     40 ; code
                                     41 ;--------------------------------------------------------
                                     42 	.area _CODE
                                     43 	.area _CODE
      000000                         44 _PlayerSprite:
      000000 01                      45 	.db #0x01	; 1
      000001 01                      46 	.db #0x01	; 1
      000002 02                      47 	.db #0x02	; 2
      000003 03                      48 	.db #0x03	; 3
      000004 04                      49 	.db #0x04	; 4
      000005 07                      50 	.db #0x07	; 7
      000006 04                      51 	.db #0x04	; 4
      000007 07                      52 	.db #0x07	; 7
      000008 02                      53 	.db #0x02	; 2
      000009 03                      54 	.db #0x03	; 3
      00000A 01                      55 	.db #0x01	; 1
      00000B 01                      56 	.db #0x01	; 1
      00000C 1F                      57 	.db #0x1f	; 31
      00000D 1F                      58 	.db #0x1f	; 31
      00000E 10                      59 	.db #0x10	; 16
      00000F 1F                      60 	.db #0x1f	; 31
      000010 08                      61 	.db #0x08	; 8
      000011 0F                      62 	.db #0x0f	; 15
      000012 08                      63 	.db #0x08	; 8
      000013 0F                      64 	.db #0x0f	; 15
      000014 04                      65 	.db #0x04	; 4
      000015 07                      66 	.db #0x07	; 7
      000016 04                      67 	.db #0x04	; 4
      000017 07                      68 	.db #0x07	; 7
      000018 02                      69 	.db #0x02	; 2
      000019 03                      70 	.db #0x03	; 3
      00001A 02                      71 	.db #0x02	; 2
      00001B 03                      72 	.db #0x03	; 3
      00001C 01                      73 	.db #0x01	; 1
      00001D 01                      74 	.db #0x01	; 1
      00001E 01                      75 	.db #0x01	; 1
      00001F 01                      76 	.db #0x01	; 1
      000020 80                      77 	.db #0x80	; 128
      000021 80                      78 	.db #0x80	; 128
      000022 C0                      79 	.db #0xc0	; 192
      000023 40                      80 	.db #0x40	; 64
      000024 E0                      81 	.db #0xe0	; 224
      000025 20                      82 	.db #0x20	; 32
      000026 60                      83 	.db #0x60	; 96
      000027 A0                      84 	.db #0xa0	; 160
      000028 40                      85 	.db #0x40	; 64
      000029 C0                      86 	.db #0xc0	; 192
      00002A 80                      87 	.db #0x80	; 128
      00002B 80                      88 	.db #0x80	; 128
      00002C F8                      89 	.db #0xf8	; 248
      00002D F8                      90 	.db #0xf8	; 248
      00002E F8                      91 	.db #0xf8	; 248
      00002F 08                      92 	.db #0x08	; 8
      000030 F0                      93 	.db #0xf0	; 240
      000031 10                      94 	.db #0x10	; 16
      000032 F0                      95 	.db #0xf0	; 240
      000033 10                      96 	.db #0x10	; 16
      000034 E0                      97 	.db #0xe0	; 224
      000035 20                      98 	.db #0x20	; 32
      000036 E0                      99 	.db #0xe0	; 224
      000037 20                     100 	.db #0x20	; 32
      000038 C0                     101 	.db #0xc0	; 192
      000039 40                     102 	.db #0x40	; 64
      00003A C0                     103 	.db #0xc0	; 192
      00003B 40                     104 	.db #0x40	; 64
      00003C 80                     105 	.db #0x80	; 128
      00003D 80                     106 	.db #0x80	; 128
      00003E 80                     107 	.db #0x80	; 128
      00003F 80                     108 	.db #0x80	; 128
      000040 01                     109 	.db #0x01	; 1
      000041 01                     110 	.db #0x01	; 1
      000042 02                     111 	.db #0x02	; 2
      000043 03                     112 	.db #0x03	; 3
      000044 04                     113 	.db #0x04	; 4
      000045 07                     114 	.db #0x07	; 7
      000046 04                     115 	.db #0x04	; 4
      000047 07                     116 	.db #0x07	; 7
      000048 02                     117 	.db #0x02	; 2
      000049 03                     118 	.db #0x03	; 3
      00004A 1D                     119 	.db #0x1d	; 29
      00004B 1D                     120 	.db #0x1d	; 29
      00004C 13                     121 	.db #0x13	; 19
      00004D 1F                     122 	.db #0x1f	; 31
      00004E 08                     123 	.db #0x08	; 8
      00004F 0F                     124 	.db #0x0f	; 15
      000050 08                     125 	.db #0x08	; 8
      000051 0F                     126 	.db #0x0f	; 15
      000052 04                     127 	.db #0x04	; 4
      000053 07                     128 	.db #0x07	; 7
      000054 04                     129 	.db #0x04	; 4
      000055 07                     130 	.db #0x07	; 7
      000056 04                     131 	.db #0x04	; 4
      000057 07                     132 	.db #0x07	; 7
      000058 02                     133 	.db #0x02	; 2
      000059 03                     134 	.db #0x03	; 3
      00005A 02                     135 	.db #0x02	; 2
      00005B 03                     136 	.db #0x03	; 3
      00005C 01                     137 	.db #0x01	; 1
      00005D 01                     138 	.db #0x01	; 1
      00005E 01                     139 	.db #0x01	; 1
      00005F 01                     140 	.db #0x01	; 1
      000060 80                     141 	.db #0x80	; 128
      000061 80                     142 	.db #0x80	; 128
      000062 C0                     143 	.db #0xc0	; 192
      000063 40                     144 	.db #0x40	; 64
      000064 E0                     145 	.db #0xe0	; 224
      000065 20                     146 	.db #0x20	; 32
      000066 60                     147 	.db #0x60	; 96
      000067 A0                     148 	.db #0xa0	; 160
      000068 40                     149 	.db #0x40	; 64
      000069 C0                     150 	.db #0xc0	; 192
      00006A 80                     151 	.db #0x80	; 128
      00006B 80                     152 	.db #0x80	; 128
      00006C C0                     153 	.db #0xc0	; 192
      00006D C0                     154 	.db #0xc0	; 192
      00006E F8                     155 	.db #0xf8	; 248
      00006F 38                     156 	.db #0x38	; 56	'8'
      000070 F0                     157 	.db #0xf0	; 240
      000071 10                     158 	.db #0x10	; 16
      000072 F0                     159 	.db #0xf0	; 240
      000073 10                     160 	.db #0x10	; 16
      000074 E0                     161 	.db #0xe0	; 224
      000075 20                     162 	.db #0x20	; 32
      000076 E0                     163 	.db #0xe0	; 224
      000077 20                     164 	.db #0x20	; 32
      000078 C0                     165 	.db #0xc0	; 192
      000079 40                     166 	.db #0x40	; 64
      00007A C0                     167 	.db #0xc0	; 192
      00007B 40                     168 	.db #0x40	; 64
      00007C 80                     169 	.db #0x80	; 128
      00007D 80                     170 	.db #0x80	; 128
      00007E 80                     171 	.db #0x80	; 128
      00007F 80                     172 	.db #0x80	; 128
      000080 01                     173 	.db #0x01	; 1
      000081 01                     174 	.db #0x01	; 1
      000082 02                     175 	.db #0x02	; 2
      000083 03                     176 	.db #0x03	; 3
      000084 04                     177 	.db #0x04	; 4
      000085 07                     178 	.db #0x07	; 7
      000086 04                     179 	.db #0x04	; 4
      000087 07                     180 	.db #0x07	; 7
      000088 02                     181 	.db #0x02	; 2
      000089 03                     182 	.db #0x03	; 3
      00008A 0D                     183 	.db #0x0d	; 13
      00008B 0D                     184 	.db #0x0d	; 13
      00008C 0B                     185 	.db #0x0b	; 11
      00008D 0F                     186 	.db #0x0f	; 15
      00008E 04                     187 	.db #0x04	; 4
      00008F 07                     188 	.db #0x07	; 7
      000090 04                     189 	.db #0x04	; 4
      000091 07                     190 	.db #0x07	; 7
      000092 04                     191 	.db #0x04	; 4
      000093 07                     192 	.db #0x07	; 7
      000094 02                     193 	.db #0x02	; 2
      000095 03                     194 	.db #0x03	; 3
      000096 02                     195 	.db #0x02	; 2
      000097 03                     196 	.db #0x03	; 3
      000098 02                     197 	.db #0x02	; 2
      000099 03                     198 	.db #0x03	; 3
      00009A 02                     199 	.db #0x02	; 2
      00009B 03                     200 	.db #0x03	; 3
      00009C 01                     201 	.db #0x01	; 1
      00009D 01                     202 	.db #0x01	; 1
      00009E 01                     203 	.db #0x01	; 1
      00009F 01                     204 	.db #0x01	; 1
      0000A0 80                     205 	.db #0x80	; 128
      0000A1 80                     206 	.db #0x80	; 128
      0000A2 C0                     207 	.db #0xc0	; 192
      0000A3 40                     208 	.db #0x40	; 64
      0000A4 E0                     209 	.db #0xe0	; 224
      0000A5 20                     210 	.db #0x20	; 32
      0000A6 60                     211 	.db #0x60	; 96
      0000A7 A0                     212 	.db #0xa0	; 160
      0000A8 40                     213 	.db #0x40	; 64
      0000A9 C0                     214 	.db #0xc0	; 192
      0000AA 80                     215 	.db #0x80	; 128
      0000AB 80                     216 	.db #0x80	; 128
      0000AC 00                     217 	.db #0x00	; 0
      0000AD 00                     218 	.db #0x00	; 0
      0000AE C0                     219 	.db #0xc0	; 192
      0000AF C0                     220 	.db #0xc0	; 192
      0000B0 E0                     221 	.db #0xe0	; 224
      0000B1 20                     222 	.db #0x20	; 32
      0000B2 E0                     223 	.db #0xe0	; 224
      0000B3 20                     224 	.db #0x20	; 32
      0000B4 C0                     225 	.db #0xc0	; 192
      0000B5 40                     226 	.db #0x40	; 64
      0000B6 C0                     227 	.db #0xc0	; 192
      0000B7 40                     228 	.db #0x40	; 64
      0000B8 C0                     229 	.db #0xc0	; 192
      0000B9 40                     230 	.db #0x40	; 64
      0000BA C0                     231 	.db #0xc0	; 192
      0000BB 40                     232 	.db #0x40	; 64
      0000BC 80                     233 	.db #0x80	; 128
      0000BD 80                     234 	.db #0x80	; 128
      0000BE 80                     235 	.db #0x80	; 128
      0000BF 80                     236 	.db #0x80	; 128
      0000C0 01                     237 	.db #0x01	; 1
      0000C1 01                     238 	.db #0x01	; 1
      0000C2 02                     239 	.db #0x02	; 2
      0000C3 03                     240 	.db #0x03	; 3
      0000C4 04                     241 	.db #0x04	; 4
      0000C5 07                     242 	.db #0x07	; 7
      0000C6 04                     243 	.db #0x04	; 4
      0000C7 07                     244 	.db #0x07	; 7
      0000C8 02                     245 	.db #0x02	; 2
      0000C9 03                     246 	.db #0x03	; 3
      0000CA 07                     247 	.db #0x07	; 7
      0000CB 07                     248 	.db #0x07	; 7
      0000CC 05                     249 	.db #0x05	; 5
      0000CD 07                     250 	.db #0x07	; 7
      0000CE 02                     251 	.db #0x02	; 2
      0000CF 03                     252 	.db #0x03	; 3
      0000D0 02                     253 	.db #0x02	; 2
      0000D1 03                     254 	.db #0x03	; 3
      0000D2 02                     255 	.db #0x02	; 2
      0000D3 03                     256 	.db #0x03	; 3
      0000D4 02                     257 	.db #0x02	; 2
      0000D5 03                     258 	.db #0x03	; 3
      0000D6 02                     259 	.db #0x02	; 2
      0000D7 03                     260 	.db #0x03	; 3
      0000D8 02                     261 	.db #0x02	; 2
      0000D9 03                     262 	.db #0x03	; 3
      0000DA 01                     263 	.db #0x01	; 1
      0000DB 01                     264 	.db #0x01	; 1
      0000DC 01                     265 	.db #0x01	; 1
      0000DD 01                     266 	.db #0x01	; 1
      0000DE 01                     267 	.db #0x01	; 1
      0000DF 01                     268 	.db #0x01	; 1
      0000E0 80                     269 	.db #0x80	; 128
      0000E1 80                     270 	.db #0x80	; 128
      0000E2 C0                     271 	.db #0xc0	; 192
      0000E3 40                     272 	.db #0x40	; 64
      0000E4 E0                     273 	.db #0xe0	; 224
      0000E5 20                     274 	.db #0x20	; 32
      0000E6 60                     275 	.db #0x60	; 96
      0000E7 A0                     276 	.db #0xa0	; 160
      0000E8 40                     277 	.db #0x40	; 64
      0000E9 C0                     278 	.db #0xc0	; 192
      0000EA 80                     279 	.db #0x80	; 128
      0000EB 80                     280 	.db #0x80	; 128
      0000EC 00                     281 	.db #0x00	; 0
      0000ED 00                     282 	.db #0x00	; 0
      0000EE C0                     283 	.db #0xc0	; 192
      0000EF C0                     284 	.db #0xc0	; 192
      0000F0 C0                     285 	.db #0xc0	; 192
      0000F1 40                     286 	.db #0x40	; 64
      0000F2 C0                     287 	.db #0xc0	; 192
      0000F3 40                     288 	.db #0x40	; 64
      0000F4 C0                     289 	.db #0xc0	; 192
      0000F5 40                     290 	.db #0x40	; 64
      0000F6 C0                     291 	.db #0xc0	; 192
      0000F7 40                     292 	.db #0x40	; 64
      0000F8 80                     293 	.db #0x80	; 128
      0000F9 80                     294 	.db #0x80	; 128
      0000FA 80                     295 	.db #0x80	; 128
      0000FB 80                     296 	.db #0x80	; 128
      0000FC 80                     297 	.db #0x80	; 128
      0000FD 80                     298 	.db #0x80	; 128
      0000FE 80                     299 	.db #0x80	; 128
      0000FF 80                     300 	.db #0x80	; 128
      000100 01                     301 	.db #0x01	; 1
      000101 01                     302 	.db #0x01	; 1
      000102 02                     303 	.db #0x02	; 2
      000103 03                     304 	.db #0x03	; 3
      000104 04                     305 	.db #0x04	; 4
      000105 07                     306 	.db #0x07	; 7
      000106 04                     307 	.db #0x04	; 4
      000107 07                     308 	.db #0x07	; 7
      000108 02                     309 	.db #0x02	; 2
      000109 03                     310 	.db #0x03	; 3
      00010A 01                     311 	.db #0x01	; 1
      00010B 01                     312 	.db #0x01	; 1
      00010C 00                     313 	.db #0x00	; 0
      00010D 00                     314 	.db #0x00	; 0
      00010E 03                     315 	.db #0x03	; 3
      00010F 03                     316 	.db #0x03	; 3
      000110 03                     317 	.db #0x03	; 3
      000111 02                     318 	.db #0x02	; 2
      000112 03                     319 	.db #0x03	; 3
      000113 02                     320 	.db #0x02	; 2
      000114 03                     321 	.db #0x03	; 3
      000115 02                     322 	.db #0x02	; 2
      000116 03                     323 	.db #0x03	; 3
      000117 02                     324 	.db #0x02	; 2
      000118 01                     325 	.db #0x01	; 1
      000119 01                     326 	.db #0x01	; 1
      00011A 01                     327 	.db #0x01	; 1
      00011B 01                     328 	.db #0x01	; 1
      00011C 01                     329 	.db #0x01	; 1
      00011D 01                     330 	.db #0x01	; 1
      00011E 01                     331 	.db #0x01	; 1
      00011F 01                     332 	.db #0x01	; 1
      000120 80                     333 	.db #0x80	; 128
      000121 80                     334 	.db #0x80	; 128
      000122 C0                     335 	.db #0xc0	; 192
      000123 40                     336 	.db #0x40	; 64
      000124 E0                     337 	.db #0xe0	; 224
      000125 20                     338 	.db #0x20	; 32
      000126 60                     339 	.db #0x60	; 96
      000127 A0                     340 	.db #0xa0	; 160
      000128 40                     341 	.db #0x40	; 64
      000129 C0                     342 	.db #0xc0	; 192
      00012A E0                     343 	.db #0xe0	; 224
      00012B E0                     344 	.db #0xe0	; 224
      00012C A0                     345 	.db #0xa0	; 160
      00012D E0                     346 	.db #0xe0	; 224
      00012E 40                     347 	.db #0x40	; 64
      00012F C0                     348 	.db #0xc0	; 192
      000130 40                     349 	.db #0x40	; 64
      000131 C0                     350 	.db #0xc0	; 192
      000132 40                     351 	.db #0x40	; 64
      000133 C0                     352 	.db #0xc0	; 192
      000134 40                     353 	.db #0x40	; 64
      000135 C0                     354 	.db #0xc0	; 192
      000136 40                     355 	.db #0x40	; 64
      000137 C0                     356 	.db #0xc0	; 192
      000138 40                     357 	.db #0x40	; 64
      000139 C0                     358 	.db #0xc0	; 192
      00013A 80                     359 	.db #0x80	; 128
      00013B 80                     360 	.db #0x80	; 128
      00013C 80                     361 	.db #0x80	; 128
      00013D 80                     362 	.db #0x80	; 128
      00013E 80                     363 	.db #0x80	; 128
      00013F 80                     364 	.db #0x80	; 128
      000140 01                     365 	.db #0x01	; 1
      000141 01                     366 	.db #0x01	; 1
      000142 02                     367 	.db #0x02	; 2
      000143 03                     368 	.db #0x03	; 3
      000144 04                     369 	.db #0x04	; 4
      000145 07                     370 	.db #0x07	; 7
      000146 04                     371 	.db #0x04	; 4
      000147 07                     372 	.db #0x07	; 7
      000148 02                     373 	.db #0x02	; 2
      000149 03                     374 	.db #0x03	; 3
      00014A 01                     375 	.db #0x01	; 1
      00014B 01                     376 	.db #0x01	; 1
      00014C 00                     377 	.db #0x00	; 0
      00014D 00                     378 	.db #0x00	; 0
      00014E 03                     379 	.db #0x03	; 3
      00014F 03                     380 	.db #0x03	; 3
      000150 07                     381 	.db #0x07	; 7
      000151 04                     382 	.db #0x04	; 4
      000152 07                     383 	.db #0x07	; 7
      000153 04                     384 	.db #0x04	; 4
      000154 03                     385 	.db #0x03	; 3
      000155 02                     386 	.db #0x02	; 2
      000156 03                     387 	.db #0x03	; 3
      000157 02                     388 	.db #0x02	; 2
      000158 03                     389 	.db #0x03	; 3
      000159 02                     390 	.db #0x02	; 2
      00015A 03                     391 	.db #0x03	; 3
      00015B 02                     392 	.db #0x02	; 2
      00015C 01                     393 	.db #0x01	; 1
      00015D 01                     394 	.db #0x01	; 1
      00015E 01                     395 	.db #0x01	; 1
      00015F 01                     396 	.db #0x01	; 1
      000160 80                     397 	.db #0x80	; 128
      000161 80                     398 	.db #0x80	; 128
      000162 C0                     399 	.db #0xc0	; 192
      000163 40                     400 	.db #0x40	; 64
      000164 E0                     401 	.db #0xe0	; 224
      000165 20                     402 	.db #0x20	; 32
      000166 60                     403 	.db #0x60	; 96
      000167 A0                     404 	.db #0xa0	; 160
      000168 40                     405 	.db #0x40	; 64
      000169 C0                     406 	.db #0xc0	; 192
      00016A B0                     407 	.db #0xb0	; 176
      00016B B0                     408 	.db #0xb0	; 176
      00016C D0                     409 	.db #0xd0	; 208
      00016D F0                     410 	.db #0xf0	; 240
      00016E 20                     411 	.db #0x20	; 32
      00016F E0                     412 	.db #0xe0	; 224
      000170 20                     413 	.db #0x20	; 32
      000171 E0                     414 	.db #0xe0	; 224
      000172 20                     415 	.db #0x20	; 32
      000173 E0                     416 	.db #0xe0	; 224
      000174 40                     417 	.db #0x40	; 64
      000175 C0                     418 	.db #0xc0	; 192
      000176 40                     419 	.db #0x40	; 64
      000177 C0                     420 	.db #0xc0	; 192
      000178 40                     421 	.db #0x40	; 64
      000179 C0                     422 	.db #0xc0	; 192
      00017A 40                     423 	.db #0x40	; 64
      00017B C0                     424 	.db #0xc0	; 192
      00017C 80                     425 	.db #0x80	; 128
      00017D 80                     426 	.db #0x80	; 128
      00017E 80                     427 	.db #0x80	; 128
      00017F 80                     428 	.db #0x80	; 128
      000180 01                     429 	.db #0x01	; 1
      000181 01                     430 	.db #0x01	; 1
      000182 02                     431 	.db #0x02	; 2
      000183 03                     432 	.db #0x03	; 3
      000184 04                     433 	.db #0x04	; 4
      000185 07                     434 	.db #0x07	; 7
      000186 04                     435 	.db #0x04	; 4
      000187 07                     436 	.db #0x07	; 7
      000188 02                     437 	.db #0x02	; 2
      000189 03                     438 	.db #0x03	; 3
      00018A 01                     439 	.db #0x01	; 1
      00018B 01                     440 	.db #0x01	; 1
      00018C 03                     441 	.db #0x03	; 3
      00018D 03                     442 	.db #0x03	; 3
      00018E 1F                     443 	.db #0x1f	; 31
      00018F 1C                     444 	.db #0x1c	; 28
      000190 0F                     445 	.db #0x0f	; 15
      000191 08                     446 	.db #0x08	; 8
      000192 0F                     447 	.db #0x0f	; 15
      000193 08                     448 	.db #0x08	; 8
      000194 07                     449 	.db #0x07	; 7
      000195 04                     450 	.db #0x04	; 4
      000196 07                     451 	.db #0x07	; 7
      000197 04                     452 	.db #0x04	; 4
      000198 03                     453 	.db #0x03	; 3
      000199 02                     454 	.db #0x02	; 2
      00019A 03                     455 	.db #0x03	; 3
      00019B 02                     456 	.db #0x02	; 2
      00019C 01                     457 	.db #0x01	; 1
      00019D 01                     458 	.db #0x01	; 1
      00019E 01                     459 	.db #0x01	; 1
      00019F 01                     460 	.db #0x01	; 1
      0001A0 80                     461 	.db #0x80	; 128
      0001A1 80                     462 	.db #0x80	; 128
      0001A2 C0                     463 	.db #0xc0	; 192
      0001A3 40                     464 	.db #0x40	; 64
      0001A4 E0                     465 	.db #0xe0	; 224
      0001A5 20                     466 	.db #0x20	; 32
      0001A6 60                     467 	.db #0x60	; 96
      0001A7 A0                     468 	.db #0xa0	; 160
      0001A8 40                     469 	.db #0x40	; 64
      0001A9 C0                     470 	.db #0xc0	; 192
      0001AA B8                     471 	.db #0xb8	; 184
      0001AB B8                     472 	.db #0xb8	; 184
      0001AC C8                     473 	.db #0xc8	; 200
      0001AD F8                     474 	.db #0xf8	; 248
      0001AE 10                     475 	.db #0x10	; 16
      0001AF F0                     476 	.db #0xf0	; 240
      0001B0 10                     477 	.db #0x10	; 16
      0001B1 F0                     478 	.db #0xf0	; 240
      0001B2 20                     479 	.db #0x20	; 32
      0001B3 E0                     480 	.db #0xe0	; 224
      0001B4 20                     481 	.db #0x20	; 32
      0001B5 E0                     482 	.db #0xe0	; 224
      0001B6 20                     483 	.db #0x20	; 32
      0001B7 E0                     484 	.db #0xe0	; 224
      0001B8 40                     485 	.db #0x40	; 64
      0001B9 C0                     486 	.db #0xc0	; 192
      0001BA 40                     487 	.db #0x40	; 64
      0001BB C0                     488 	.db #0xc0	; 192
      0001BC 80                     489 	.db #0x80	; 128
      0001BD 80                     490 	.db #0x80	; 128
      0001BE 80                     491 	.db #0x80	; 128
      0001BF 80                     492 	.db #0x80	; 128
      0001C0 01                     493 	.db #0x01	; 1
      0001C1 01                     494 	.db #0x01	; 1
      0001C2 02                     495 	.db #0x02	; 2
      0001C3 03                     496 	.db #0x03	; 3
      0001C4 04                     497 	.db #0x04	; 4
      0001C5 07                     498 	.db #0x07	; 7
      0001C6 04                     499 	.db #0x04	; 4
      0001C7 07                     500 	.db #0x07	; 7
      0001C8 02                     501 	.db #0x02	; 2
      0001C9 03                     502 	.db #0x03	; 3
      0001CA 01                     503 	.db #0x01	; 1
      0001CB 01                     504 	.db #0x01	; 1
      0001CC 1F                     505 	.db #0x1f	; 31
      0001CD 1F                     506 	.db #0x1f	; 31
      0001CE 1F                     507 	.db #0x1f	; 31
      0001CF 10                     508 	.db #0x10	; 16
      0001D0 0F                     509 	.db #0x0f	; 15
      0001D1 08                     510 	.db #0x08	; 8
      0001D2 0F                     511 	.db #0x0f	; 15
      0001D3 08                     512 	.db #0x08	; 8
      0001D4 07                     513 	.db #0x07	; 7
      0001D5 04                     514 	.db #0x04	; 4
      0001D6 07                     515 	.db #0x07	; 7
      0001D7 04                     516 	.db #0x04	; 4
      0001D8 03                     517 	.db #0x03	; 3
      0001D9 02                     518 	.db #0x02	; 2
      0001DA 03                     519 	.db #0x03	; 3
      0001DB 02                     520 	.db #0x02	; 2
      0001DC 01                     521 	.db #0x01	; 1
      0001DD 01                     522 	.db #0x01	; 1
      0001DE 01                     523 	.db #0x01	; 1
      0001DF 01                     524 	.db #0x01	; 1
      0001E0 80                     525 	.db #0x80	; 128
      0001E1 80                     526 	.db #0x80	; 128
      0001E2 C0                     527 	.db #0xc0	; 192
      0001E3 40                     528 	.db #0x40	; 64
      0001E4 E0                     529 	.db #0xe0	; 224
      0001E5 20                     530 	.db #0x20	; 32
      0001E6 60                     531 	.db #0x60	; 96
      0001E7 A0                     532 	.db #0xa0	; 160
      0001E8 40                     533 	.db #0x40	; 64
      0001E9 C0                     534 	.db #0xc0	; 192
      0001EA 80                     535 	.db #0x80	; 128
      0001EB 80                     536 	.db #0x80	; 128
      0001EC F8                     537 	.db #0xf8	; 248
      0001ED F8                     538 	.db #0xf8	; 248
      0001EE 08                     539 	.db #0x08	; 8
      0001EF F8                     540 	.db #0xf8	; 248
      0001F0 10                     541 	.db #0x10	; 16
      0001F1 F0                     542 	.db #0xf0	; 240
      0001F2 10                     543 	.db #0x10	; 16
      0001F3 F0                     544 	.db #0xf0	; 240
      0001F4 20                     545 	.db #0x20	; 32
      0001F5 E0                     546 	.db #0xe0	; 224
      0001F6 20                     547 	.db #0x20	; 32
      0001F7 E0                     548 	.db #0xe0	; 224
      0001F8 40                     549 	.db #0x40	; 64
      0001F9 C0                     550 	.db #0xc0	; 192
      0001FA 40                     551 	.db #0x40	; 64
      0001FB C0                     552 	.db #0xc0	; 192
      0001FC 80                     553 	.db #0x80	; 128
      0001FD 80                     554 	.db #0x80	; 128
      0001FE 80                     555 	.db #0x80	; 128
      0001FF 80                     556 	.db #0x80	; 128
      000200 01                     557 	.db #0x01	; 1
      000201 01                     558 	.db #0x01	; 1
      000202 02                     559 	.db #0x02	; 2
      000203 03                     560 	.db #0x03	; 3
      000204 04                     561 	.db #0x04	; 4
      000205 07                     562 	.db #0x07	; 7
      000206 04                     563 	.db #0x04	; 4
      000207 07                     564 	.db #0x07	; 7
      000208 02                     565 	.db #0x02	; 2
      000209 03                     566 	.db #0x03	; 3
      00020A 1D                     567 	.db #0x1d	; 29
      00020B 1D                     568 	.db #0x1d	; 29
      00020C 1F                     569 	.db #0x1f	; 31
      00020D 13                     570 	.db #0x13	; 19
      00020E 0F                     571 	.db #0x0f	; 15
      00020F 08                     572 	.db #0x08	; 8
      000210 0F                     573 	.db #0x0f	; 15
      000211 08                     574 	.db #0x08	; 8
      000212 07                     575 	.db #0x07	; 7
      000213 04                     576 	.db #0x04	; 4
      000214 07                     577 	.db #0x07	; 7
      000215 04                     578 	.db #0x04	; 4
      000216 07                     579 	.db #0x07	; 7
      000217 04                     580 	.db #0x04	; 4
      000218 03                     581 	.db #0x03	; 3
      000219 02                     582 	.db #0x02	; 2
      00021A 03                     583 	.db #0x03	; 3
      00021B 02                     584 	.db #0x02	; 2
      00021C 01                     585 	.db #0x01	; 1
      00021D 01                     586 	.db #0x01	; 1
      00021E 01                     587 	.db #0x01	; 1
      00021F 01                     588 	.db #0x01	; 1
      000220 80                     589 	.db #0x80	; 128
      000221 80                     590 	.db #0x80	; 128
      000222 C0                     591 	.db #0xc0	; 192
      000223 40                     592 	.db #0x40	; 64
      000224 E0                     593 	.db #0xe0	; 224
      000225 20                     594 	.db #0x20	; 32
      000226 60                     595 	.db #0x60	; 96
      000227 A0                     596 	.db #0xa0	; 160
      000228 40                     597 	.db #0x40	; 64
      000229 C0                     598 	.db #0xc0	; 192
      00022A 80                     599 	.db #0x80	; 128
      00022B 80                     600 	.db #0x80	; 128
      00022C C0                     601 	.db #0xc0	; 192
      00022D C0                     602 	.db #0xc0	; 192
      00022E 38                     603 	.db #0x38	; 56	'8'
      00022F F8                     604 	.db #0xf8	; 248
      000230 10                     605 	.db #0x10	; 16
      000231 F0                     606 	.db #0xf0	; 240
      000232 10                     607 	.db #0x10	; 16
      000233 F0                     608 	.db #0xf0	; 240
      000234 20                     609 	.db #0x20	; 32
      000235 E0                     610 	.db #0xe0	; 224
      000236 20                     611 	.db #0x20	; 32
      000237 E0                     612 	.db #0xe0	; 224
      000238 40                     613 	.db #0x40	; 64
      000239 C0                     614 	.db #0xc0	; 192
      00023A 40                     615 	.db #0x40	; 64
      00023B C0                     616 	.db #0xc0	; 192
      00023C 80                     617 	.db #0x80	; 128
      00023D 80                     618 	.db #0x80	; 128
      00023E 80                     619 	.db #0x80	; 128
      00023F 80                     620 	.db #0x80	; 128
      000240 01                     621 	.db #0x01	; 1
      000241 01                     622 	.db #0x01	; 1
      000242 02                     623 	.db #0x02	; 2
      000243 03                     624 	.db #0x03	; 3
      000244 04                     625 	.db #0x04	; 4
      000245 07                     626 	.db #0x07	; 7
      000246 04                     627 	.db #0x04	; 4
      000247 07                     628 	.db #0x07	; 7
      000248 02                     629 	.db #0x02	; 2
      000249 03                     630 	.db #0x03	; 3
      00024A 0D                     631 	.db #0x0d	; 13
      00024B 0D                     632 	.db #0x0d	; 13
      00024C 0F                     633 	.db #0x0f	; 15
      00024D 0B                     634 	.db #0x0b	; 11
      00024E 07                     635 	.db #0x07	; 7
      00024F 04                     636 	.db #0x04	; 4
      000250 07                     637 	.db #0x07	; 7
      000251 04                     638 	.db #0x04	; 4
      000252 07                     639 	.db #0x07	; 7
      000253 04                     640 	.db #0x04	; 4
      000254 03                     641 	.db #0x03	; 3
      000255 02                     642 	.db #0x02	; 2
      000256 03                     643 	.db #0x03	; 3
      000257 02                     644 	.db #0x02	; 2
      000258 03                     645 	.db #0x03	; 3
      000259 02                     646 	.db #0x02	; 2
      00025A 03                     647 	.db #0x03	; 3
      00025B 02                     648 	.db #0x02	; 2
      00025C 01                     649 	.db #0x01	; 1
      00025D 01                     650 	.db #0x01	; 1
      00025E 01                     651 	.db #0x01	; 1
      00025F 01                     652 	.db #0x01	; 1
      000260 80                     653 	.db #0x80	; 128
      000261 80                     654 	.db #0x80	; 128
      000262 C0                     655 	.db #0xc0	; 192
      000263 40                     656 	.db #0x40	; 64
      000264 E0                     657 	.db #0xe0	; 224
      000265 20                     658 	.db #0x20	; 32
      000266 60                     659 	.db #0x60	; 96
      000267 A0                     660 	.db #0xa0	; 160
      000268 40                     661 	.db #0x40	; 64
      000269 C0                     662 	.db #0xc0	; 192
      00026A 80                     663 	.db #0x80	; 128
      00026B 80                     664 	.db #0x80	; 128
      00026C 00                     665 	.db #0x00	; 0
      00026D 00                     666 	.db #0x00	; 0
      00026E C0                     667 	.db #0xc0	; 192
      00026F C0                     668 	.db #0xc0	; 192
      000270 20                     669 	.db #0x20	; 32
      000271 E0                     670 	.db #0xe0	; 224
      000272 20                     671 	.db #0x20	; 32
      000273 E0                     672 	.db #0xe0	; 224
      000274 40                     673 	.db #0x40	; 64
      000275 C0                     674 	.db #0xc0	; 192
      000276 40                     675 	.db #0x40	; 64
      000277 C0                     676 	.db #0xc0	; 192
      000278 40                     677 	.db #0x40	; 64
      000279 C0                     678 	.db #0xc0	; 192
      00027A 40                     679 	.db #0x40	; 64
      00027B C0                     680 	.db #0xc0	; 192
      00027C 80                     681 	.db #0x80	; 128
      00027D 80                     682 	.db #0x80	; 128
      00027E 80                     683 	.db #0x80	; 128
      00027F 80                     684 	.db #0x80	; 128
      000280 01                     685 	.db #0x01	; 1
      000281 01                     686 	.db #0x01	; 1
      000282 02                     687 	.db #0x02	; 2
      000283 03                     688 	.db #0x03	; 3
      000284 04                     689 	.db #0x04	; 4
      000285 07                     690 	.db #0x07	; 7
      000286 04                     691 	.db #0x04	; 4
      000287 07                     692 	.db #0x07	; 7
      000288 02                     693 	.db #0x02	; 2
      000289 03                     694 	.db #0x03	; 3
      00028A 07                     695 	.db #0x07	; 7
      00028B 07                     696 	.db #0x07	; 7
      00028C 07                     697 	.db #0x07	; 7
      00028D 05                     698 	.db #0x05	; 5
      00028E 03                     699 	.db #0x03	; 3
      00028F 02                     700 	.db #0x02	; 2
      000290 03                     701 	.db #0x03	; 3
      000291 02                     702 	.db #0x02	; 2
      000292 03                     703 	.db #0x03	; 3
      000293 02                     704 	.db #0x02	; 2
      000294 03                     705 	.db #0x03	; 3
      000295 02                     706 	.db #0x02	; 2
      000296 03                     707 	.db #0x03	; 3
      000297 02                     708 	.db #0x02	; 2
      000298 03                     709 	.db #0x03	; 3
      000299 02                     710 	.db #0x02	; 2
      00029A 01                     711 	.db #0x01	; 1
      00029B 01                     712 	.db #0x01	; 1
      00029C 01                     713 	.db #0x01	; 1
      00029D 01                     714 	.db #0x01	; 1
      00029E 01                     715 	.db #0x01	; 1
      00029F 01                     716 	.db #0x01	; 1
      0002A0 80                     717 	.db #0x80	; 128
      0002A1 80                     718 	.db #0x80	; 128
      0002A2 C0                     719 	.db #0xc0	; 192
      0002A3 40                     720 	.db #0x40	; 64
      0002A4 E0                     721 	.db #0xe0	; 224
      0002A5 20                     722 	.db #0x20	; 32
      0002A6 60                     723 	.db #0x60	; 96
      0002A7 A0                     724 	.db #0xa0	; 160
      0002A8 40                     725 	.db #0x40	; 64
      0002A9 C0                     726 	.db #0xc0	; 192
      0002AA 80                     727 	.db #0x80	; 128
      0002AB 80                     728 	.db #0x80	; 128
      0002AC 00                     729 	.db #0x00	; 0
      0002AD 00                     730 	.db #0x00	; 0
      0002AE C0                     731 	.db #0xc0	; 192
      0002AF C0                     732 	.db #0xc0	; 192
      0002B0 40                     733 	.db #0x40	; 64
      0002B1 C0                     734 	.db #0xc0	; 192
      0002B2 40                     735 	.db #0x40	; 64
      0002B3 C0                     736 	.db #0xc0	; 192
      0002B4 40                     737 	.db #0x40	; 64
      0002B5 C0                     738 	.db #0xc0	; 192
      0002B6 40                     739 	.db #0x40	; 64
      0002B7 C0                     740 	.db #0xc0	; 192
      0002B8 80                     741 	.db #0x80	; 128
      0002B9 80                     742 	.db #0x80	; 128
      0002BA 80                     743 	.db #0x80	; 128
      0002BB 80                     744 	.db #0x80	; 128
      0002BC 80                     745 	.db #0x80	; 128
      0002BD 80                     746 	.db #0x80	; 128
      0002BE 80                     747 	.db #0x80	; 128
      0002BF 80                     748 	.db #0x80	; 128
      0002C0 01                     749 	.db #0x01	; 1
      0002C1 01                     750 	.db #0x01	; 1
      0002C2 02                     751 	.db #0x02	; 2
      0002C3 03                     752 	.db #0x03	; 3
      0002C4 04                     753 	.db #0x04	; 4
      0002C5 07                     754 	.db #0x07	; 7
      0002C6 04                     755 	.db #0x04	; 4
      0002C7 07                     756 	.db #0x07	; 7
      0002C8 02                     757 	.db #0x02	; 2
      0002C9 03                     758 	.db #0x03	; 3
      0002CA 01                     759 	.db #0x01	; 1
      0002CB 01                     760 	.db #0x01	; 1
      0002CC 00                     761 	.db #0x00	; 0
      0002CD 00                     762 	.db #0x00	; 0
      0002CE 03                     763 	.db #0x03	; 3
      0002CF 03                     764 	.db #0x03	; 3
      0002D0 02                     765 	.db #0x02	; 2
      0002D1 03                     766 	.db #0x03	; 3
      0002D2 02                     767 	.db #0x02	; 2
      0002D3 03                     768 	.db #0x03	; 3
      0002D4 02                     769 	.db #0x02	; 2
      0002D5 03                     770 	.db #0x03	; 3
      0002D6 02                     771 	.db #0x02	; 2
      0002D7 03                     772 	.db #0x03	; 3
      0002D8 01                     773 	.db #0x01	; 1
      0002D9 01                     774 	.db #0x01	; 1
      0002DA 01                     775 	.db #0x01	; 1
      0002DB 01                     776 	.db #0x01	; 1
      0002DC 01                     777 	.db #0x01	; 1
      0002DD 01                     778 	.db #0x01	; 1
      0002DE 01                     779 	.db #0x01	; 1
      0002DF 01                     780 	.db #0x01	; 1
      0002E0 80                     781 	.db #0x80	; 128
      0002E1 80                     782 	.db #0x80	; 128
      0002E2 C0                     783 	.db #0xc0	; 192
      0002E3 40                     784 	.db #0x40	; 64
      0002E4 E0                     785 	.db #0xe0	; 224
      0002E5 20                     786 	.db #0x20	; 32
      0002E6 60                     787 	.db #0x60	; 96
      0002E7 A0                     788 	.db #0xa0	; 160
      0002E8 40                     789 	.db #0x40	; 64
      0002E9 C0                     790 	.db #0xc0	; 192
      0002EA E0                     791 	.db #0xe0	; 224
      0002EB E0                     792 	.db #0xe0	; 224
      0002EC E0                     793 	.db #0xe0	; 224
      0002ED A0                     794 	.db #0xa0	; 160
      0002EE C0                     795 	.db #0xc0	; 192
      0002EF 40                     796 	.db #0x40	; 64
      0002F0 C0                     797 	.db #0xc0	; 192
      0002F1 40                     798 	.db #0x40	; 64
      0002F2 C0                     799 	.db #0xc0	; 192
      0002F3 40                     800 	.db #0x40	; 64
      0002F4 C0                     801 	.db #0xc0	; 192
      0002F5 40                     802 	.db #0x40	; 64
      0002F6 C0                     803 	.db #0xc0	; 192
      0002F7 40                     804 	.db #0x40	; 64
      0002F8 C0                     805 	.db #0xc0	; 192
      0002F9 40                     806 	.db #0x40	; 64
      0002FA 80                     807 	.db #0x80	; 128
      0002FB 80                     808 	.db #0x80	; 128
      0002FC 80                     809 	.db #0x80	; 128
      0002FD 80                     810 	.db #0x80	; 128
      0002FE 80                     811 	.db #0x80	; 128
      0002FF 80                     812 	.db #0x80	; 128
      000300 01                     813 	.db #0x01	; 1
      000301 01                     814 	.db #0x01	; 1
      000302 02                     815 	.db #0x02	; 2
      000303 03                     816 	.db #0x03	; 3
      000304 04                     817 	.db #0x04	; 4
      000305 07                     818 	.db #0x07	; 7
      000306 04                     819 	.db #0x04	; 4
      000307 07                     820 	.db #0x07	; 7
      000308 02                     821 	.db #0x02	; 2
      000309 03                     822 	.db #0x03	; 3
      00030A 01                     823 	.db #0x01	; 1
      00030B 01                     824 	.db #0x01	; 1
      00030C 00                     825 	.db #0x00	; 0
      00030D 00                     826 	.db #0x00	; 0
      00030E 03                     827 	.db #0x03	; 3
      00030F 03                     828 	.db #0x03	; 3
      000310 04                     829 	.db #0x04	; 4
      000311 07                     830 	.db #0x07	; 7
      000312 04                     831 	.db #0x04	; 4
      000313 07                     832 	.db #0x07	; 7
      000314 02                     833 	.db #0x02	; 2
      000315 03                     834 	.db #0x03	; 3
      000316 02                     835 	.db #0x02	; 2
      000317 03                     836 	.db #0x03	; 3
      000318 02                     837 	.db #0x02	; 2
      000319 03                     838 	.db #0x03	; 3
      00031A 02                     839 	.db #0x02	; 2
      00031B 03                     840 	.db #0x03	; 3
      00031C 01                     841 	.db #0x01	; 1
      00031D 01                     842 	.db #0x01	; 1
      00031E 01                     843 	.db #0x01	; 1
      00031F 01                     844 	.db #0x01	; 1
      000320 80                     845 	.db #0x80	; 128
      000321 80                     846 	.db #0x80	; 128
      000322 C0                     847 	.db #0xc0	; 192
      000323 40                     848 	.db #0x40	; 64
      000324 E0                     849 	.db #0xe0	; 224
      000325 20                     850 	.db #0x20	; 32
      000326 60                     851 	.db #0x60	; 96
      000327 A0                     852 	.db #0xa0	; 160
      000328 40                     853 	.db #0x40	; 64
      000329 C0                     854 	.db #0xc0	; 192
      00032A B0                     855 	.db #0xb0	; 176
      00032B B0                     856 	.db #0xb0	; 176
      00032C F0                     857 	.db #0xf0	; 240
      00032D D0                     858 	.db #0xd0	; 208
      00032E E0                     859 	.db #0xe0	; 224
      00032F 20                     860 	.db #0x20	; 32
      000330 E0                     861 	.db #0xe0	; 224
      000331 20                     862 	.db #0x20	; 32
      000332 E0                     863 	.db #0xe0	; 224
      000333 20                     864 	.db #0x20	; 32
      000334 C0                     865 	.db #0xc0	; 192
      000335 40                     866 	.db #0x40	; 64
      000336 C0                     867 	.db #0xc0	; 192
      000337 40                     868 	.db #0x40	; 64
      000338 C0                     869 	.db #0xc0	; 192
      000339 40                     870 	.db #0x40	; 64
      00033A C0                     871 	.db #0xc0	; 192
      00033B 40                     872 	.db #0x40	; 64
      00033C 80                     873 	.db #0x80	; 128
      00033D 80                     874 	.db #0x80	; 128
      00033E 80                     875 	.db #0x80	; 128
      00033F 80                     876 	.db #0x80	; 128
      000340 01                     877 	.db #0x01	; 1
      000341 01                     878 	.db #0x01	; 1
      000342 02                     879 	.db #0x02	; 2
      000343 03                     880 	.db #0x03	; 3
      000344 04                     881 	.db #0x04	; 4
      000345 07                     882 	.db #0x07	; 7
      000346 04                     883 	.db #0x04	; 4
      000347 07                     884 	.db #0x07	; 7
      000348 02                     885 	.db #0x02	; 2
      000349 03                     886 	.db #0x03	; 3
      00034A 01                     887 	.db #0x01	; 1
      00034B 01                     888 	.db #0x01	; 1
      00034C 03                     889 	.db #0x03	; 3
      00034D 03                     890 	.db #0x03	; 3
      00034E 1C                     891 	.db #0x1c	; 28
      00034F 1F                     892 	.db #0x1f	; 31
      000350 08                     893 	.db #0x08	; 8
      000351 0F                     894 	.db #0x0f	; 15
      000352 08                     895 	.db #0x08	; 8
      000353 0F                     896 	.db #0x0f	; 15
      000354 04                     897 	.db #0x04	; 4
      000355 07                     898 	.db #0x07	; 7
      000356 04                     899 	.db #0x04	; 4
      000357 07                     900 	.db #0x07	; 7
      000358 02                     901 	.db #0x02	; 2
      000359 03                     902 	.db #0x03	; 3
      00035A 02                     903 	.db #0x02	; 2
      00035B 03                     904 	.db #0x03	; 3
      00035C 01                     905 	.db #0x01	; 1
      00035D 01                     906 	.db #0x01	; 1
      00035E 01                     907 	.db #0x01	; 1
      00035F 01                     908 	.db #0x01	; 1
      000360 80                     909 	.db #0x80	; 128
      000361 80                     910 	.db #0x80	; 128
      000362 C0                     911 	.db #0xc0	; 192
      000363 40                     912 	.db #0x40	; 64
      000364 E0                     913 	.db #0xe0	; 224
      000365 20                     914 	.db #0x20	; 32
      000366 60                     915 	.db #0x60	; 96
      000367 A0                     916 	.db #0xa0	; 160
      000368 40                     917 	.db #0x40	; 64
      000369 C0                     918 	.db #0xc0	; 192
      00036A B8                     919 	.db #0xb8	; 184
      00036B B8                     920 	.db #0xb8	; 184
      00036C F8                     921 	.db #0xf8	; 248
      00036D C8                     922 	.db #0xc8	; 200
      00036E F0                     923 	.db #0xf0	; 240
      00036F 10                     924 	.db #0x10	; 16
      000370 F0                     925 	.db #0xf0	; 240
      000371 10                     926 	.db #0x10	; 16
      000372 E0                     927 	.db #0xe0	; 224
      000373 20                     928 	.db #0x20	; 32
      000374 E0                     929 	.db #0xe0	; 224
      000375 20                     930 	.db #0x20	; 32
      000376 E0                     931 	.db #0xe0	; 224
      000377 20                     932 	.db #0x20	; 32
      000378 C0                     933 	.db #0xc0	; 192
      000379 40                     934 	.db #0x40	; 64
      00037A C0                     935 	.db #0xc0	; 192
      00037B 40                     936 	.db #0x40	; 64
      00037C 80                     937 	.db #0x80	; 128
      00037D 80                     938 	.db #0x80	; 128
      00037E 80                     939 	.db #0x80	; 128
      00037F 80                     940 	.db #0x80	; 128
      000380 01                     941 	.db #0x01	; 1
      000381 01                     942 	.db #0x01	; 1
      000382 02                     943 	.db #0x02	; 2
      000383 03                     944 	.db #0x03	; 3
      000384 04                     945 	.db #0x04	; 4
      000385 07                     946 	.db #0x07	; 7
      000386 04                     947 	.db #0x04	; 4
      000387 07                     948 	.db #0x07	; 7
      000388 02                     949 	.db #0x02	; 2
      000389 03                     950 	.db #0x03	; 3
      00038A 01                     951 	.db #0x01	; 1
      00038B 01                     952 	.db #0x01	; 1
      00038C 1F                     953 	.db #0x1f	; 31
      00038D 1F                     954 	.db #0x1f	; 31
      00038E 10                     955 	.db #0x10	; 16
      00038F 1F                     956 	.db #0x1f	; 31
      000390 08                     957 	.db #0x08	; 8
      000391 0F                     958 	.db #0x0f	; 15
      000392 08                     959 	.db #0x08	; 8
      000393 0F                     960 	.db #0x0f	; 15
      000394 04                     961 	.db #0x04	; 4
      000395 07                     962 	.db #0x07	; 7
      000396 04                     963 	.db #0x04	; 4
      000397 07                     964 	.db #0x07	; 7
      000398 02                     965 	.db #0x02	; 2
      000399 03                     966 	.db #0x03	; 3
      00039A 02                     967 	.db #0x02	; 2
      00039B 03                     968 	.db #0x03	; 3
      00039C 01                     969 	.db #0x01	; 1
      00039D 01                     970 	.db #0x01	; 1
      00039E 01                     971 	.db #0x01	; 1
      00039F 01                     972 	.db #0x01	; 1
      0003A0 80                     973 	.db #0x80	; 128
      0003A1 80                     974 	.db #0x80	; 128
      0003A2 C0                     975 	.db #0xc0	; 192
      0003A3 40                     976 	.db #0x40	; 64
      0003A4 E0                     977 	.db #0xe0	; 224
      0003A5 20                     978 	.db #0x20	; 32
      0003A6 60                     979 	.db #0x60	; 96
      0003A7 A0                     980 	.db #0xa0	; 160
      0003A8 40                     981 	.db #0x40	; 64
      0003A9 C0                     982 	.db #0xc0	; 192
      0003AA 80                     983 	.db #0x80	; 128
      0003AB 80                     984 	.db #0x80	; 128
      0003AC F8                     985 	.db #0xf8	; 248
      0003AD F8                     986 	.db #0xf8	; 248
      0003AE F8                     987 	.db #0xf8	; 248
      0003AF 08                     988 	.db #0x08	; 8
      0003B0 F0                     989 	.db #0xf0	; 240
      0003B1 10                     990 	.db #0x10	; 16
      0003B2 F0                     991 	.db #0xf0	; 240
      0003B3 10                     992 	.db #0x10	; 16
      0003B4 E0                     993 	.db #0xe0	; 224
      0003B5 20                     994 	.db #0x20	; 32
      0003B6 E0                     995 	.db #0xe0	; 224
      0003B7 20                     996 	.db #0x20	; 32
      0003B8 C0                     997 	.db #0xc0	; 192
      0003B9 40                     998 	.db #0x40	; 64
      0003BA C0                     999 	.db #0xc0	; 192
      0003BB 40                    1000 	.db #0x40	; 64
      0003BC 80                    1001 	.db #0x80	; 128
      0003BD 80                    1002 	.db #0x80	; 128
      0003BE 80                    1003 	.db #0x80	; 128
      0003BF 80                    1004 	.db #0x80	; 128
                                   1005 	.area _INITIALIZER
                                   1006 	.area _CABS (ABS)
