                                      1 ;--------------------------------------------------------
                                      2 ; File Created by SDCC : free open source ISO C Compiler 
                                      3 ; Version 4.2.2 #13350 (Linux)
                                      4 ;--------------------------------------------------------
                                      5 	.module tt
                                      6 	.optsdcc -msm83
                                      7 	
                                      8 ;--------------------------------------------------------
                                      9 ; Public variables in this module
                                     10 ;--------------------------------------------------------
                                     11 	.globl _test_dungeon
                                     12 ;--------------------------------------------------------
                                     13 ; special function registers
                                     14 ;--------------------------------------------------------
                                     15 ;--------------------------------------------------------
                                     16 ; ram data
                                     17 ;--------------------------------------------------------
                                     18 	.area _DATA
                                     19 ;--------------------------------------------------------
                                     20 ; ram data
                                     21 ;--------------------------------------------------------
                                     22 	.area _INITIALIZED
                                     23 ;--------------------------------------------------------
                                     24 ; absolute external ram data
                                     25 ;--------------------------------------------------------
                                     26 	.area _DABS (ABS)
                                     27 ;--------------------------------------------------------
                                     28 ; global & static initialisations
                                     29 ;--------------------------------------------------------
                                     30 	.area _HOME
                                     31 	.area _GSINIT
                                     32 	.area _GSFINAL
                                     33 	.area _GSINIT
                                     34 ;--------------------------------------------------------
                                     35 ; Home
                                     36 ;--------------------------------------------------------
                                     37 	.area _HOME
                                     38 	.area _HOME
                                     39 ;--------------------------------------------------------
                                     40 ; code
                                     41 ;--------------------------------------------------------
                                     42 	.area _CODE
                                     43 	.area _CODE
      000000                         44 _test_dungeon:
      000000 02                      45 	.db #0x02	; 2
      000001 02                      46 	.db #0x02	; 2
      000002 02                      47 	.db #0x02	; 2
      000003 02                      48 	.db #0x02	; 2
      000004 03                      49 	.db #0x03	; 3
      000005 02                      50 	.db #0x02	; 2
      000006 02                      51 	.db #0x02	; 2
      000007 02                      52 	.db #0x02	; 2
      000008 02                      53 	.db #0x02	; 2
      000009 02                      54 	.db #0x02	; 2
      00000A 02                      55 	.db #0x02	; 2
      00000B 02                      56 	.db #0x02	; 2
      00000C 02                      57 	.db #0x02	; 2
      00000D 02                      58 	.db #0x02	; 2
      00000E 00                      59 	.db #0x00	; 0
      00000F 00                      60 	.db #0x00	; 0
      000010 00                      61 	.db #0x00	; 0
      000011 00                      62 	.db #0x00	; 0
      000012 00                      63 	.db #0x00	; 0
      000013 02                      64 	.db #0x02	; 2
      000014 02                      65 	.db #0x02	; 2
      000015 00                      66 	.db #0x00	; 0
      000016 00                      67 	.db #0x00	; 0
      000017 00                      68 	.db #0x00	; 0
      000018 00                      69 	.db #0x00	; 0
      000019 00                      70 	.db #0x00	; 0
      00001A 00                      71 	.db #0x00	; 0
      00001B 00                      72 	.db #0x00	; 0
      00001C 00                      73 	.db #0x00	; 0
      00001D 02                      74 	.db #0x02	; 2
      00001E 02                      75 	.db #0x02	; 2
      00001F 00                      76 	.db #0x00	; 0
      000020 00                      77 	.db #0x00	; 0
      000021 00                      78 	.db #0x00	; 0
      000022 00                      79 	.db #0x00	; 0
      000023 04                      80 	.db #0x04	; 4
      000024 02                      81 	.db #0x02	; 2
      000025 00                      82 	.db #0x00	; 0
      000026 00                      83 	.db #0x00	; 0
      000027 02                      84 	.db #0x02	; 2
      000028 02                      85 	.db #0x02	; 2
      000029 00                      86 	.db #0x00	; 0
      00002A 00                      87 	.db #0x00	; 0
      00002B 00                      88 	.db #0x00	; 0
      00002C 00                      89 	.db #0x00	; 0
      00002D 00                      90 	.db #0x00	; 0
      00002E 02                      91 	.db #0x02	; 2
      00002F 00                      92 	.db #0x00	; 0
      000030 00                      93 	.db #0x00	; 0
      000031 02                      94 	.db #0x02	; 2
      000032 02                      95 	.db #0x02	; 2
      000033 00                      96 	.db #0x00	; 0
      000034 00                      97 	.db #0x00	; 0
      000035 00                      98 	.db #0x00	; 0
      000036 00                      99 	.db #0x00	; 0
      000037 00                     100 	.db #0x00	; 0
      000038 02                     101 	.db #0x02	; 2
      000039 00                     102 	.db #0x00	; 0
      00003A 00                     103 	.db #0x00	; 0
      00003B 02                     104 	.db #0x02	; 2
      00003C 02                     105 	.db #0x02	; 2
      00003D 02                     106 	.db #0x02	; 2
      00003E 00                     107 	.db #0x00	; 0
      00003F 02                     108 	.db #0x02	; 2
      000040 00                     109 	.db #0x00	; 0
      000041 04                     110 	.db #0x04	; 4
      000042 02                     111 	.db #0x02	; 2
      000043 02                     112 	.db #0x02	; 2
      000044 02                     113 	.db #0x02	; 2
      000045 02                     114 	.db #0x02	; 2
      000046 02                     115 	.db #0x02	; 2
      000047 02                     116 	.db #0x02	; 2
      000048 00                     117 	.db #0x00	; 0
      000049 00                     118 	.db #0x00	; 0
      00004A 01                     119 	.db #0x01	; 1
      00004B 00                     120 	.db #0x00	; 0
      00004C 00                     121 	.db #0x00	; 0
      00004D 00                     122 	.db #0x00	; 0
      00004E 00                     123 	.db #0x00	; 0
      00004F 02                     124 	.db #0x02	; 2
      000050 02                     125 	.db #0x02	; 2
      000051 02                     126 	.db #0x02	; 2
      000052 00                     127 	.db #0x00	; 0
      000053 02                     128 	.db #0x02	; 2
      000054 00                     129 	.db #0x00	; 0
      000055 00                     130 	.db #0x00	; 0
      000056 02                     131 	.db #0x02	; 2
      000057 02                     132 	.db #0x02	; 2
      000058 02                     133 	.db #0x02	; 2
      000059 02                     134 	.db #0x02	; 2
      00005A 02                     135 	.db #0x02	; 2
      00005B 02                     136 	.db #0x02	; 2
      00005C 02                     137 	.db #0x02	; 2
      00005D 02                     138 	.db #0x02	; 2
      00005E 02                     139 	.db #0x02	; 2
      00005F 02                     140 	.db #0x02	; 2
      000060 02                     141 	.db #0x02	; 2
      000061 02                     142 	.db #0x02	; 2
      000062 02                     143 	.db #0x02	; 2
      000063 02                     144 	.db #0x02	; 2
                                    145 	.area _INITIALIZER
                                    146 	.area _CABS (ABS)
