                                      1 ;--------------------------------------------------------
                                      2 ; File Created by SDCC : free open source ISO C Compiler 
                                      3 ; Version 4.2.2 #13350 (Linux)
                                      4 ;--------------------------------------------------------
                                      5 	.module UI_sprites
                                      6 	.optsdcc -msm83
                                      7 	
                                      8 ;--------------------------------------------------------
                                      9 ; Public variables in this module
                                     10 ;--------------------------------------------------------
                                     11 	.globl _UI_tiles
                                     12 ;--------------------------------------------------------
                                     13 ; special function registers
                                     14 ;--------------------------------------------------------
                                     15 ;--------------------------------------------------------
                                     16 ; ram data
                                     17 ;--------------------------------------------------------
                                     18 	.area _DATA
                                     19 ;--------------------------------------------------------
                                     20 ; ram data
                                     21 ;--------------------------------------------------------
                                     22 	.area _INITIALIZED
                                     23 ;--------------------------------------------------------
                                     24 ; absolute external ram data
                                     25 ;--------------------------------------------------------
                                     26 	.area _DABS (ABS)
                                     27 ;--------------------------------------------------------
                                     28 ; global & static initialisations
                                     29 ;--------------------------------------------------------
                                     30 	.area _HOME
                                     31 	.area _GSINIT
                                     32 	.area _GSFINAL
                                     33 	.area _GSINIT
                                     34 ;--------------------------------------------------------
                                     35 ; Home
                                     36 ;--------------------------------------------------------
                                     37 	.area _HOME
                                     38 	.area _HOME
                                     39 ;--------------------------------------------------------
                                     40 ; code
                                     41 ;--------------------------------------------------------
                                     42 	.area _CODE
                                     43 	.area _CODE
      000000                         44 _UI_tiles:
      000000 00                      45 	.db #0x00	; 0
      000001 00                      46 	.db #0x00	; 0
      000002 00                      47 	.db #0x00	; 0
      000003 00                      48 	.db #0x00	; 0
      000004 00                      49 	.db #0x00	; 0
      000005 00                      50 	.db #0x00	; 0
      000006 00                      51 	.db #0x00	; 0
      000007 00                      52 	.db #0x00	; 0
      000008 00                      53 	.db #0x00	; 0
      000009 00                      54 	.db #0x00	; 0
      00000A 00                      55 	.db #0x00	; 0
      00000B 00                      56 	.db #0x00	; 0
      00000C 00                      57 	.db #0x00	; 0
      00000D 00                      58 	.db #0x00	; 0
      00000E 00                      59 	.db #0x00	; 0
      00000F 00                      60 	.db #0x00	; 0
      000010 FC                      61 	.db #0xfc	; 252
      000011 00                      62 	.db #0x00	; 0
      000012 78                      63 	.db #0x78	; 120	'x'
      000013 00                      64 	.db #0x00	; 0
      000014 30                      65 	.db #0x30	; 48	'0'
      000015 00                      66 	.db #0x00	; 0
      000016 38                      67 	.db #0x38	; 56	'8'
      000017 00                      68 	.db #0x00	; 0
      000018 3C                      69 	.db #0x3c	; 60
      000019 00                      70 	.db #0x00	; 0
      00001A 3E                      71 	.db #0x3e	; 62
      00001B 00                      72 	.db #0x00	; 0
      00001C 37                      73 	.db #0x37	; 55	'7'
      00001D 00                      74 	.db #0x00	; 0
      00001E 33                      75 	.db #0x33	; 51	'3'
      00001F 00                      76 	.db #0x00	; 0
      000020 31                      77 	.db #0x31	; 49	'1'
      000021 00                      78 	.db #0x00	; 0
      000022 30                      79 	.db #0x30	; 48	'0'
      000023 00                      80 	.db #0x00	; 0
      000024 30                      81 	.db #0x30	; 48	'0'
      000025 00                      82 	.db #0x00	; 0
      000026 30                      83 	.db #0x30	; 48	'0'
      000027 00                      84 	.db #0x00	; 0
      000028 30                      85 	.db #0x30	; 48	'0'
      000029 00                      86 	.db #0x00	; 0
      00002A 30                      87 	.db #0x30	; 48	'0'
      00002B 00                      88 	.db #0x00	; 0
      00002C 78                      89 	.db #0x78	; 120	'x'
      00002D 00                      90 	.db #0x00	; 0
      00002E FC                      91 	.db #0xfc	; 252
      00002F 00                      92 	.db #0x00	; 0
      000030 1F                      93 	.db #0x1f	; 31
      000031 00                      94 	.db #0x00	; 0
      000032 1F                      95 	.db #0x1f	; 31
      000033 00                      96 	.db #0x00	; 0
      000034 1C                      97 	.db #0x1c	; 28
      000035 00                      98 	.db #0x00	; 0
      000036 18                      99 	.db #0x18	; 24
      000037 00                     100 	.db #0x00	; 0
      000038 18                     101 	.db #0x18	; 24
      000039 00                     102 	.db #0x00	; 0
      00003A 18                     103 	.db #0x18	; 24
      00003B 00                     104 	.db #0x00	; 0
      00003C 1C                     105 	.db #0x1c	; 28
      00003D 00                     106 	.db #0x00	; 0
      00003E 1F                     107 	.db #0x1f	; 31
      00003F 00                     108 	.db #0x00	; 0
      000040 FE                     109 	.db #0xfe	; 254
      000041 00                     110 	.db #0x00	; 0
      000042 FE                     111 	.db #0xfe	; 254
      000043 00                     112 	.db #0x00	; 0
      000044 00                     113 	.db #0x00	; 0
      000045 00                     114 	.db #0x00	; 0
      000046 00                     115 	.db #0x00	; 0
      000047 00                     116 	.db #0x00	; 0
      000048 00                     117 	.db #0x00	; 0
      000049 00                     118 	.db #0x00	; 0
      00004A 00                     119 	.db #0x00	; 0
      00004B 00                     120 	.db #0x00	; 0
      00004C 00                     121 	.db #0x00	; 0
      00004D 00                     122 	.db #0x00	; 0
      00004E FC                     123 	.db #0xfc	; 252
      00004F 00                     124 	.db #0x00	; 0
      000050 FC                     125 	.db #0xfc	; 252
      000051 00                     126 	.db #0x00	; 0
      000052 F8                     127 	.db #0xf8	; 248
      000053 00                     128 	.db #0x00	; 0
      000054 00                     129 	.db #0x00	; 0
      000055 00                     130 	.db #0x00	; 0
      000056 00                     131 	.db #0x00	; 0
      000057 00                     132 	.db #0x00	; 0
      000058 00                     133 	.db #0x00	; 0
      000059 00                     134 	.db #0x00	; 0
      00005A 00                     135 	.db #0x00	; 0
      00005B 00                     136 	.db #0x00	; 0
      00005C 00                     137 	.db #0x00	; 0
      00005D 00                     138 	.db #0x00	; 0
      00005E E0                     139 	.db #0xe0	; 224
      00005F 00                     140 	.db #0x00	; 0
      000060 07                     141 	.db #0x07	; 7
      000061 00                     142 	.db #0x00	; 0
      000062 0F                     143 	.db #0x0f	; 15
      000063 00                     144 	.db #0x00	; 0
      000064 18                     145 	.db #0x18	; 24
      000065 00                     146 	.db #0x00	; 0
      000066 30                     147 	.db #0x30	; 48	'0'
      000067 00                     148 	.db #0x00	; 0
      000068 30                     149 	.db #0x30	; 48	'0'
      000069 00                     150 	.db #0x00	; 0
      00006A 30                     151 	.db #0x30	; 48	'0'
      00006B 00                     152 	.db #0x00	; 0
      00006C 18                     153 	.db #0x18	; 24
      00006D 00                     154 	.db #0x00	; 0
      00006E 0F                     155 	.db #0x0f	; 15
      00006F 00                     156 	.db #0x00	; 0
      000070 00                     157 	.db #0x00	; 0
      000071 00                     158 	.db #0x00	; 0
      000072 40                     159 	.db #0x40	; 64
      000073 00                     160 	.db #0x00	; 0
      000074 40                     161 	.db #0x40	; 64
      000075 00                     162 	.db #0x00	; 0
      000076 60                     163 	.db #0x60	; 96
      000077 00                     164 	.db #0x00	; 0
      000078 60                     165 	.db #0x60	; 96
      000079 00                     166 	.db #0x00	; 0
      00007A 61                     167 	.db #0x61	; 97	'a'
      00007B 00                     168 	.db #0x00	; 0
      00007C 61                     169 	.db #0x61	; 97	'a'
      00007D 00                     170 	.db #0x00	; 0
      00007E 61                     171 	.db #0x61	; 97	'a'
      00007F 00                     172 	.db #0x00	; 0
      000080 63                     173 	.db #0x63	; 99	'c'
      000081 00                     174 	.db #0x00	; 0
      000082 63                     175 	.db #0x63	; 99	'c'
      000083 00                     176 	.db #0x00	; 0
      000084 63                     177 	.db #0x63	; 99	'c'
      000085 00                     178 	.db #0x00	; 0
      000086 36                     179 	.db #0x36	; 54	'6'
      000087 00                     180 	.db #0x00	; 0
      000088 36                     181 	.db #0x36	; 54	'6'
      000089 00                     182 	.db #0x00	; 0
      00008A 3E                     183 	.db #0x3e	; 62
      00008B 00                     184 	.db #0x00	; 0
      00008C 1C                     185 	.db #0x1c	; 28
      00008D 00                     186 	.db #0x00	; 0
      00008E 00                     187 	.db #0x00	; 0
      00008F 00                     188 	.db #0x00	; 0
      000090 42                     189 	.db #0x42	; 66	'B'
      000091 00                     190 	.db #0x00	; 0
      000092 42                     191 	.db #0x42	; 66	'B'
      000093 00                     192 	.db #0x00	; 0
      000094 62                     193 	.db #0x62	; 98	'b'
      000095 00                     194 	.db #0x00	; 0
      000096 52                     195 	.db #0x52	; 82	'R'
      000097 00                     196 	.db #0x00	; 0
      000098 4A                     197 	.db #0x4a	; 74	'J'
      000099 00                     198 	.db #0x00	; 0
      00009A 46                     199 	.db #0x46	; 70	'F'
      00009B 00                     200 	.db #0x00	; 0
      00009C 42                     201 	.db #0x42	; 66	'B'
      00009D 00                     202 	.db #0x00	; 0
      00009E 42                     203 	.db #0x42	; 66	'B'
      00009F 00                     204 	.db #0x00	; 0
      0000A0 7E                     205 	.db #0x7e	; 126
      0000A1 00                     206 	.db #0x00	; 0
      0000A2 40                     207 	.db #0x40	; 64
      0000A3 00                     208 	.db #0x00	; 0
      0000A4 40                     209 	.db #0x40	; 64
      0000A5 00                     210 	.db #0x00	; 0
      0000A6 7C                     211 	.db #0x7c	; 124
      0000A7 00                     212 	.db #0x00	; 0
      0000A8 40                     213 	.db #0x40	; 64
      0000A9 00                     214 	.db #0x00	; 0
      0000AA 40                     215 	.db #0x40	; 64
      0000AB 00                     216 	.db #0x00	; 0
      0000AC 40                     217 	.db #0x40	; 64
      0000AD 00                     218 	.db #0x00	; 0
      0000AE 7E                     219 	.db #0x7e	; 126
      0000AF 00                     220 	.db #0x00	; 0
      0000B0 3C                     221 	.db #0x3c	; 60
      0000B1 00                     222 	.db #0x00	; 0
      0000B2 40                     223 	.db #0x40	; 64
      0000B3 00                     224 	.db #0x00	; 0
      0000B4 40                     225 	.db #0x40	; 64
      0000B5 00                     226 	.db #0x00	; 0
      0000B6 20                     227 	.db #0x20	; 32
      0000B7 00                     228 	.db #0x00	; 0
      0000B8 18                     229 	.db #0x18	; 24
      0000B9 00                     230 	.db #0x00	; 0
      0000BA 04                     231 	.db #0x04	; 4
      0000BB 00                     232 	.db #0x00	; 0
      0000BC 04                     233 	.db #0x04	; 4
      0000BD 00                     234 	.db #0x00	; 0
      0000BE 78                     235 	.db #0x78	; 120	'x'
      0000BF 00                     236 	.db #0x00	; 0
      0000C0 82                     237 	.db #0x82	; 130
      0000C1 00                     238 	.db #0x00	; 0
      0000C2 82                     239 	.db #0x82	; 130
      0000C3 00                     240 	.db #0x00	; 0
      0000C4 82                     241 	.db #0x82	; 130
      0000C5 00                     242 	.db #0x00	; 0
      0000C6 92                     243 	.db #0x92	; 146
      0000C7 00                     244 	.db #0x00	; 0
      0000C8 54                     245 	.db #0x54	; 84	'T'
      0000C9 00                     246 	.db #0x00	; 0
      0000CA 54                     247 	.db #0x54	; 84	'T'
      0000CB 00                     248 	.db #0x00	; 0
      0000CC 54                     249 	.db #0x54	; 84	'T'
      0000CD 00                     250 	.db #0x00	; 0
      0000CE 38                     251 	.db #0x38	; 56	'8'
      0000CF 00                     252 	.db #0x00	; 0
      0000D0 00                     253 	.db #0x00	; 0
      0000D1 03                     254 	.db #0x03	; 3
      0000D2 03                     255 	.db #0x03	; 3
      0000D3 0F                     256 	.db #0x0f	; 15
      0000D4 0F                     257 	.db #0x0f	; 15
      0000D5 1F                     258 	.db #0x1f	; 31
      0000D6 1F                     259 	.db #0x1f	; 31
      0000D7 3F                     260 	.db #0x3f	; 63
      0000D8 3F                     261 	.db #0x3f	; 63
      0000D9 7F                     262 	.db #0x7f	; 127
      0000DA 3F                     263 	.db #0x3f	; 63
      0000DB 7F                     264 	.db #0x7f	; 127
      0000DC 7F                     265 	.db #0x7f	; 127
      0000DD FF                     266 	.db #0xff	; 255
      0000DE 7F                     267 	.db #0x7f	; 127
      0000DF FF                     268 	.db #0xff	; 255
      0000E0 00                     269 	.db #0x00	; 0
      0000E1 03                     270 	.db #0x03	; 3
      0000E2 02                     271 	.db #0x02	; 2
      0000E3 0D                     272 	.db #0x0d	; 13
      0000E4 0D                     273 	.db #0x0d	; 13
      0000E5 13                     274 	.db #0x13	; 19
      0000E6 1D                     275 	.db #0x1d	; 29
      0000E7 23                     276 	.db #0x23	; 35
      0000E8 3B                     277 	.db #0x3b	; 59
      0000E9 47                     278 	.db #0x47	; 71	'G'
      0000EA 3B                     279 	.db #0x3b	; 59
      0000EB 47                     280 	.db #0x47	; 71	'G'
      0000EC 77                     281 	.db #0x77	; 119	'w'
      0000ED 8F                     282 	.db #0x8f	; 143
      0000EE 77                     283 	.db #0x77	; 119	'w'
      0000EF 8F                     284 	.db #0x8f	; 143
      0000F0 00                     285 	.db #0x00	; 0
      0000F1 03                     286 	.db #0x03	; 3
      0000F2 03                     287 	.db #0x03	; 3
      0000F3 0C                     288 	.db #0x0c	; 12
      0000F4 0F                     289 	.db #0x0f	; 15
      0000F5 10                     290 	.db #0x10	; 16
      0000F6 1F                     291 	.db #0x1f	; 31
      0000F7 20                     292 	.db #0x20	; 32
      0000F8 3F                     293 	.db #0x3f	; 63
      0000F9 40                     294 	.db #0x40	; 64
      0000FA 3F                     295 	.db #0x3f	; 63
      0000FB 40                     296 	.db #0x40	; 64
      0000FC 7F                     297 	.db #0x7f	; 127
      0000FD 80                     298 	.db #0x80	; 128
      0000FE 7F                     299 	.db #0x7f	; 127
      0000FF 80                     300 	.db #0x80	; 128
      000100 00                     301 	.db #0x00	; 0
      000101 03                     302 	.db #0x03	; 3
      000102 02                     303 	.db #0x02	; 2
      000103 0F                     304 	.db #0x0f	; 15
      000104 0D                     305 	.db #0x0d	; 13
      000105 1E                     306 	.db #0x1e	; 30
      000106 1D                     307 	.db #0x1d	; 29
      000107 3E                     308 	.db #0x3e	; 62
      000108 3B                     309 	.db #0x3b	; 59
      000109 7C                     310 	.db #0x7c	; 124
      00010A 3B                     311 	.db #0x3b	; 59
      00010B 7C                     312 	.db #0x7c	; 124
      00010C 77                     313 	.db #0x77	; 119	'w'
      00010D F8                     314 	.db #0xf8	; 248
      00010E 77                     315 	.db #0x77	; 119	'w'
      00010F F8                     316 	.db #0xf8	; 248
      000110 00                     317 	.db #0x00	; 0
      000111 00                     318 	.db #0x00	; 0
      000112 1F                     319 	.db #0x1f	; 31
      000113 1F                     320 	.db #0x1f	; 31
      000114 3F                     321 	.db #0x3f	; 63
      000115 20                     322 	.db #0x20	; 32
      000116 7F                     323 	.db #0x7f	; 127
      000117 40                     324 	.db #0x40	; 64
      000118 FF                     325 	.db #0xff	; 255
      000119 FF                     326 	.db #0xff	; 255
      00011A FF                     327 	.db #0xff	; 255
      00011B 80                     328 	.db #0x80	; 128
      00011C FF                     329 	.db #0xff	; 255
      00011D 80                     330 	.db #0x80	; 128
      00011E FF                     331 	.db #0xff	; 255
      00011F FF                     332 	.db #0xff	; 255
      000120 00                     333 	.db #0x00	; 0
      000121 00                     334 	.db #0x00	; 0
      000122 FF                     335 	.db #0xff	; 255
      000123 FF                     336 	.db #0xff	; 255
      000124 FF                     337 	.db #0xff	; 255
      000125 00                     338 	.db #0x00	; 0
      000126 FF                     339 	.db #0xff	; 255
      000127 00                     340 	.db #0x00	; 0
      000128 FF                     341 	.db #0xff	; 255
      000129 FF                     342 	.db #0xff	; 255
      00012A FF                     343 	.db #0xff	; 255
      00012B 00                     344 	.db #0x00	; 0
      00012C FF                     345 	.db #0xff	; 255
      00012D 00                     346 	.db #0x00	; 0
      00012E FF                     347 	.db #0xff	; 255
      00012F FF                     348 	.db #0xff	; 255
      000130 00                     349 	.db #0x00	; 0
      000131 00                     350 	.db #0x00	; 0
      000132 FF                     351 	.db #0xff	; 255
      000133 FF                     352 	.db #0xff	; 255
      000134 FF                     353 	.db #0xff	; 255
      000135 03                     354 	.db #0x03	; 3
      000136 FF                     355 	.db #0xff	; 255
      000137 05                     356 	.db #0x05	; 5
      000138 FF                     357 	.db #0xff	; 255
      000139 F9                     358 	.db #0xf9	; 249
      00013A FE                     359 	.db #0xfe	; 254
      00013B 12                     360 	.db #0x12	; 18
      00013C FC                     361 	.db #0xfc	; 252
      00013D 14                     362 	.db #0x14	; 20
      00013E F8                     363 	.db #0xf8	; 248
      00013F F8                     364 	.db #0xf8	; 248
      000140 00                     365 	.db #0x00	; 0
      000141 00                     366 	.db #0x00	; 0
      000142 00                     367 	.db #0x00	; 0
      000143 00                     368 	.db #0x00	; 0
      000144 00                     369 	.db #0x00	; 0
      000145 00                     370 	.db #0x00	; 0
      000146 00                     371 	.db #0x00	; 0
      000147 00                     372 	.db #0x00	; 0
      000148 00                     373 	.db #0x00	; 0
      000149 00                     374 	.db #0x00	; 0
      00014A 3F                     375 	.db #0x3f	; 63
      00014B 3F                     376 	.db #0x3f	; 63
      00014C 40                     377 	.db #0x40	; 64
      00014D 7F                     378 	.db #0x7f	; 127
      00014E 80                     379 	.db #0x80	; 128
      00014F FF                     380 	.db #0xff	; 255
      000150 00                     381 	.db #0x00	; 0
      000151 00                     382 	.db #0x00	; 0
      000152 00                     383 	.db #0x00	; 0
      000153 00                     384 	.db #0x00	; 0
      000154 00                     385 	.db #0x00	; 0
      000155 00                     386 	.db #0x00	; 0
      000156 00                     387 	.db #0x00	; 0
      000157 00                     388 	.db #0x00	; 0
      000158 00                     389 	.db #0x00	; 0
      000159 00                     390 	.db #0x00	; 0
      00015A FF                     391 	.db #0xff	; 255
      00015B FF                     392 	.db #0xff	; 255
      00015C 00                     393 	.db #0x00	; 0
      00015D FF                     394 	.db #0xff	; 255
      00015E 00                     395 	.db #0x00	; 0
      00015F FF                     396 	.db #0xff	; 255
      000160 00                     397 	.db #0x00	; 0
      000161 00                     398 	.db #0x00	; 0
      000162 00                     399 	.db #0x00	; 0
      000163 00                     400 	.db #0x00	; 0
      000164 00                     401 	.db #0x00	; 0
      000165 00                     402 	.db #0x00	; 0
      000166 00                     403 	.db #0x00	; 0
      000167 00                     404 	.db #0x00	; 0
      000168 00                     405 	.db #0x00	; 0
      000169 00                     406 	.db #0x00	; 0
      00016A FF                     407 	.db #0xff	; 255
      00016B FF                     408 	.db #0xff	; 255
      00016C 03                     409 	.db #0x03	; 3
      00016D FF                     410 	.db #0xff	; 255
      00016E 07                     411 	.db #0x07	; 7
      00016F FD                     412 	.db #0xfd	; 253
      000170 FF                     413 	.db #0xff	; 255
      000171 FF                     414 	.db #0xff	; 255
      000172 FF                     415 	.db #0xff	; 255
      000173 80                     416 	.db #0x80	; 128
      000174 FF                     417 	.db #0xff	; 255
      000175 80                     418 	.db #0x80	; 128
      000176 FF                     419 	.db #0xff	; 255
      000177 80                     420 	.db #0x80	; 128
      000178 FF                     421 	.db #0xff	; 255
      000179 80                     422 	.db #0x80	; 128
      00017A FF                     423 	.db #0xff	; 255
      00017B 80                     424 	.db #0x80	; 128
      00017C FF                     425 	.db #0xff	; 255
      00017D 80                     426 	.db #0x80	; 128
      00017E FF                     427 	.db #0xff	; 255
      00017F FF                     428 	.db #0xff	; 255
      000180 FF                     429 	.db #0xff	; 255
      000181 FF                     430 	.db #0xff	; 255
      000182 FF                     431 	.db #0xff	; 255
      000183 00                     432 	.db #0x00	; 0
      000184 FF                     433 	.db #0xff	; 255
      000185 00                     434 	.db #0x00	; 0
      000186 FF                     435 	.db #0xff	; 255
      000187 00                     436 	.db #0x00	; 0
      000188 FF                     437 	.db #0xff	; 255
      000189 00                     438 	.db #0x00	; 0
      00018A FF                     439 	.db #0xff	; 255
      00018B 00                     440 	.db #0x00	; 0
      00018C FF                     441 	.db #0xff	; 255
      00018D 00                     442 	.db #0x00	; 0
      00018E FF                     443 	.db #0xff	; 255
      00018F FF                     444 	.db #0xff	; 255
      000190 FF                     445 	.db #0xff	; 255
      000191 F9                     446 	.db #0xf9	; 249
      000192 FF                     447 	.db #0xff	; 255
      000193 11                     448 	.db #0x11	; 17
      000194 FF                     449 	.db #0xff	; 255
      000195 11                     450 	.db #0x11	; 17
      000196 FF                     451 	.db #0xff	; 255
      000197 11                     452 	.db #0x11	; 17
      000198 FE                     453 	.db #0xfe	; 254
      000199 12                     454 	.db #0x12	; 18
      00019A FC                     455 	.db #0xfc	; 252
      00019B 14                     456 	.db #0x14	; 20
      00019C F8                     457 	.db #0xf8	; 248
      00019D 18                     458 	.db #0x18	; 24
      00019E F0                     459 	.db #0xf0	; 240
      00019F F0                     460 	.db #0xf0	; 240
                                    461 	.area _INITIALIZER
                                    462 	.area _CABS (ABS)
