                                      1 ;--------------------------------------------------------
                                      2 ; File Created by SDCC : free open source ISO C Compiler 
                                      3 ; Version 4.2.2 #13350 (Linux)
                                      4 ;--------------------------------------------------------
                                      5 	.module walls
                                      6 	.optsdcc -msm83
                                      7 	
                                      8 ;--------------------------------------------------------
                                      9 ; Public variables in this module
                                     10 ;--------------------------------------------------------
                                     11 	.globl _door3_right_half_c_bkg
                                     12 	.globl _wall3_right_half_c_bkg
                                     13 	.globl _door3_right_half_bkg
                                     14 	.globl _door3_left_half_c_bkg
                                     15 	.globl _wall3_left_half_c_bkg
                                     16 	.globl _door3_left_half_bkg
                                     17 	.globl _wall3_half_bkg
                                     18 	.globl _door2_right_half_c_bkg
                                     19 	.globl _door2_left_half_c_bkg
                                     20 	.globl _wall2_right_half_c_bkg
                                     21 	.globl _wall2_left_half_c_bkg
                                     22 	.globl _door2_right_half_bkg
                                     23 	.globl _door2_left_half_bkg
                                     24 	.globl _wall2_half_bkg
                                     25 	.globl _door1_right_half_bkg
                                     26 	.globl _door1_left_half_bkg
                                     27 	.globl _wall1_half_bkg
                                     28 	.globl _door1_right_half_c_bkg
                                     29 	.globl _door1_left_half_c_bkg
                                     30 	.globl _wall1_right_half_c_bkg
                                     31 	.globl _wall1_left_half_c_bkg
                                     32 	.globl _nowall_door3_r_bkg
                                     33 	.globl _nowall3_r_bkg
                                     34 	.globl _nowall_door3_l_bkg
                                     35 	.globl _nowall3_l_bkg
                                     36 	.globl _door3_r_bkg
                                     37 	.globl _door3_l_bkg
                                     38 	.globl _wall3_r_bkg
                                     39 	.globl _wall3_l_bkg
                                     40 	.globl _nowall2_r_bkg
                                     41 	.globl _nowall_door2_r_bkg
                                     42 	.globl _nowall_door2_l_bkg
                                     43 	.globl _nowall2_l_bkg
                                     44 	.globl _door2_r_bkg
                                     45 	.globl _wall2_r_bkg
                                     46 	.globl _door2_l_bkg
                                     47 	.globl _wall2_l_bkg
                                     48 	.globl _nowall_door1_r_bkg
                                     49 	.globl _nowall1_r_bkg
                                     50 	.globl _nowall_door1_l_bkg
                                     51 	.globl _nowall1_l_bkg
                                     52 	.globl _door1_r_bkg
                                     53 	.globl _wall1_r_bkg
                                     54 	.globl _door1_l_bkg
                                     55 	.globl _wall1_l_bkg
                                     56 ;--------------------------------------------------------
                                     57 ; special function registers
                                     58 ;--------------------------------------------------------
                                     59 ;--------------------------------------------------------
                                     60 ; ram data
                                     61 ;--------------------------------------------------------
                                     62 	.area _DATA
                                     63 ;--------------------------------------------------------
                                     64 ; ram data
                                     65 ;--------------------------------------------------------
                                     66 	.area _INITIALIZED
                                     67 ;--------------------------------------------------------
                                     68 ; absolute external ram data
                                     69 ;--------------------------------------------------------
                                     70 	.area _DABS (ABS)
                                     71 ;--------------------------------------------------------
                                     72 ; global & static initialisations
                                     73 ;--------------------------------------------------------
                                     74 	.area _HOME
                                     75 	.area _GSINIT
                                     76 	.area _GSFINAL
                                     77 	.area _GSINIT
                                     78 ;--------------------------------------------------------
                                     79 ; Home
                                     80 ;--------------------------------------------------------
                                     81 	.area _HOME
                                     82 	.area _HOME
                                     83 ;--------------------------------------------------------
                                     84 ; code
                                     85 ;--------------------------------------------------------
                                     86 	.area _CODE
                                     87 	.area _CODE
      000000                         88 _wall1_l_bkg:
      000000 01                      89 	.db #0x01	; 1
      000001 02                      90 	.db #0x02	; 2
      000002 00                      91 	.db #0x00	; 0
      000003 00                      92 	.db #0x00	; 0
      000004 00                      93 	.db #0x00	; 0
      000005 05                      94 	.db #0x05	; 5
      000006 00                      95 	.db #0x00	; 0
      000007 00                      96 	.db #0x00	; 0
      000008 07                      97 	.db #0x07	; 7
      000009 00                      98 	.db #0x00	; 0
      00000A 00                      99 	.db #0x00	; 0
      00000B 07                     100 	.db #0x07	; 7
      00000C 00                     101 	.db #0x00	; 0
      00000D 00                     102 	.db #0x00	; 0
      00000E 07                     103 	.db #0x07	; 7
      00000F 00                     104 	.db #0x00	; 0
      000010 00                     105 	.db #0x00	; 0
      000011 07                     106 	.db #0x07	; 7
      000012 00                     107 	.db #0x00	; 0
      000013 00                     108 	.db #0x00	; 0
      000014 07                     109 	.db #0x07	; 7
      000015 00                     110 	.db #0x00	; 0
      000016 00                     111 	.db #0x00	; 0
      000017 17                     112 	.db #0x17	; 23
      000018 03                     113 	.db #0x03	; 3
      000019 04                     114 	.db #0x04	; 4
      00001A 00                     115 	.db #0x00	; 0
      00001B                        116 _door1_l_bkg:
      00001B 01                     117 	.db #0x01	; 1
      00001C 02                     118 	.db #0x02	; 2
      00001D 00                     119 	.db #0x00	; 0
      00001E 08                     120 	.db #0x08	; 8
      00001F 09                     121 	.db #0x09	; 9
      000020 05                     122 	.db #0x05	; 5
      000021 0D                     123 	.db #0x0d	; 13
      000022 0E                     124 	.db #0x0e	; 14
      000023 07                     125 	.db #0x07	; 7
      000024 0D                     126 	.db #0x0d	; 13
      000025 0E                     127 	.db #0x0e	; 14
      000026 07                     128 	.db #0x07	; 7
      000027 0D                     129 	.db #0x0d	; 13
      000028 0E                     130 	.db #0x0e	; 14
      000029 07                     131 	.db #0x07	; 7
      00002A 0D                     132 	.db #0x0d	; 13
      00002B 0E                     133 	.db #0x0e	; 14
      00002C 07                     134 	.db #0x07	; 7
      00002D 0D                     135 	.db #0x0d	; 13
      00002E 0E                     136 	.db #0x0e	; 14
      00002F 07                     137 	.db #0x07	; 7
      000030 0D                     138 	.db #0x0d	; 13
      000031 0E                     139 	.db #0x0e	; 14
      000032 17                     140 	.db #0x17	; 23
      000033 1D                     141 	.db #0x1d	; 29
      000034 1E                     142 	.db #0x1e	; 30
      000035 00                     143 	.db #0x00	; 0
      000036                        144 _wall1_r_bkg:
      000036 00                     145 	.db #0x00	; 0
      000037 03                     146 	.db #0x03	; 3
      000038 04                     147 	.db #0x04	; 4
      000039 06                     148 	.db #0x06	; 6
      00003A 00                     149 	.db #0x00	; 0
      00003B 00                     150 	.db #0x00	; 0
      00003C 0A                     151 	.db #0x0a	; 10
      00003D 00                     152 	.db #0x00	; 0
      00003E 00                     153 	.db #0x00	; 0
      00003F 0A                     154 	.db #0x0a	; 10
      000040 00                     155 	.db #0x00	; 0
      000041 00                     156 	.db #0x00	; 0
      000042 0A                     157 	.db #0x0a	; 10
      000043 00                     158 	.db #0x00	; 0
      000044 00                     159 	.db #0x00	; 0
      000045 0A                     160 	.db #0x0a	; 10
      000046 00                     161 	.db #0x00	; 0
      000047 00                     162 	.db #0x00	; 0
      000048 0A                     163 	.db #0x0a	; 10
      000049 00                     164 	.db #0x00	; 0
      00004A 00                     165 	.db #0x00	; 0
      00004B 1A                     166 	.db #0x1a	; 26
      00004C 00                     167 	.db #0x00	; 0
      00004D 00                     168 	.db #0x00	; 0
      00004E 00                     169 	.db #0x00	; 0
      00004F 01                     170 	.db #0x01	; 1
      000050 02                     171 	.db #0x02	; 2
      000051                        172 _door1_r_bkg:
      000051 00                     173 	.db #0x00	; 0
      000052 03                     174 	.db #0x03	; 3
      000053 04                     175 	.db #0x04	; 4
      000054 06                     176 	.db #0x06	; 6
      000055 0B                     177 	.db #0x0b	; 11
      000056 0C                     178 	.db #0x0c	; 12
      000057 0A                     179 	.db #0x0a	; 10
      000058 0D                     180 	.db #0x0d	; 13
      000059 0E                     181 	.db #0x0e	; 14
      00005A 0A                     182 	.db #0x0a	; 10
      00005B 0D                     183 	.db #0x0d	; 13
      00005C 0E                     184 	.db #0x0e	; 14
      00005D 0A                     185 	.db #0x0a	; 10
      00005E 0D                     186 	.db #0x0d	; 13
      00005F 0E                     187 	.db #0x0e	; 14
      000060 0A                     188 	.db #0x0a	; 10
      000061 0D                     189 	.db #0x0d	; 13
      000062 0E                     190 	.db #0x0e	; 14
      000063 0A                     191 	.db #0x0a	; 10
      000064 0D                     192 	.db #0x0d	; 13
      000065 0E                     193 	.db #0x0e	; 14
      000066 1A                     194 	.db #0x1a	; 26
      000067 0D                     195 	.db #0x0d	; 13
      000068 0E                     196 	.db #0x0e	; 14
      000069 00                     197 	.db #0x00	; 0
      00006A 1F                     198 	.db #0x1f	; 31
      00006B 20                     199 	.db #0x20	; 32
      00006C                        200 _nowall1_l_bkg:
      00006C 00                     201 	.db #0x00	; 0
      00006D 00                     202 	.db #0x00	; 0
      00006E 00                     203 	.db #0x00	; 0
      00006F 21                     204 	.db #0x21	; 33
      000070 21                     205 	.db #0x21	; 33
      000071 22                     206 	.db #0x22	; 34
      000072 00                     207 	.db #0x00	; 0
      000073 00                     208 	.db #0x00	; 0
      000074 07                     209 	.db #0x07	; 7
      000075 00                     210 	.db #0x00	; 0
      000076 00                     211 	.db #0x00	; 0
      000077 07                     212 	.db #0x07	; 7
      000078 00                     213 	.db #0x00	; 0
      000079 00                     214 	.db #0x00	; 0
      00007A 07                     215 	.db #0x07	; 7
      00007B 00                     216 	.db #0x00	; 0
      00007C 00                     217 	.db #0x00	; 0
      00007D 07                     218 	.db #0x07	; 7
      00007E 00                     219 	.db #0x00	; 0
      00007F 00                     220 	.db #0x00	; 0
      000080 07                     221 	.db #0x07	; 7
      000081 26                     222 	.db #0x26	; 38
      000082 26                     223 	.db #0x26	; 38
      000083 27                     224 	.db #0x27	; 39
      000084 00                     225 	.db #0x00	; 0
      000085 00                     226 	.db #0x00	; 0
      000086 00                     227 	.db #0x00	; 0
      000087                        228 _nowall_door1_l_bkg:
      000087 00                     229 	.db #0x00	; 0
      000088 00                     230 	.db #0x00	; 0
      000089 00                     231 	.db #0x00	; 0
      00008A 21                     232 	.db #0x21	; 33
      00008B 21                     233 	.db #0x21	; 33
      00008C 22                     234 	.db #0x22	; 34
      00008D 00                     235 	.db #0x00	; 0
      00008E 00                     236 	.db #0x00	; 0
      00008F 07                     237 	.db #0x07	; 7
      000090 24                     238 	.db #0x24	; 36
      000091 00                     239 	.db #0x00	; 0
      000092 07                     240 	.db #0x07	; 7
      000093 0E                     241 	.db #0x0e	; 14
      000094 00                     242 	.db #0x00	; 0
      000095 07                     243 	.db #0x07	; 7
      000096 0E                     244 	.db #0x0e	; 14
      000097 00                     245 	.db #0x00	; 0
      000098 07                     246 	.db #0x07	; 7
      000099 0E                     247 	.db #0x0e	; 14
      00009A 00                     248 	.db #0x00	; 0
      00009B 07                     249 	.db #0x07	; 7
      00009C 28                     250 	.db #0x28	; 40
      00009D 26                     251 	.db #0x26	; 38
      00009E 27                     252 	.db #0x27	; 39
      00009F 00                     253 	.db #0x00	; 0
      0000A0 00                     254 	.db #0x00	; 0
      0000A1 00                     255 	.db #0x00	; 0
      0000A2                        256 _nowall1_r_bkg:
      0000A2 00                     257 	.db #0x00	; 0
      0000A3 00                     258 	.db #0x00	; 0
      0000A4 00                     259 	.db #0x00	; 0
      0000A5 23                     260 	.db #0x23	; 35
      0000A6 21                     261 	.db #0x21	; 33
      0000A7 21                     262 	.db #0x21	; 33
      0000A8 0A                     263 	.db #0x0a	; 10
      0000A9 00                     264 	.db #0x00	; 0
      0000AA 00                     265 	.db #0x00	; 0
      0000AB 0A                     266 	.db #0x0a	; 10
      0000AC 00                     267 	.db #0x00	; 0
      0000AD 00                     268 	.db #0x00	; 0
      0000AE 0A                     269 	.db #0x0a	; 10
      0000AF 00                     270 	.db #0x00	; 0
      0000B0 00                     271 	.db #0x00	; 0
      0000B1 0A                     272 	.db #0x0a	; 10
      0000B2 00                     273 	.db #0x00	; 0
      0000B3 00                     274 	.db #0x00	; 0
      0000B4 0A                     275 	.db #0x0a	; 10
      0000B5 00                     276 	.db #0x00	; 0
      0000B6 00                     277 	.db #0x00	; 0
      0000B7 29                     278 	.db #0x29	; 41
      0000B8 26                     279 	.db #0x26	; 38
      0000B9 26                     280 	.db #0x26	; 38
      0000BA 00                     281 	.db #0x00	; 0
      0000BB 00                     282 	.db #0x00	; 0
      0000BC 00                     283 	.db #0x00	; 0
      0000BD                        284 _nowall_door1_r_bkg:
      0000BD 00                     285 	.db #0x00	; 0
      0000BE 00                     286 	.db #0x00	; 0
      0000BF 00                     287 	.db #0x00	; 0
      0000C0 23                     288 	.db #0x23	; 35
      0000C1 21                     289 	.db #0x21	; 33
      0000C2 21                     290 	.db #0x21	; 33
      0000C3 0A                     291 	.db #0x0a	; 10
      0000C4 00                     292 	.db #0x00	; 0
      0000C5 00                     293 	.db #0x00	; 0
      0000C6 0A                     294 	.db #0x0a	; 10
      0000C7 00                     295 	.db #0x00	; 0
      0000C8 25                     296 	.db #0x25	; 37
      0000C9 0A                     297 	.db #0x0a	; 10
      0000CA 00                     298 	.db #0x00	; 0
      0000CB 0D                     299 	.db #0x0d	; 13
      0000CC 0A                     300 	.db #0x0a	; 10
      0000CD 00                     301 	.db #0x00	; 0
      0000CE 0D                     302 	.db #0x0d	; 13
      0000CF 0A                     303 	.db #0x0a	; 10
      0000D0 00                     304 	.db #0x00	; 0
      0000D1 0D                     305 	.db #0x0d	; 13
      0000D2 29                     306 	.db #0x29	; 41
      0000D3 26                     307 	.db #0x26	; 38
      0000D4 2A                     308 	.db #0x2a	; 42
      0000D5 00                     309 	.db #0x00	; 0
      0000D6 00                     310 	.db #0x00	; 0
      0000D7 00                     311 	.db #0x00	; 0
      0000D8                        312 _wall2_l_bkg:
      0000D8 00                     313 	.db #0x00	; 0
      0000D9 00                     314 	.db #0x00	; 0
      0000DA 02                     315 	.db #0x02	; 2
      0000DB 00                     316 	.db #0x00	; 0
      0000DC 00                     317 	.db #0x00	; 0
      0000DD 05                     318 	.db #0x05	; 5
      0000DE 00                     319 	.db #0x00	; 0
      0000DF 07                     320 	.db #0x07	; 7
      0000E0 00                     321 	.db #0x00	; 0
      0000E1 07                     322 	.db #0x07	; 7
      0000E2 00                     323 	.db #0x00	; 0
      0000E3 07                     324 	.db #0x07	; 7
      0000E4 00                     325 	.db #0x00	; 0
      0000E5 17                     326 	.db #0x17	; 23
      0000E6 04                     327 	.db #0x04	; 4
      0000E7 00                     328 	.db #0x00	; 0
      0000E8 00                     329 	.db #0x00	; 0
      0000E9 00                     330 	.db #0x00	; 0
      0000EA                        331 _door2_l_bkg:
      0000EA 00                     332 	.db #0x00	; 0
      0000EB 00                     333 	.db #0x00	; 0
      0000EC 02                     334 	.db #0x02	; 2
      0000ED 00                     335 	.db #0x00	; 0
      0000EE 00                     336 	.db #0x00	; 0
      0000EF 05                     337 	.db #0x05	; 5
      0000F0 0F                     338 	.db #0x0f	; 15
      0000F1 10                     339 	.db #0x10	; 16
      0000F2 13                     340 	.db #0x13	; 19
      0000F3 14                     341 	.db #0x14	; 20
      0000F4 13                     342 	.db #0x13	; 19
      0000F5 14                     343 	.db #0x14	; 20
      0000F6 13                     344 	.db #0x13	; 19
      0000F7 18                     345 	.db #0x18	; 24
      0000F8 1B                     346 	.db #0x1b	; 27
      0000F9 00                     347 	.db #0x00	; 0
      0000FA 00                     348 	.db #0x00	; 0
      0000FB 00                     349 	.db #0x00	; 0
      0000FC                        350 _wall2_r_bkg:
      0000FC 00                     351 	.db #0x00	; 0
      0000FD 00                     352 	.db #0x00	; 0
      0000FE 00                     353 	.db #0x00	; 0
      0000FF 03                     354 	.db #0x03	; 3
      000100 06                     355 	.db #0x06	; 6
      000101 00                     356 	.db #0x00	; 0
      000102 0A                     357 	.db #0x0a	; 10
      000103 00                     358 	.db #0x00	; 0
      000104 0A                     359 	.db #0x0a	; 10
      000105 00                     360 	.db #0x00	; 0
      000106 0A                     361 	.db #0x0a	; 10
      000107 00                     362 	.db #0x00	; 0
      000108 1A                     363 	.db #0x1a	; 26
      000109 00                     364 	.db #0x00	; 0
      00010A 00                     365 	.db #0x00	; 0
      00010B 01                     366 	.db #0x01	; 1
      00010C 00                     367 	.db #0x00	; 0
      00010D 00                     368 	.db #0x00	; 0
      00010E                        369 _door2_r_bkg:
      00010E 00                     370 	.db #0x00	; 0
      00010F 00                     371 	.db #0x00	; 0
      000110 00                     372 	.db #0x00	; 0
      000111 03                     373 	.db #0x03	; 3
      000112 06                     374 	.db #0x06	; 6
      000113 00                     375 	.db #0x00	; 0
      000114 11                     376 	.db #0x11	; 17
      000115 12                     377 	.db #0x12	; 18
      000116 15                     378 	.db #0x15	; 21
      000117 16                     379 	.db #0x16	; 22
      000118 15                     380 	.db #0x15	; 21
      000119 16                     381 	.db #0x16	; 22
      00011A 19                     382 	.db #0x19	; 25
      00011B 16                     383 	.db #0x16	; 22
      00011C 00                     384 	.db #0x00	; 0
      00011D 1C                     385 	.db #0x1c	; 28
      00011E 00                     386 	.db #0x00	; 0
      00011F 00                     387 	.db #0x00	; 0
      000120                        388 _nowall2_l_bkg:
      000120 00                     389 	.db #0x00	; 0
      000121 00                     390 	.db #0x00	; 0
      000122 00                     391 	.db #0x00	; 0
      000123 00                     392 	.db #0x00	; 0
      000124 00                     393 	.db #0x00	; 0
      000125 00                     394 	.db #0x00	; 0
      000126 00                     395 	.db #0x00	; 0
      000127 00                     396 	.db #0x00	; 0
      000128 00                     397 	.db #0x00	; 0
      000129 00                     398 	.db #0x00	; 0
      00012A 21                     399 	.db #0x21	; 33
      00012B 21                     400 	.db #0x21	; 33
      00012C 21                     401 	.db #0x21	; 33
      00012D 21                     402 	.db #0x21	; 33
      00012E 22                     403 	.db #0x22	; 34
      00012F 00                     404 	.db #0x00	; 0
      000130 00                     405 	.db #0x00	; 0
      000131 00                     406 	.db #0x00	; 0
      000132 00                     407 	.db #0x00	; 0
      000133 07                     408 	.db #0x07	; 7
      000134 00                     409 	.db #0x00	; 0
      000135 00                     410 	.db #0x00	; 0
      000136 00                     411 	.db #0x00	; 0
      000137 00                     412 	.db #0x00	; 0
      000138 07                     413 	.db #0x07	; 7
      000139 00                     414 	.db #0x00	; 0
      00013A 00                     415 	.db #0x00	; 0
      00013B 00                     416 	.db #0x00	; 0
      00013C 00                     417 	.db #0x00	; 0
      00013D 07                     418 	.db #0x07	; 7
      00013E 26                     419 	.db #0x26	; 38
      00013F 26                     420 	.db #0x26	; 38
      000140 26                     421 	.db #0x26	; 38
      000141 26                     422 	.db #0x26	; 38
      000142 27                     423 	.db #0x27	; 39
      000143 00                     424 	.db #0x00	; 0
      000144 00                     425 	.db #0x00	; 0
      000145 00                     426 	.db #0x00	; 0
      000146 00                     427 	.db #0x00	; 0
      000147 00                     428 	.db #0x00	; 0
      000148 00                     429 	.db #0x00	; 0
      000149 00                     430 	.db #0x00	; 0
      00014A 00                     431 	.db #0x00	; 0
      00014B 00                     432 	.db #0x00	; 0
      00014C 00                     433 	.db #0x00	; 0
      00014D                        434 _nowall_door2_l_bkg:
      00014D 00                     435 	.db #0x00	; 0
      00014E 00                     436 	.db #0x00	; 0
      00014F 00                     437 	.db #0x00	; 0
      000150 00                     438 	.db #0x00	; 0
      000151 00                     439 	.db #0x00	; 0
      000152 00                     440 	.db #0x00	; 0
      000153 00                     441 	.db #0x00	; 0
      000154 00                     442 	.db #0x00	; 0
      000155 00                     443 	.db #0x00	; 0
      000156 00                     444 	.db #0x00	; 0
      000157 21                     445 	.db #0x21	; 33
      000158 21                     446 	.db #0x21	; 33
      000159 21                     447 	.db #0x21	; 33
      00015A 21                     448 	.db #0x21	; 33
      00015B 22                     449 	.db #0x22	; 34
      00015C 00                     450 	.db #0x00	; 0
      00015D 2B                     451 	.db #0x2b	; 43
      00015E 2C                     452 	.db #0x2c	; 44
      00015F 00                     453 	.db #0x00	; 0
      000160 07                     454 	.db #0x07	; 7
      000161 00                     455 	.db #0x00	; 0
      000162 0D                     456 	.db #0x0d	; 13
      000163 0E                     457 	.db #0x0e	; 14
      000164 00                     458 	.db #0x00	; 0
      000165 07                     459 	.db #0x07	; 7
      000166 00                     460 	.db #0x00	; 0
      000167 0D                     461 	.db #0x0d	; 13
      000168 0E                     462 	.db #0x0e	; 14
      000169 00                     463 	.db #0x00	; 0
      00016A 07                     464 	.db #0x07	; 7
      00016B 26                     465 	.db #0x26	; 38
      00016C 2A                     466 	.db #0x2a	; 42
      00016D 28                     467 	.db #0x28	; 40
      00016E 26                     468 	.db #0x26	; 38
      00016F 27                     469 	.db #0x27	; 39
      000170 00                     470 	.db #0x00	; 0
      000171 00                     471 	.db #0x00	; 0
      000172 00                     472 	.db #0x00	; 0
      000173 00                     473 	.db #0x00	; 0
      000174 00                     474 	.db #0x00	; 0
      000175 00                     475 	.db #0x00	; 0
      000176 00                     476 	.db #0x00	; 0
      000177 00                     477 	.db #0x00	; 0
      000178 00                     478 	.db #0x00	; 0
      000179 00                     479 	.db #0x00	; 0
      00017A                        480 _nowall_door2_r_bkg:
      00017A 00                     481 	.db #0x00	; 0
      00017B 00                     482 	.db #0x00	; 0
      00017C 00                     483 	.db #0x00	; 0
      00017D 00                     484 	.db #0x00	; 0
      00017E 00                     485 	.db #0x00	; 0
      00017F 00                     486 	.db #0x00	; 0
      000180 00                     487 	.db #0x00	; 0
      000181 00                     488 	.db #0x00	; 0
      000182 00                     489 	.db #0x00	; 0
      000183 00                     490 	.db #0x00	; 0
      000184 23                     491 	.db #0x23	; 35
      000185 21                     492 	.db #0x21	; 33
      000186 21                     493 	.db #0x21	; 33
      000187 21                     494 	.db #0x21	; 33
      000188 21                     495 	.db #0x21	; 33
      000189 0A                     496 	.db #0x0a	; 10
      00018A 00                     497 	.db #0x00	; 0
      00018B 2B                     498 	.db #0x2b	; 43
      00018C 2C                     499 	.db #0x2c	; 44
      00018D 00                     500 	.db #0x00	; 0
      00018E 0A                     501 	.db #0x0a	; 10
      00018F 00                     502 	.db #0x00	; 0
      000190 0D                     503 	.db #0x0d	; 13
      000191 0E                     504 	.db #0x0e	; 14
      000192 00                     505 	.db #0x00	; 0
      000193 0A                     506 	.db #0x0a	; 10
      000194 00                     507 	.db #0x00	; 0
      000195 0D                     508 	.db #0x0d	; 13
      000196 0E                     509 	.db #0x0e	; 14
      000197 00                     510 	.db #0x00	; 0
      000198 29                     511 	.db #0x29	; 41
      000199 26                     512 	.db #0x26	; 38
      00019A 2A                     513 	.db #0x2a	; 42
      00019B 28                     514 	.db #0x28	; 40
      00019C 26                     515 	.db #0x26	; 38
      00019D 00                     516 	.db #0x00	; 0
      00019E 00                     517 	.db #0x00	; 0
      00019F 00                     518 	.db #0x00	; 0
      0001A0 00                     519 	.db #0x00	; 0
      0001A1 00                     520 	.db #0x00	; 0
      0001A2 00                     521 	.db #0x00	; 0
      0001A3 00                     522 	.db #0x00	; 0
      0001A4 00                     523 	.db #0x00	; 0
      0001A5 00                     524 	.db #0x00	; 0
      0001A6 00                     525 	.db #0x00	; 0
      0001A7                        526 _nowall2_r_bkg:
      0001A7 00                     527 	.db #0x00	; 0
      0001A8 00                     528 	.db #0x00	; 0
      0001A9 00                     529 	.db #0x00	; 0
      0001AA 00                     530 	.db #0x00	; 0
      0001AB 00                     531 	.db #0x00	; 0
      0001AC 00                     532 	.db #0x00	; 0
      0001AD 00                     533 	.db #0x00	; 0
      0001AE 00                     534 	.db #0x00	; 0
      0001AF 00                     535 	.db #0x00	; 0
      0001B0 00                     536 	.db #0x00	; 0
      0001B1 23                     537 	.db #0x23	; 35
      0001B2 21                     538 	.db #0x21	; 33
      0001B3 21                     539 	.db #0x21	; 33
      0001B4 21                     540 	.db #0x21	; 33
      0001B5 21                     541 	.db #0x21	; 33
      0001B6 0A                     542 	.db #0x0a	; 10
      0001B7 00                     543 	.db #0x00	; 0
      0001B8 00                     544 	.db #0x00	; 0
      0001B9 00                     545 	.db #0x00	; 0
      0001BA 00                     546 	.db #0x00	; 0
      0001BB 0A                     547 	.db #0x0a	; 10
      0001BC 00                     548 	.db #0x00	; 0
      0001BD 00                     549 	.db #0x00	; 0
      0001BE 00                     550 	.db #0x00	; 0
      0001BF 00                     551 	.db #0x00	; 0
      0001C0 0A                     552 	.db #0x0a	; 10
      0001C1 00                     553 	.db #0x00	; 0
      0001C2 00                     554 	.db #0x00	; 0
      0001C3 00                     555 	.db #0x00	; 0
      0001C4 00                     556 	.db #0x00	; 0
      0001C5 29                     557 	.db #0x29	; 41
      0001C6 26                     558 	.db #0x26	; 38
      0001C7 26                     559 	.db #0x26	; 38
      0001C8 26                     560 	.db #0x26	; 38
      0001C9 26                     561 	.db #0x26	; 38
      0001CA 00                     562 	.db #0x00	; 0
      0001CB 00                     563 	.db #0x00	; 0
      0001CC 00                     564 	.db #0x00	; 0
      0001CD 00                     565 	.db #0x00	; 0
      0001CE 00                     566 	.db #0x00	; 0
      0001CF 00                     567 	.db #0x00	; 0
      0001D0 00                     568 	.db #0x00	; 0
      0001D1 00                     569 	.db #0x00	; 0
      0001D2 00                     570 	.db #0x00	; 0
      0001D3 00                     571 	.db #0x00	; 0
      0001D4                        572 _wall3_l_bkg:
      0001D4 00                     573 	.db #0x00	; 0
      0001D5 00                     574 	.db #0x00	; 0
      0001D6 02                     575 	.db #0x02	; 2
      0001D7 07                     576 	.db #0x07	; 7
      0001D8 07                     577 	.db #0x07	; 7
      0001D9 07                     578 	.db #0x07	; 7
      0001DA 04                     579 	.db #0x04	; 4
      0001DB 00                     580 	.db #0x00	; 0
      0001DC 00                     581 	.db #0x00	; 0
      0001DD                        582 _wall3_r_bkg:
      0001DD 00                     583 	.db #0x00	; 0
      0001DE 00                     584 	.db #0x00	; 0
      0001DF 03                     585 	.db #0x03	; 3
      0001E0 0A                     586 	.db #0x0a	; 10
      0001E1 0A                     587 	.db #0x0a	; 10
      0001E2 0A                     588 	.db #0x0a	; 10
      0001E3 01                     589 	.db #0x01	; 1
      0001E4 00                     590 	.db #0x00	; 0
      0001E5 00                     591 	.db #0x00	; 0
      0001E6                        592 _door3_l_bkg:
      0001E6 00                     593 	.db #0x00	; 0
      0001E7 00                     594 	.db #0x00	; 0
      0001E8 02                     595 	.db #0x02	; 2
      0001E9 2D                     596 	.db #0x2d	; 45
      0001EA 2F                     597 	.db #0x2f	; 47
      0001EB 2F                     598 	.db #0x2f	; 47
      0001EC 31                     599 	.db #0x31	; 49	'1'
      0001ED 00                     600 	.db #0x00	; 0
      0001EE 00                     601 	.db #0x00	; 0
      0001EF                        602 _door3_r_bkg:
      0001EF 00                     603 	.db #0x00	; 0
      0001F0 00                     604 	.db #0x00	; 0
      0001F1 03                     605 	.db #0x03	; 3
      0001F2 2E                     606 	.db #0x2e	; 46
      0001F3 30                     607 	.db #0x30	; 48	'0'
      0001F4 30                     608 	.db #0x30	; 48	'0'
      0001F5 32                     609 	.db #0x32	; 50	'2'
      0001F6 00                     610 	.db #0x00	; 0
      0001F7 00                     611 	.db #0x00	; 0
      0001F8                        612 _nowall3_l_bkg:
      0001F8 00                     613 	.db #0x00	; 0
      0001F9 00                     614 	.db #0x00	; 0
      0001FA 00                     615 	.db #0x00	; 0
      0001FB 00                     616 	.db #0x00	; 0
      0001FC 00                     617 	.db #0x00	; 0
      0001FD 00                     618 	.db #0x00	; 0
      0001FE 00                     619 	.db #0x00	; 0
      0001FF 00                     620 	.db #0x00	; 0
      000200 00                     621 	.db #0x00	; 0
      000201 00                     622 	.db #0x00	; 0
      000202 00                     623 	.db #0x00	; 0
      000203 00                     624 	.db #0x00	; 0
      000204 00                     625 	.db #0x00	; 0
      000205 00                     626 	.db #0x00	; 0
      000206 00                     627 	.db #0x00	; 0
      000207 00                     628 	.db #0x00	; 0
      000208 00                     629 	.db #0x00	; 0
      000209 00                     630 	.db #0x00	; 0
      00020A 33                     631 	.db #0x33	; 51	'3'
      00020B 33                     632 	.db #0x33	; 51	'3'
      00020C 33                     633 	.db #0x33	; 51	'3'
      00020D 33                     634 	.db #0x33	; 51	'3'
      00020E 33                     635 	.db #0x33	; 51	'3'
      00020F 34                     636 	.db #0x34	; 52	'4'
      000210 00                     637 	.db #0x00	; 0
      000211 00                     638 	.db #0x00	; 0
      000212 00                     639 	.db #0x00	; 0
      000213 00                     640 	.db #0x00	; 0
      000214 00                     641 	.db #0x00	; 0
      000215 07                     642 	.db #0x07	; 7
      000216 38                     643 	.db #0x38	; 56	'8'
      000217 38                     644 	.db #0x38	; 56	'8'
      000218 38                     645 	.db #0x38	; 56	'8'
      000219 38                     646 	.db #0x38	; 56	'8'
      00021A 38                     647 	.db #0x38	; 56	'8'
      00021B 39                     648 	.db #0x39	; 57	'9'
      00021C 00                     649 	.db #0x00	; 0
      00021D 00                     650 	.db #0x00	; 0
      00021E 00                     651 	.db #0x00	; 0
      00021F 00                     652 	.db #0x00	; 0
      000220 00                     653 	.db #0x00	; 0
      000221 00                     654 	.db #0x00	; 0
      000222 00                     655 	.db #0x00	; 0
      000223 00                     656 	.db #0x00	; 0
      000224 00                     657 	.db #0x00	; 0
      000225 00                     658 	.db #0x00	; 0
      000226 00                     659 	.db #0x00	; 0
      000227 00                     660 	.db #0x00	; 0
      000228 00                     661 	.db #0x00	; 0
      000229 00                     662 	.db #0x00	; 0
      00022A 00                     663 	.db #0x00	; 0
      00022B 00                     664 	.db #0x00	; 0
      00022C 00                     665 	.db #0x00	; 0
      00022D 00                     666 	.db #0x00	; 0
      00022E                        667 _nowall_door3_l_bkg:
      00022E 00                     668 	.db #0x00	; 0
      00022F 00                     669 	.db #0x00	; 0
      000230 00                     670 	.db #0x00	; 0
      000231 00                     671 	.db #0x00	; 0
      000232 00                     672 	.db #0x00	; 0
      000233 00                     673 	.db #0x00	; 0
      000234 00                     674 	.db #0x00	; 0
      000235 00                     675 	.db #0x00	; 0
      000236 00                     676 	.db #0x00	; 0
      000237 00                     677 	.db #0x00	; 0
      000238 00                     678 	.db #0x00	; 0
      000239 00                     679 	.db #0x00	; 0
      00023A 00                     680 	.db #0x00	; 0
      00023B 00                     681 	.db #0x00	; 0
      00023C 00                     682 	.db #0x00	; 0
      00023D 00                     683 	.db #0x00	; 0
      00023E 00                     684 	.db #0x00	; 0
      00023F 00                     685 	.db #0x00	; 0
      000240 33                     686 	.db #0x33	; 51	'3'
      000241 33                     687 	.db #0x33	; 51	'3'
      000242 33                     688 	.db #0x33	; 51	'3'
      000243 33                     689 	.db #0x33	; 51	'3'
      000244 35                     690 	.db #0x35	; 53	'5'
      000245 34                     691 	.db #0x34	; 52	'4'
      000246 00                     692 	.db #0x00	; 0
      000247 00                     693 	.db #0x00	; 0
      000248 00                     694 	.db #0x00	; 0
      000249 00                     695 	.db #0x00	; 0
      00024A 37                     696 	.db #0x37	; 55	'7'
      00024B 07                     697 	.db #0x07	; 7
      00024C 38                     698 	.db #0x38	; 56	'8'
      00024D 38                     699 	.db #0x38	; 56	'8'
      00024E 38                     700 	.db #0x38	; 56	'8'
      00024F 38                     701 	.db #0x38	; 56	'8'
      000250 3A                     702 	.db #0x3a	; 58
      000251 39                     703 	.db #0x39	; 57	'9'
      000252 00                     704 	.db #0x00	; 0
      000253 00                     705 	.db #0x00	; 0
      000254 00                     706 	.db #0x00	; 0
      000255 00                     707 	.db #0x00	; 0
      000256 00                     708 	.db #0x00	; 0
      000257 00                     709 	.db #0x00	; 0
      000258 00                     710 	.db #0x00	; 0
      000259 00                     711 	.db #0x00	; 0
      00025A 00                     712 	.db #0x00	; 0
      00025B 00                     713 	.db #0x00	; 0
      00025C 00                     714 	.db #0x00	; 0
      00025D 00                     715 	.db #0x00	; 0
      00025E 00                     716 	.db #0x00	; 0
      00025F 00                     717 	.db #0x00	; 0
      000260 00                     718 	.db #0x00	; 0
      000261 00                     719 	.db #0x00	; 0
      000262 00                     720 	.db #0x00	; 0
      000263 00                     721 	.db #0x00	; 0
      000264                        722 _nowall3_r_bkg:
      000264 00                     723 	.db #0x00	; 0
      000265 00                     724 	.db #0x00	; 0
      000266 00                     725 	.db #0x00	; 0
      000267 00                     726 	.db #0x00	; 0
      000268 00                     727 	.db #0x00	; 0
      000269 00                     728 	.db #0x00	; 0
      00026A 00                     729 	.db #0x00	; 0
      00026B 00                     730 	.db #0x00	; 0
      00026C 00                     731 	.db #0x00	; 0
      00026D 00                     732 	.db #0x00	; 0
      00026E 00                     733 	.db #0x00	; 0
      00026F 00                     734 	.db #0x00	; 0
      000270 00                     735 	.db #0x00	; 0
      000271 00                     736 	.db #0x00	; 0
      000272 00                     737 	.db #0x00	; 0
      000273 00                     738 	.db #0x00	; 0
      000274 00                     739 	.db #0x00	; 0
      000275 00                     740 	.db #0x00	; 0
      000276 36                     741 	.db #0x36	; 54	'6'
      000277 33                     742 	.db #0x33	; 51	'3'
      000278 33                     743 	.db #0x33	; 51	'3'
      000279 33                     744 	.db #0x33	; 51	'3'
      00027A 33                     745 	.db #0x33	; 51	'3'
      00027B 33                     746 	.db #0x33	; 51	'3'
      00027C 0A                     747 	.db #0x0a	; 10
      00027D 00                     748 	.db #0x00	; 0
      00027E 00                     749 	.db #0x00	; 0
      00027F 00                     750 	.db #0x00	; 0
      000280 00                     751 	.db #0x00	; 0
      000281 00                     752 	.db #0x00	; 0
      000282 3B                     753 	.db #0x3b	; 59
      000283 38                     754 	.db #0x38	; 56	'8'
      000284 38                     755 	.db #0x38	; 56	'8'
      000285 38                     756 	.db #0x38	; 56	'8'
      000286 38                     757 	.db #0x38	; 56	'8'
      000287 38                     758 	.db #0x38	; 56	'8'
      000288 00                     759 	.db #0x00	; 0
      000289 00                     760 	.db #0x00	; 0
      00028A 00                     761 	.db #0x00	; 0
      00028B 00                     762 	.db #0x00	; 0
      00028C 00                     763 	.db #0x00	; 0
      00028D 00                     764 	.db #0x00	; 0
      00028E 00                     765 	.db #0x00	; 0
      00028F 00                     766 	.db #0x00	; 0
      000290 00                     767 	.db #0x00	; 0
      000291 00                     768 	.db #0x00	; 0
      000292 00                     769 	.db #0x00	; 0
      000293 00                     770 	.db #0x00	; 0
      000294 00                     771 	.db #0x00	; 0
      000295 00                     772 	.db #0x00	; 0
      000296 00                     773 	.db #0x00	; 0
      000297 00                     774 	.db #0x00	; 0
      000298 00                     775 	.db #0x00	; 0
      000299 00                     776 	.db #0x00	; 0
      00029A                        777 _nowall_door3_r_bkg:
      00029A 00                     778 	.db #0x00	; 0
      00029B 00                     779 	.db #0x00	; 0
      00029C 00                     780 	.db #0x00	; 0
      00029D 00                     781 	.db #0x00	; 0
      00029E 00                     782 	.db #0x00	; 0
      00029F 00                     783 	.db #0x00	; 0
      0002A0 00                     784 	.db #0x00	; 0
      0002A1 00                     785 	.db #0x00	; 0
      0002A2 00                     786 	.db #0x00	; 0
      0002A3 00                     787 	.db #0x00	; 0
      0002A4 00                     788 	.db #0x00	; 0
      0002A5 00                     789 	.db #0x00	; 0
      0002A6 00                     790 	.db #0x00	; 0
      0002A7 00                     791 	.db #0x00	; 0
      0002A8 00                     792 	.db #0x00	; 0
      0002A9 00                     793 	.db #0x00	; 0
      0002AA 00                     794 	.db #0x00	; 0
      0002AB 00                     795 	.db #0x00	; 0
      0002AC 36                     796 	.db #0x36	; 54	'6'
      0002AD 35                     797 	.db #0x35	; 53	'5'
      0002AE 33                     798 	.db #0x33	; 51	'3'
      0002AF 33                     799 	.db #0x33	; 51	'3'
      0002B0 33                     800 	.db #0x33	; 51	'3'
      0002B1 33                     801 	.db #0x33	; 51	'3'
      0002B2 0A                     802 	.db #0x0a	; 10
      0002B3 37                     803 	.db #0x37	; 55	'7'
      0002B4 00                     804 	.db #0x00	; 0
      0002B5 00                     805 	.db #0x00	; 0
      0002B6 00                     806 	.db #0x00	; 0
      0002B7 00                     807 	.db #0x00	; 0
      0002B8 3B                     808 	.db #0x3b	; 59
      0002B9 3A                     809 	.db #0x3a	; 58
      0002BA 38                     810 	.db #0x38	; 56	'8'
      0002BB 38                     811 	.db #0x38	; 56	'8'
      0002BC 38                     812 	.db #0x38	; 56	'8'
      0002BD 38                     813 	.db #0x38	; 56	'8'
      0002BE 00                     814 	.db #0x00	; 0
      0002BF 00                     815 	.db #0x00	; 0
      0002C0 00                     816 	.db #0x00	; 0
      0002C1 00                     817 	.db #0x00	; 0
      0002C2 00                     818 	.db #0x00	; 0
      0002C3 00                     819 	.db #0x00	; 0
      0002C4 00                     820 	.db #0x00	; 0
      0002C5 00                     821 	.db #0x00	; 0
      0002C6 00                     822 	.db #0x00	; 0
      0002C7 00                     823 	.db #0x00	; 0
      0002C8 00                     824 	.db #0x00	; 0
      0002C9 00                     825 	.db #0x00	; 0
      0002CA 00                     826 	.db #0x00	; 0
      0002CB 00                     827 	.db #0x00	; 0
      0002CC 00                     828 	.db #0x00	; 0
      0002CD 00                     829 	.db #0x00	; 0
      0002CE 00                     830 	.db #0x00	; 0
      0002CF 00                     831 	.db #0x00	; 0
      0002D0                        832 _wall1_left_half_c_bkg:
      0002D0 00                     833 	.db #0x00	; 0
      0002D1 00                     834 	.db #0x00	; 0
      0002D2 00                     835 	.db #0x00	; 0
      0002D3 00                     836 	.db #0x00	; 0
      0002D4 00                     837 	.db #0x00	; 0
      0002D5 00                     838 	.db #0x00	; 0
      0002D6 23                     839 	.db #0x23	; 35
      0002D7 21                     840 	.db #0x21	; 33
      0002D8 21                     841 	.db #0x21	; 33
      0002D9 21                     842 	.db #0x21	; 33
      0002DA 21                     843 	.db #0x21	; 33
      0002DB 21                     844 	.db #0x21	; 33
      0002DC 0A                     845 	.db #0x0a	; 10
      0002DD 00                     846 	.db #0x00	; 0
      0002DE 00                     847 	.db #0x00	; 0
      0002DF 00                     848 	.db #0x00	; 0
      0002E0 00                     849 	.db #0x00	; 0
      0002E1 00                     850 	.db #0x00	; 0
      0002E2 0A                     851 	.db #0x0a	; 10
      0002E3 00                     852 	.db #0x00	; 0
      0002E4 00                     853 	.db #0x00	; 0
      0002E5 00                     854 	.db #0x00	; 0
      0002E6 00                     855 	.db #0x00	; 0
      0002E7 00                     856 	.db #0x00	; 0
      0002E8 0A                     857 	.db #0x0a	; 10
      0002E9 00                     858 	.db #0x00	; 0
      0002EA 00                     859 	.db #0x00	; 0
      0002EB 00                     860 	.db #0x00	; 0
      0002EC 00                     861 	.db #0x00	; 0
      0002ED 00                     862 	.db #0x00	; 0
      0002EE 0A                     863 	.db #0x0a	; 10
      0002EF 00                     864 	.db #0x00	; 0
      0002F0 00                     865 	.db #0x00	; 0
      0002F1 00                     866 	.db #0x00	; 0
      0002F2 00                     867 	.db #0x00	; 0
      0002F3 00                     868 	.db #0x00	; 0
      0002F4 0A                     869 	.db #0x0a	; 10
      0002F5 00                     870 	.db #0x00	; 0
      0002F6 00                     871 	.db #0x00	; 0
      0002F7 00                     872 	.db #0x00	; 0
      0002F8 00                     873 	.db #0x00	; 0
      0002F9 00                     874 	.db #0x00	; 0
      0002FA 29                     875 	.db #0x29	; 41
      0002FB 26                     876 	.db #0x26	; 38
      0002FC 26                     877 	.db #0x26	; 38
      0002FD 26                     878 	.db #0x26	; 38
      0002FE 26                     879 	.db #0x26	; 38
      0002FF 26                     880 	.db #0x26	; 38
      000300 00                     881 	.db #0x00	; 0
      000301 00                     882 	.db #0x00	; 0
      000302 00                     883 	.db #0x00	; 0
      000303 00                     884 	.db #0x00	; 0
      000304 00                     885 	.db #0x00	; 0
      000305 00                     886 	.db #0x00	; 0
      000306                        887 _wall1_right_half_c_bkg:
      000306 00                     888 	.db #0x00	; 0
      000307 00                     889 	.db #0x00	; 0
      000308 00                     890 	.db #0x00	; 0
      000309 00                     891 	.db #0x00	; 0
      00030A 00                     892 	.db #0x00	; 0
      00030B 00                     893 	.db #0x00	; 0
      00030C 21                     894 	.db #0x21	; 33
      00030D 21                     895 	.db #0x21	; 33
      00030E 21                     896 	.db #0x21	; 33
      00030F 21                     897 	.db #0x21	; 33
      000310 21                     898 	.db #0x21	; 33
      000311 22                     899 	.db #0x22	; 34
      000312 00                     900 	.db #0x00	; 0
      000313 00                     901 	.db #0x00	; 0
      000314 00                     902 	.db #0x00	; 0
      000315 00                     903 	.db #0x00	; 0
      000316 00                     904 	.db #0x00	; 0
      000317 07                     905 	.db #0x07	; 7
      000318 00                     906 	.db #0x00	; 0
      000319 00                     907 	.db #0x00	; 0
      00031A 00                     908 	.db #0x00	; 0
      00031B 00                     909 	.db #0x00	; 0
      00031C 00                     910 	.db #0x00	; 0
      00031D 07                     911 	.db #0x07	; 7
      00031E 00                     912 	.db #0x00	; 0
      00031F 00                     913 	.db #0x00	; 0
      000320 00                     914 	.db #0x00	; 0
      000321 00                     915 	.db #0x00	; 0
      000322 00                     916 	.db #0x00	; 0
      000323 07                     917 	.db #0x07	; 7
      000324 00                     918 	.db #0x00	; 0
      000325 00                     919 	.db #0x00	; 0
      000326 00                     920 	.db #0x00	; 0
      000327 00                     921 	.db #0x00	; 0
      000328 00                     922 	.db #0x00	; 0
      000329 07                     923 	.db #0x07	; 7
      00032A 00                     924 	.db #0x00	; 0
      00032B 00                     925 	.db #0x00	; 0
      00032C 00                     926 	.db #0x00	; 0
      00032D 00                     927 	.db #0x00	; 0
      00032E 00                     928 	.db #0x00	; 0
      00032F 07                     929 	.db #0x07	; 7
      000330 26                     930 	.db #0x26	; 38
      000331 26                     931 	.db #0x26	; 38
      000332 26                     932 	.db #0x26	; 38
      000333 26                     933 	.db #0x26	; 38
      000334 26                     934 	.db #0x26	; 38
      000335 27                     935 	.db #0x27	; 39
      000336 00                     936 	.db #0x00	; 0
      000337 00                     937 	.db #0x00	; 0
      000338 00                     938 	.db #0x00	; 0
      000339 00                     939 	.db #0x00	; 0
      00033A 00                     940 	.db #0x00	; 0
      00033B 00                     941 	.db #0x00	; 0
      00033C                        942 _door1_left_half_c_bkg:
      00033C 00                     943 	.db #0x00	; 0
      00033D 00                     944 	.db #0x00	; 0
      00033E 00                     945 	.db #0x00	; 0
      00033F 00                     946 	.db #0x00	; 0
      000340 00                     947 	.db #0x00	; 0
      000341 00                     948 	.db #0x00	; 0
      000342 23                     949 	.db #0x23	; 35
      000343 21                     950 	.db #0x21	; 33
      000344 21                     951 	.db #0x21	; 33
      000345 21                     952 	.db #0x21	; 33
      000346 21                     953 	.db #0x21	; 33
      000347 21                     954 	.db #0x21	; 33
      000348 0A                     955 	.db #0x0a	; 10
      000349 00                     956 	.db #0x00	; 0
      00034A 00                     957 	.db #0x00	; 0
      00034B 00                     958 	.db #0x00	; 0
      00034C 23                     959 	.db #0x23	; 35
      00034D 3C                     960 	.db #0x3c	; 60
      00034E 0A                     961 	.db #0x0a	; 10
      00034F 00                     962 	.db #0x00	; 0
      000350 00                     963 	.db #0x00	; 0
      000351 00                     964 	.db #0x00	; 0
      000352 0A                     965 	.db #0x0a	; 10
      000353 3E                     966 	.db #0x3e	; 62
      000354 0A                     967 	.db #0x0a	; 10
      000355 00                     968 	.db #0x00	; 0
      000356 00                     969 	.db #0x00	; 0
      000357 00                     970 	.db #0x00	; 0
      000358 0A                     971 	.db #0x0a	; 10
      000359 3E                     972 	.db #0x3e	; 62
      00035A 0A                     973 	.db #0x0a	; 10
      00035B 00                     974 	.db #0x00	; 0
      00035C 00                     975 	.db #0x00	; 0
      00035D 00                     976 	.db #0x00	; 0
      00035E 0A                     977 	.db #0x0a	; 10
      00035F 3E                     978 	.db #0x3e	; 62
      000360 0A                     979 	.db #0x0a	; 10
      000361 00                     980 	.db #0x00	; 0
      000362 00                     981 	.db #0x00	; 0
      000363 00                     982 	.db #0x00	; 0
      000364 0A                     983 	.db #0x0a	; 10
      000365 3E                     984 	.db #0x3e	; 62
      000366 29                     985 	.db #0x29	; 41
      000367 26                     986 	.db #0x26	; 38
      000368 26                     987 	.db #0x26	; 38
      000369 26                     988 	.db #0x26	; 38
      00036A 29                     989 	.db #0x29	; 41
      00036B 40                     990 	.db #0x40	; 64
      00036C 00                     991 	.db #0x00	; 0
      00036D 00                     992 	.db #0x00	; 0
      00036E 00                     993 	.db #0x00	; 0
      00036F 00                     994 	.db #0x00	; 0
      000370 00                     995 	.db #0x00	; 0
      000371 00                     996 	.db #0x00	; 0
      000372                        997 _door1_right_half_c_bkg:
      000372 00                     998 	.db #0x00	; 0
      000373 00                     999 	.db #0x00	; 0
      000374 00                    1000 	.db #0x00	; 0
      000375 00                    1001 	.db #0x00	; 0
      000376 00                    1002 	.db #0x00	; 0
      000377 00                    1003 	.db #0x00	; 0
      000378 21                    1004 	.db #0x21	; 33
      000379 21                    1005 	.db #0x21	; 33
      00037A 21                    1006 	.db #0x21	; 33
      00037B 21                    1007 	.db #0x21	; 33
      00037C 21                    1008 	.db #0x21	; 33
      00037D 22                    1009 	.db #0x22	; 34
      00037E 3D                    1010 	.db #0x3d	; 61
      00037F 22                    1011 	.db #0x22	; 34
      000380 00                    1012 	.db #0x00	; 0
      000381 00                    1013 	.db #0x00	; 0
      000382 00                    1014 	.db #0x00	; 0
      000383 07                    1015 	.db #0x07	; 7
      000384 3F                    1016 	.db #0x3f	; 63
      000385 07                    1017 	.db #0x07	; 7
      000386 00                    1018 	.db #0x00	; 0
      000387 00                    1019 	.db #0x00	; 0
      000388 00                    1020 	.db #0x00	; 0
      000389 07                    1021 	.db #0x07	; 7
      00038A 3F                    1022 	.db #0x3f	; 63
      00038B 07                    1023 	.db #0x07	; 7
      00038C 00                    1024 	.db #0x00	; 0
      00038D 00                    1025 	.db #0x00	; 0
      00038E 00                    1026 	.db #0x00	; 0
      00038F 07                    1027 	.db #0x07	; 7
      000390 3F                    1028 	.db #0x3f	; 63
      000391 07                    1029 	.db #0x07	; 7
      000392 00                    1030 	.db #0x00	; 0
      000393 00                    1031 	.db #0x00	; 0
      000394 00                    1032 	.db #0x00	; 0
      000395 07                    1033 	.db #0x07	; 7
      000396 3F                    1034 	.db #0x3f	; 63
      000397 07                    1035 	.db #0x07	; 7
      000398 00                    1036 	.db #0x00	; 0
      000399 00                    1037 	.db #0x00	; 0
      00039A 00                    1038 	.db #0x00	; 0
      00039B 07                    1039 	.db #0x07	; 7
      00039C 41                    1040 	.db #0x41	; 65	'A'
      00039D 27                    1041 	.db #0x27	; 39
      00039E 26                    1042 	.db #0x26	; 38
      00039F 26                    1043 	.db #0x26	; 38
      0003A0 26                    1044 	.db #0x26	; 38
      0003A1 27                    1045 	.db #0x27	; 39
      0003A2 00                    1046 	.db #0x00	; 0
      0003A3 00                    1047 	.db #0x00	; 0
      0003A4 00                    1048 	.db #0x00	; 0
      0003A5 00                    1049 	.db #0x00	; 0
      0003A6 00                    1050 	.db #0x00	; 0
      0003A7 00                    1051 	.db #0x00	; 0
      0003A8                       1052 _wall1_half_bkg:
      0003A8 00                    1053 	.db #0x00	; 0
      0003A9 00                    1054 	.db #0x00	; 0
      0003AA 00                    1055 	.db #0x00	; 0
      0003AB 00                    1056 	.db #0x00	; 0
      0003AC 00                    1057 	.db #0x00	; 0
      0003AD 00                    1058 	.db #0x00	; 0
      0003AE 21                    1059 	.db #0x21	; 33
      0003AF 21                    1060 	.db #0x21	; 33
      0003B0 21                    1061 	.db #0x21	; 33
      0003B1 21                    1062 	.db #0x21	; 33
      0003B2 21                    1063 	.db #0x21	; 33
      0003B3 21                    1064 	.db #0x21	; 33
      0003B4 00                    1065 	.db #0x00	; 0
      0003B5 00                    1066 	.db #0x00	; 0
      0003B6 00                    1067 	.db #0x00	; 0
      0003B7 00                    1068 	.db #0x00	; 0
      0003B8 00                    1069 	.db #0x00	; 0
      0003B9 00                    1070 	.db #0x00	; 0
      0003BA 00                    1071 	.db #0x00	; 0
      0003BB 00                    1072 	.db #0x00	; 0
      0003BC 00                    1073 	.db #0x00	; 0
      0003BD 00                    1074 	.db #0x00	; 0
      0003BE 00                    1075 	.db #0x00	; 0
      0003BF 00                    1076 	.db #0x00	; 0
      0003C0 00                    1077 	.db #0x00	; 0
      0003C1 00                    1078 	.db #0x00	; 0
      0003C2 00                    1079 	.db #0x00	; 0
      0003C3 00                    1080 	.db #0x00	; 0
      0003C4 00                    1081 	.db #0x00	; 0
      0003C5 00                    1082 	.db #0x00	; 0
      0003C6 00                    1083 	.db #0x00	; 0
      0003C7 00                    1084 	.db #0x00	; 0
      0003C8 00                    1085 	.db #0x00	; 0
      0003C9 00                    1086 	.db #0x00	; 0
      0003CA 00                    1087 	.db #0x00	; 0
      0003CB 00                    1088 	.db #0x00	; 0
      0003CC 00                    1089 	.db #0x00	; 0
      0003CD 00                    1090 	.db #0x00	; 0
      0003CE 00                    1091 	.db #0x00	; 0
      0003CF 00                    1092 	.db #0x00	; 0
      0003D0 00                    1093 	.db #0x00	; 0
      0003D1 00                    1094 	.db #0x00	; 0
      0003D2 26                    1095 	.db #0x26	; 38
      0003D3 26                    1096 	.db #0x26	; 38
      0003D4 26                    1097 	.db #0x26	; 38
      0003D5 26                    1098 	.db #0x26	; 38
      0003D6 26                    1099 	.db #0x26	; 38
      0003D7 26                    1100 	.db #0x26	; 38
      0003D8 00                    1101 	.db #0x00	; 0
      0003D9 00                    1102 	.db #0x00	; 0
      0003DA 00                    1103 	.db #0x00	; 0
      0003DB 00                    1104 	.db #0x00	; 0
      0003DC 00                    1105 	.db #0x00	; 0
      0003DD 00                    1106 	.db #0x00	; 0
      0003DE                       1107 _door1_left_half_bkg:
      0003DE 00                    1108 	.db #0x00	; 0
      0003DF 00                    1109 	.db #0x00	; 0
      0003E0 00                    1110 	.db #0x00	; 0
      0003E1 00                    1111 	.db #0x00	; 0
      0003E2 00                    1112 	.db #0x00	; 0
      0003E3 00                    1113 	.db #0x00	; 0
      0003E4 21                    1114 	.db #0x21	; 33
      0003E5 21                    1115 	.db #0x21	; 33
      0003E6 21                    1116 	.db #0x21	; 33
      0003E7 21                    1117 	.db #0x21	; 33
      0003E8 21                    1118 	.db #0x21	; 33
      0003E9 21                    1119 	.db #0x21	; 33
      0003EA 00                    1120 	.db #0x00	; 0
      0003EB 00                    1121 	.db #0x00	; 0
      0003EC 00                    1122 	.db #0x00	; 0
      0003ED 00                    1123 	.db #0x00	; 0
      0003EE 23                    1124 	.db #0x23	; 35
      0003EF 3C                    1125 	.db #0x3c	; 60
      0003F0 00                    1126 	.db #0x00	; 0
      0003F1 00                    1127 	.db #0x00	; 0
      0003F2 00                    1128 	.db #0x00	; 0
      0003F3 00                    1129 	.db #0x00	; 0
      0003F4 0A                    1130 	.db #0x0a	; 10
      0003F5 3E                    1131 	.db #0x3e	; 62
      0003F6 00                    1132 	.db #0x00	; 0
      0003F7 00                    1133 	.db #0x00	; 0
      0003F8 00                    1134 	.db #0x00	; 0
      0003F9 00                    1135 	.db #0x00	; 0
      0003FA 0A                    1136 	.db #0x0a	; 10
      0003FB 3E                    1137 	.db #0x3e	; 62
      0003FC 00                    1138 	.db #0x00	; 0
      0003FD 00                    1139 	.db #0x00	; 0
      0003FE 00                    1140 	.db #0x00	; 0
      0003FF 00                    1141 	.db #0x00	; 0
      000400 0A                    1142 	.db #0x0a	; 10
      000401 3E                    1143 	.db #0x3e	; 62
      000402 00                    1144 	.db #0x00	; 0
      000403 00                    1145 	.db #0x00	; 0
      000404 00                    1146 	.db #0x00	; 0
      000405 00                    1147 	.db #0x00	; 0
      000406 0A                    1148 	.db #0x0a	; 10
      000407 3E                    1149 	.db #0x3e	; 62
      000408 26                    1150 	.db #0x26	; 38
      000409 26                    1151 	.db #0x26	; 38
      00040A 26                    1152 	.db #0x26	; 38
      00040B 26                    1153 	.db #0x26	; 38
      00040C 29                    1154 	.db #0x29	; 41
      00040D 40                    1155 	.db #0x40	; 64
      00040E 00                    1156 	.db #0x00	; 0
      00040F 00                    1157 	.db #0x00	; 0
      000410 00                    1158 	.db #0x00	; 0
      000411 00                    1159 	.db #0x00	; 0
      000412 00                    1160 	.db #0x00	; 0
      000413 00                    1161 	.db #0x00	; 0
      000414                       1162 _door1_right_half_bkg:
      000414 00                    1163 	.db #0x00	; 0
      000415 00                    1164 	.db #0x00	; 0
      000416 00                    1165 	.db #0x00	; 0
      000417 00                    1166 	.db #0x00	; 0
      000418 00                    1167 	.db #0x00	; 0
      000419 00                    1168 	.db #0x00	; 0
      00041A 21                    1169 	.db #0x21	; 33
      00041B 21                    1170 	.db #0x21	; 33
      00041C 21                    1171 	.db #0x21	; 33
      00041D 21                    1172 	.db #0x21	; 33
      00041E 21                    1173 	.db #0x21	; 33
      00041F 21                    1174 	.db #0x21	; 33
      000420 3D                    1175 	.db #0x3d	; 61
      000421 22                    1176 	.db #0x22	; 34
      000422 00                    1177 	.db #0x00	; 0
      000423 00                    1178 	.db #0x00	; 0
      000424 00                    1179 	.db #0x00	; 0
      000425 00                    1180 	.db #0x00	; 0
      000426 3F                    1181 	.db #0x3f	; 63
      000427 07                    1182 	.db #0x07	; 7
      000428 00                    1183 	.db #0x00	; 0
      000429 00                    1184 	.db #0x00	; 0
      00042A 00                    1185 	.db #0x00	; 0
      00042B 00                    1186 	.db #0x00	; 0
      00042C 3F                    1187 	.db #0x3f	; 63
      00042D 07                    1188 	.db #0x07	; 7
      00042E 00                    1189 	.db #0x00	; 0
      00042F 00                    1190 	.db #0x00	; 0
      000430 00                    1191 	.db #0x00	; 0
      000431 00                    1192 	.db #0x00	; 0
      000432 3F                    1193 	.db #0x3f	; 63
      000433 07                    1194 	.db #0x07	; 7
      000434 00                    1195 	.db #0x00	; 0
      000435 00                    1196 	.db #0x00	; 0
      000436 00                    1197 	.db #0x00	; 0
      000437 00                    1198 	.db #0x00	; 0
      000438 3F                    1199 	.db #0x3f	; 63
      000439 07                    1200 	.db #0x07	; 7
      00043A 00                    1201 	.db #0x00	; 0
      00043B 00                    1202 	.db #0x00	; 0
      00043C 00                    1203 	.db #0x00	; 0
      00043D 00                    1204 	.db #0x00	; 0
      00043E 41                    1205 	.db #0x41	; 65	'A'
      00043F 27                    1206 	.db #0x27	; 39
      000440 26                    1207 	.db #0x26	; 38
      000441 26                    1208 	.db #0x26	; 38
      000442 26                    1209 	.db #0x26	; 38
      000443 26                    1210 	.db #0x26	; 38
      000444 00                    1211 	.db #0x00	; 0
      000445 00                    1212 	.db #0x00	; 0
      000446 00                    1213 	.db #0x00	; 0
      000447 00                    1214 	.db #0x00	; 0
      000448 00                    1215 	.db #0x00	; 0
      000449 00                    1216 	.db #0x00	; 0
      00044A                       1217 _wall2_half_bkg:
      00044A 00                    1218 	.db #0x00	; 0
      00044B 00                    1219 	.db #0x00	; 0
      00044C 00                    1220 	.db #0x00	; 0
      00044D 00                    1221 	.db #0x00	; 0
      00044E 00                    1222 	.db #0x00	; 0
      00044F 00                    1223 	.db #0x00	; 0
      000450 00                    1224 	.db #0x00	; 0
      000451 00                    1225 	.db #0x00	; 0
      000452 21                    1226 	.db #0x21	; 33
      000453 21                    1227 	.db #0x21	; 33
      000454 21                    1228 	.db #0x21	; 33
      000455 21                    1229 	.db #0x21	; 33
      000456 00                    1230 	.db #0x00	; 0
      000457 00                    1231 	.db #0x00	; 0
      000458 00                    1232 	.db #0x00	; 0
      000459 00                    1233 	.db #0x00	; 0
      00045A 00                    1234 	.db #0x00	; 0
      00045B 00                    1235 	.db #0x00	; 0
      00045C 00                    1236 	.db #0x00	; 0
      00045D 00                    1237 	.db #0x00	; 0
      00045E 00                    1238 	.db #0x00	; 0
      00045F 00                    1239 	.db #0x00	; 0
      000460 00                    1240 	.db #0x00	; 0
      000461 00                    1241 	.db #0x00	; 0
      000462 26                    1242 	.db #0x26	; 38
      000463 26                    1243 	.db #0x26	; 38
      000464 26                    1244 	.db #0x26	; 38
      000465 26                    1245 	.db #0x26	; 38
      000466 00                    1246 	.db #0x00	; 0
      000467 00                    1247 	.db #0x00	; 0
      000468 00                    1248 	.db #0x00	; 0
      000469 00                    1249 	.db #0x00	; 0
      00046A 00                    1250 	.db #0x00	; 0
      00046B 00                    1251 	.db #0x00	; 0
      00046C 00                    1252 	.db #0x00	; 0
      00046D 00                    1253 	.db #0x00	; 0
      00046E                       1254 _door2_left_half_bkg:
      00046E 00                    1255 	.db #0x00	; 0
      00046F 00                    1256 	.db #0x00	; 0
      000470 00                    1257 	.db #0x00	; 0
      000471 00                    1258 	.db #0x00	; 0
      000472 00                    1259 	.db #0x00	; 0
      000473 00                    1260 	.db #0x00	; 0
      000474 00                    1261 	.db #0x00	; 0
      000475 00                    1262 	.db #0x00	; 0
      000476 21                    1263 	.db #0x21	; 33
      000477 21                    1264 	.db #0x21	; 33
      000478 21                    1265 	.db #0x21	; 33
      000479 21                    1266 	.db #0x21	; 33
      00047A 00                    1267 	.db #0x00	; 0
      00047B 00                    1268 	.db #0x00	; 0
      00047C 00                    1269 	.db #0x00	; 0
      00047D 42                    1270 	.db #0x42	; 66	'B'
      00047E 00                    1271 	.db #0x00	; 0
      00047F 00                    1272 	.db #0x00	; 0
      000480 00                    1273 	.db #0x00	; 0
      000481 0D                    1274 	.db #0x0d	; 13
      000482 00                    1275 	.db #0x00	; 0
      000483 00                    1276 	.db #0x00	; 0
      000484 00                    1277 	.db #0x00	; 0
      000485 0D                    1278 	.db #0x0d	; 13
      000486 26                    1279 	.db #0x26	; 38
      000487 26                    1280 	.db #0x26	; 38
      000488 26                    1281 	.db #0x26	; 38
      000489 2A                    1282 	.db #0x2a	; 42
      00048A 00                    1283 	.db #0x00	; 0
      00048B 00                    1284 	.db #0x00	; 0
      00048C 00                    1285 	.db #0x00	; 0
      00048D 00                    1286 	.db #0x00	; 0
      00048E 00                    1287 	.db #0x00	; 0
      00048F 00                    1288 	.db #0x00	; 0
      000490 00                    1289 	.db #0x00	; 0
      000491 00                    1290 	.db #0x00	; 0
      000492                       1291 _door2_right_half_bkg:
      000492 00                    1292 	.db #0x00	; 0
      000493 00                    1293 	.db #0x00	; 0
      000494 00                    1294 	.db #0x00	; 0
      000495 00                    1295 	.db #0x00	; 0
      000496 00                    1296 	.db #0x00	; 0
      000497 00                    1297 	.db #0x00	; 0
      000498 00                    1298 	.db #0x00	; 0
      000499 00                    1299 	.db #0x00	; 0
      00049A 21                    1300 	.db #0x21	; 33
      00049B 21                    1301 	.db #0x21	; 33
      00049C 21                    1302 	.db #0x21	; 33
      00049D 21                    1303 	.db #0x21	; 33
      00049E 43                    1304 	.db #0x43	; 67	'C'
      00049F 00                    1305 	.db #0x00	; 0
      0004A0 00                    1306 	.db #0x00	; 0
      0004A1 00                    1307 	.db #0x00	; 0
      0004A2 0E                    1308 	.db #0x0e	; 14
      0004A3 00                    1309 	.db #0x00	; 0
      0004A4 00                    1310 	.db #0x00	; 0
      0004A5 00                    1311 	.db #0x00	; 0
      0004A6 0E                    1312 	.db #0x0e	; 14
      0004A7 00                    1313 	.db #0x00	; 0
      0004A8 00                    1314 	.db #0x00	; 0
      0004A9 00                    1315 	.db #0x00	; 0
      0004AA 28                    1316 	.db #0x28	; 40
      0004AB 26                    1317 	.db #0x26	; 38
      0004AC 26                    1318 	.db #0x26	; 38
      0004AD 26                    1319 	.db #0x26	; 38
      0004AE 00                    1320 	.db #0x00	; 0
      0004AF 00                    1321 	.db #0x00	; 0
      0004B0 00                    1322 	.db #0x00	; 0
      0004B1 00                    1323 	.db #0x00	; 0
      0004B2 00                    1324 	.db #0x00	; 0
      0004B3 00                    1325 	.db #0x00	; 0
      0004B4 00                    1326 	.db #0x00	; 0
      0004B5 00                    1327 	.db #0x00	; 0
      0004B6                       1328 _wall2_left_half_c_bkg:
      0004B6 00                    1329 	.db #0x00	; 0
      0004B7 00                    1330 	.db #0x00	; 0
      0004B8 00                    1331 	.db #0x00	; 0
      0004B9 00                    1332 	.db #0x00	; 0
      0004BA 00                    1333 	.db #0x00	; 0
      0004BB 00                    1334 	.db #0x00	; 0
      0004BC 00                    1335 	.db #0x00	; 0
      0004BD 00                    1336 	.db #0x00	; 0
      0004BE 23                    1337 	.db #0x23	; 35
      0004BF 21                    1338 	.db #0x21	; 33
      0004C0 21                    1339 	.db #0x21	; 33
      0004C1 21                    1340 	.db #0x21	; 33
      0004C2 0A                    1341 	.db #0x0a	; 10
      0004C3 00                    1342 	.db #0x00	; 0
      0004C4 00                    1343 	.db #0x00	; 0
      0004C5 00                    1344 	.db #0x00	; 0
      0004C6 0A                    1345 	.db #0x0a	; 10
      0004C7 00                    1346 	.db #0x00	; 0
      0004C8 00                    1347 	.db #0x00	; 0
      0004C9 00                    1348 	.db #0x00	; 0
      0004CA 0A                    1349 	.db #0x0a	; 10
      0004CB 00                    1350 	.db #0x00	; 0
      0004CC 00                    1351 	.db #0x00	; 0
      0004CD 00                    1352 	.db #0x00	; 0
      0004CE 29                    1353 	.db #0x29	; 41
      0004CF 26                    1354 	.db #0x26	; 38
      0004D0 26                    1355 	.db #0x26	; 38
      0004D1 26                    1356 	.db #0x26	; 38
      0004D2 00                    1357 	.db #0x00	; 0
      0004D3 00                    1358 	.db #0x00	; 0
      0004D4 00                    1359 	.db #0x00	; 0
      0004D5 00                    1360 	.db #0x00	; 0
      0004D6 00                    1361 	.db #0x00	; 0
      0004D7 00                    1362 	.db #0x00	; 0
      0004D8 00                    1363 	.db #0x00	; 0
      0004D9 00                    1364 	.db #0x00	; 0
      0004DA                       1365 _wall2_right_half_c_bkg:
      0004DA 00                    1366 	.db #0x00	; 0
      0004DB 00                    1367 	.db #0x00	; 0
      0004DC 00                    1368 	.db #0x00	; 0
      0004DD 00                    1369 	.db #0x00	; 0
      0004DE 00                    1370 	.db #0x00	; 0
      0004DF 00                    1371 	.db #0x00	; 0
      0004E0 00                    1372 	.db #0x00	; 0
      0004E1 00                    1373 	.db #0x00	; 0
      0004E2 21                    1374 	.db #0x21	; 33
      0004E3 21                    1375 	.db #0x21	; 33
      0004E4 21                    1376 	.db #0x21	; 33
      0004E5 22                    1377 	.db #0x22	; 34
      0004E6 00                    1378 	.db #0x00	; 0
      0004E7 00                    1379 	.db #0x00	; 0
      0004E8 00                    1380 	.db #0x00	; 0
      0004E9 07                    1381 	.db #0x07	; 7
      0004EA 00                    1382 	.db #0x00	; 0
      0004EB 00                    1383 	.db #0x00	; 0
      0004EC 00                    1384 	.db #0x00	; 0
      0004ED 07                    1385 	.db #0x07	; 7
      0004EE 00                    1386 	.db #0x00	; 0
      0004EF 00                    1387 	.db #0x00	; 0
      0004F0 00                    1388 	.db #0x00	; 0
      0004F1 07                    1389 	.db #0x07	; 7
      0004F2 26                    1390 	.db #0x26	; 38
      0004F3 26                    1391 	.db #0x26	; 38
      0004F4 26                    1392 	.db #0x26	; 38
      0004F5 27                    1393 	.db #0x27	; 39
      0004F6 00                    1394 	.db #0x00	; 0
      0004F7 00                    1395 	.db #0x00	; 0
      0004F8 00                    1396 	.db #0x00	; 0
      0004F9 00                    1397 	.db #0x00	; 0
      0004FA 00                    1398 	.db #0x00	; 0
      0004FB 00                    1399 	.db #0x00	; 0
      0004FC 00                    1400 	.db #0x00	; 0
      0004FD 00                    1401 	.db #0x00	; 0
      0004FE                       1402 _door2_left_half_c_bkg:
      0004FE 00                    1403 	.db #0x00	; 0
      0004FF 00                    1404 	.db #0x00	; 0
      000500 00                    1405 	.db #0x00	; 0
      000501 00                    1406 	.db #0x00	; 0
      000502 00                    1407 	.db #0x00	; 0
      000503 00                    1408 	.db #0x00	; 0
      000504 00                    1409 	.db #0x00	; 0
      000505 00                    1410 	.db #0x00	; 0
      000506 23                    1411 	.db #0x23	; 35
      000507 21                    1412 	.db #0x21	; 33
      000508 21                    1413 	.db #0x21	; 33
      000509 21                    1414 	.db #0x21	; 33
      00050A 0A                    1415 	.db #0x0a	; 10
      00050B 00                    1416 	.db #0x00	; 0
      00050C 00                    1417 	.db #0x00	; 0
      00050D 42                    1418 	.db #0x42	; 66	'B'
      00050E 0A                    1419 	.db #0x0a	; 10
      00050F 00                    1420 	.db #0x00	; 0
      000510 00                    1421 	.db #0x00	; 0
      000511 0D                    1422 	.db #0x0d	; 13
      000512 0A                    1423 	.db #0x0a	; 10
      000513 00                    1424 	.db #0x00	; 0
      000514 00                    1425 	.db #0x00	; 0
      000515 0D                    1426 	.db #0x0d	; 13
      000516 29                    1427 	.db #0x29	; 41
      000517 26                    1428 	.db #0x26	; 38
      000518 26                    1429 	.db #0x26	; 38
      000519 2A                    1430 	.db #0x2a	; 42
      00051A 00                    1431 	.db #0x00	; 0
      00051B 00                    1432 	.db #0x00	; 0
      00051C 00                    1433 	.db #0x00	; 0
      00051D 00                    1434 	.db #0x00	; 0
      00051E 00                    1435 	.db #0x00	; 0
      00051F 00                    1436 	.db #0x00	; 0
      000520 00                    1437 	.db #0x00	; 0
      000521 00                    1438 	.db #0x00	; 0
      000522                       1439 _door2_right_half_c_bkg:
      000522 00                    1440 	.db #0x00	; 0
      000523 00                    1441 	.db #0x00	; 0
      000524 00                    1442 	.db #0x00	; 0
      000525 00                    1443 	.db #0x00	; 0
      000526 00                    1444 	.db #0x00	; 0
      000527 00                    1445 	.db #0x00	; 0
      000528 00                    1446 	.db #0x00	; 0
      000529 00                    1447 	.db #0x00	; 0
      00052A 21                    1448 	.db #0x21	; 33
      00052B 21                    1449 	.db #0x21	; 33
      00052C 21                    1450 	.db #0x21	; 33
      00052D 22                    1451 	.db #0x22	; 34
      00052E 43                    1452 	.db #0x43	; 67	'C'
      00052F 00                    1453 	.db #0x00	; 0
      000530 00                    1454 	.db #0x00	; 0
      000531 07                    1455 	.db #0x07	; 7
      000532 0E                    1456 	.db #0x0e	; 14
      000533 00                    1457 	.db #0x00	; 0
      000534 00                    1458 	.db #0x00	; 0
      000535 07                    1459 	.db #0x07	; 7
      000536 0E                    1460 	.db #0x0e	; 14
      000537 00                    1461 	.db #0x00	; 0
      000538 00                    1462 	.db #0x00	; 0
      000539 07                    1463 	.db #0x07	; 7
      00053A 28                    1464 	.db #0x28	; 40
      00053B 26                    1465 	.db #0x26	; 38
      00053C 26                    1466 	.db #0x26	; 38
      00053D 27                    1467 	.db #0x27	; 39
      00053E 00                    1468 	.db #0x00	; 0
      00053F 00                    1469 	.db #0x00	; 0
      000540 00                    1470 	.db #0x00	; 0
      000541 00                    1471 	.db #0x00	; 0
      000542 00                    1472 	.db #0x00	; 0
      000543 00                    1473 	.db #0x00	; 0
      000544 00                    1474 	.db #0x00	; 0
      000545 00                    1475 	.db #0x00	; 0
      000546                       1476 _wall3_half_bkg:
      000546 00                    1477 	.db #0x00	; 0
      000547 00                    1478 	.db #0x00	; 0
      000548 00                    1479 	.db #0x00	; 0
      000549 00                    1480 	.db #0x00	; 0
      00054A 00                    1481 	.db #0x00	; 0
      00054B 00                    1482 	.db #0x00	; 0
      00054C 00                    1483 	.db #0x00	; 0
      00054D 00                    1484 	.db #0x00	; 0
      00054E 00                    1485 	.db #0x00	; 0
      00054F 33                    1486 	.db #0x33	; 51	'3'
      000550 33                    1487 	.db #0x33	; 51	'3'
      000551 33                    1488 	.db #0x33	; 51	'3'
      000552 00                    1489 	.db #0x00	; 0
      000553 00                    1490 	.db #0x00	; 0
      000554 00                    1491 	.db #0x00	; 0
      000555 38                    1492 	.db #0x38	; 56	'8'
      000556 38                    1493 	.db #0x38	; 56	'8'
      000557 38                    1494 	.db #0x38	; 56	'8'
      000558 00                    1495 	.db #0x00	; 0
      000559 00                    1496 	.db #0x00	; 0
      00055A 00                    1497 	.db #0x00	; 0
      00055B 00                    1498 	.db #0x00	; 0
      00055C 00                    1499 	.db #0x00	; 0
      00055D 00                    1500 	.db #0x00	; 0
      00055E 00                    1501 	.db #0x00	; 0
      00055F 00                    1502 	.db #0x00	; 0
      000560 00                    1503 	.db #0x00	; 0
      000561                       1504 _door3_left_half_bkg:
      000561 00                    1505 	.db #0x00	; 0
      000562 00                    1506 	.db #0x00	; 0
      000563 00                    1507 	.db #0x00	; 0
      000564 00                    1508 	.db #0x00	; 0
      000565 00                    1509 	.db #0x00	; 0
      000566 00                    1510 	.db #0x00	; 0
      000567 00                    1511 	.db #0x00	; 0
      000568 00                    1512 	.db #0x00	; 0
      000569 00                    1513 	.db #0x00	; 0
      00056A 33                    1514 	.db #0x33	; 51	'3'
      00056B 33                    1515 	.db #0x33	; 51	'3'
      00056C 33                    1516 	.db #0x33	; 51	'3'
      00056D 00                    1517 	.db #0x00	; 0
      00056E 00                    1518 	.db #0x00	; 0
      00056F 48                    1519 	.db #0x48	; 72	'H'
      000570 38                    1520 	.db #0x38	; 56	'8'
      000571 38                    1521 	.db #0x38	; 56	'8'
      000572 46                    1522 	.db #0x46	; 70	'F'
      000573 00                    1523 	.db #0x00	; 0
      000574 00                    1524 	.db #0x00	; 0
      000575 00                    1525 	.db #0x00	; 0
      000576 00                    1526 	.db #0x00	; 0
      000577 00                    1527 	.db #0x00	; 0
      000578 00                    1528 	.db #0x00	; 0
      000579 00                    1529 	.db #0x00	; 0
      00057A 00                    1530 	.db #0x00	; 0
      00057B 00                    1531 	.db #0x00	; 0
      00057C                       1532 _wall3_left_half_c_bkg:
      00057C 00                    1533 	.db #0x00	; 0
      00057D 00                    1534 	.db #0x00	; 0
      00057E 00                    1535 	.db #0x00	; 0
      00057F 00                    1536 	.db #0x00	; 0
      000580 00                    1537 	.db #0x00	; 0
      000581 00                    1538 	.db #0x00	; 0
      000582 00                    1539 	.db #0x00	; 0
      000583 00                    1540 	.db #0x00	; 0
      000584 00                    1541 	.db #0x00	; 0
      000585 36                    1542 	.db #0x36	; 54	'6'
      000586 33                    1543 	.db #0x33	; 51	'3'
      000587 33                    1544 	.db #0x33	; 51	'3'
      000588 0A                    1545 	.db #0x0a	; 10
      000589 00                    1546 	.db #0x00	; 0
      00058A 00                    1547 	.db #0x00	; 0
      00058B 3B                    1548 	.db #0x3b	; 59
      00058C 38                    1549 	.db #0x38	; 56	'8'
      00058D 38                    1550 	.db #0x38	; 56	'8'
      00058E 00                    1551 	.db #0x00	; 0
      00058F 00                    1552 	.db #0x00	; 0
      000590 00                    1553 	.db #0x00	; 0
      000591 00                    1554 	.db #0x00	; 0
      000592 00                    1555 	.db #0x00	; 0
      000593 00                    1556 	.db #0x00	; 0
      000594 00                    1557 	.db #0x00	; 0
      000595 00                    1558 	.db #0x00	; 0
      000596 00                    1559 	.db #0x00	; 0
      000597                       1560 _door3_left_half_c_bkg:
      000597 00                    1561 	.db #0x00	; 0
      000598 00                    1562 	.db #0x00	; 0
      000599 00                    1563 	.db #0x00	; 0
      00059A 00                    1564 	.db #0x00	; 0
      00059B 00                    1565 	.db #0x00	; 0
      00059C 00                    1566 	.db #0x00	; 0
      00059D 00                    1567 	.db #0x00	; 0
      00059E 00                    1568 	.db #0x00	; 0
      00059F 00                    1569 	.db #0x00	; 0
      0005A0 36                    1570 	.db #0x36	; 54	'6'
      0005A1 33                    1571 	.db #0x33	; 51	'3'
      0005A2 33                    1572 	.db #0x33	; 51	'3'
      0005A3 0A                    1573 	.db #0x0a	; 10
      0005A4 00                    1574 	.db #0x00	; 0
      0005A5 48                    1575 	.db #0x48	; 72	'H'
      0005A6 3B                    1576 	.db #0x3b	; 59
      0005A7 38                    1577 	.db #0x38	; 56	'8'
      0005A8 46                    1578 	.db #0x46	; 70	'F'
      0005A9 00                    1579 	.db #0x00	; 0
      0005AA 00                    1580 	.db #0x00	; 0
      0005AB 00                    1581 	.db #0x00	; 0
      0005AC 00                    1582 	.db #0x00	; 0
      0005AD 00                    1583 	.db #0x00	; 0
      0005AE 00                    1584 	.db #0x00	; 0
      0005AF 00                    1585 	.db #0x00	; 0
      0005B0 00                    1586 	.db #0x00	; 0
      0005B1 00                    1587 	.db #0x00	; 0
      0005B2                       1588 _door3_right_half_bkg:
      0005B2 00                    1589 	.db #0x00	; 0
      0005B3 00                    1590 	.db #0x00	; 0
      0005B4 00                    1591 	.db #0x00	; 0
      0005B5 00                    1592 	.db #0x00	; 0
      0005B6 00                    1593 	.db #0x00	; 0
      0005B7 00                    1594 	.db #0x00	; 0
      0005B8 00                    1595 	.db #0x00	; 0
      0005B9 00                    1596 	.db #0x00	; 0
      0005BA 00                    1597 	.db #0x00	; 0
      0005BB 33                    1598 	.db #0x33	; 51	'3'
      0005BC 33                    1599 	.db #0x33	; 51	'3'
      0005BD 33                    1600 	.db #0x33	; 51	'3'
      0005BE 49                    1601 	.db #0x49	; 73	'I'
      0005BF 00                    1602 	.db #0x00	; 0
      0005C0 00                    1603 	.db #0x00	; 0
      0005C1 47                    1604 	.db #0x47	; 71	'G'
      0005C2 38                    1605 	.db #0x38	; 56	'8'
      0005C3 38                    1606 	.db #0x38	; 56	'8'
      0005C4 00                    1607 	.db #0x00	; 0
      0005C5 00                    1608 	.db #0x00	; 0
      0005C6 00                    1609 	.db #0x00	; 0
      0005C7 00                    1610 	.db #0x00	; 0
      0005C8 00                    1611 	.db #0x00	; 0
      0005C9 00                    1612 	.db #0x00	; 0
      0005CA 00                    1613 	.db #0x00	; 0
      0005CB 00                    1614 	.db #0x00	; 0
      0005CC 00                    1615 	.db #0x00	; 0
      0005CD                       1616 _wall3_right_half_c_bkg:
      0005CD 00                    1617 	.db #0x00	; 0
      0005CE 00                    1618 	.db #0x00	; 0
      0005CF 00                    1619 	.db #0x00	; 0
      0005D0 00                    1620 	.db #0x00	; 0
      0005D1 00                    1621 	.db #0x00	; 0
      0005D2 00                    1622 	.db #0x00	; 0
      0005D3 00                    1623 	.db #0x00	; 0
      0005D4 00                    1624 	.db #0x00	; 0
      0005D5 00                    1625 	.db #0x00	; 0
      0005D6 33                    1626 	.db #0x33	; 51	'3'
      0005D7 33                    1627 	.db #0x33	; 51	'3'
      0005D8 34                    1628 	.db #0x34	; 52	'4'
      0005D9 00                    1629 	.db #0x00	; 0
      0005DA 00                    1630 	.db #0x00	; 0
      0005DB 07                    1631 	.db #0x07	; 7
      0005DC 38                    1632 	.db #0x38	; 56	'8'
      0005DD 38                    1633 	.db #0x38	; 56	'8'
      0005DE 39                    1634 	.db #0x39	; 57	'9'
      0005DF 00                    1635 	.db #0x00	; 0
      0005E0 00                    1636 	.db #0x00	; 0
      0005E1 00                    1637 	.db #0x00	; 0
      0005E2 00                    1638 	.db #0x00	; 0
      0005E3 00                    1639 	.db #0x00	; 0
      0005E4 00                    1640 	.db #0x00	; 0
      0005E5 00                    1641 	.db #0x00	; 0
      0005E6 00                    1642 	.db #0x00	; 0
      0005E7 00                    1643 	.db #0x00	; 0
      0005E8                       1644 _door3_right_half_c_bkg:
      0005E8 00                    1645 	.db #0x00	; 0
      0005E9 00                    1646 	.db #0x00	; 0
      0005EA 00                    1647 	.db #0x00	; 0
      0005EB 00                    1648 	.db #0x00	; 0
      0005EC 00                    1649 	.db #0x00	; 0
      0005ED 00                    1650 	.db #0x00	; 0
      0005EE 00                    1651 	.db #0x00	; 0
      0005EF 00                    1652 	.db #0x00	; 0
      0005F0 00                    1653 	.db #0x00	; 0
      0005F1 33                    1654 	.db #0x33	; 51	'3'
      0005F2 33                    1655 	.db #0x33	; 51	'3'
      0005F3 34                    1656 	.db #0x34	; 52	'4'
      0005F4 49                    1657 	.db #0x49	; 73	'I'
      0005F5 00                    1658 	.db #0x00	; 0
      0005F6 07                    1659 	.db #0x07	; 7
      0005F7 47                    1660 	.db #0x47	; 71	'G'
      0005F8 38                    1661 	.db #0x38	; 56	'8'
      0005F9 39                    1662 	.db #0x39	; 57	'9'
      0005FA 00                    1663 	.db #0x00	; 0
      0005FB 00                    1664 	.db #0x00	; 0
      0005FC 00                    1665 	.db #0x00	; 0
      0005FD 00                    1666 	.db #0x00	; 0
      0005FE 00                    1667 	.db #0x00	; 0
      0005FF 00                    1668 	.db #0x00	; 0
      000600 00                    1669 	.db #0x00	; 0
      000601 00                    1670 	.db #0x00	; 0
      000602 00                    1671 	.db #0x00	; 0
                                   1672 	.area _INITIALIZER
                                   1673 	.area _CABS (ABS)
